DEBUG:root:Fetch op op2 
DEBUG:root:op op2 CPU and GPU latency: 0.000000 6.000000 
DEBUG:root:op op2 CPU and GPU latency: 6.000000 10.000000 
DEBUG:root:Fetch op op4 
DEBUG:root:op op4 CPU and GPU latency: 12.000000 6.000000 
DEBUG:root:op op4 CPU and GPU latency: 5.000000 7.000000 
DEBUG:root:Fetch op op5 
DEBUG:root:op op5 CPU and GPU latency: 17.000000 6.000000 
DEBUG:root:op op5 CPU and GPU latency: 5.000000 7.000000 
DEBUG:root:Fetch op op3 
DEBUG:root:op op3 CPU and GPU latency: 17.000000 19.000000 
DEBUG:root:op op3 CPU and GPU latency: 10.000000 7.000000 
DEBUG:root:Fetch op op7 
DEBUG:root:op op7 CPU and GPU latency: 17.000000 26.000000 
DEBUG:root:op op7 CPU and GPU latency: 15.000000 6.500000 
DEBUG:root:Fetch op op6 
DEBUG:root:op op6 CPU and GPU latency: 32.000000 26.000000 
DEBUG:root:op op6 CPU and GPU latency: 6.000000 15.000000 
DEBUG:root:Fetch op op8 
DEBUG:root:op op8 CPU and GPU latency: 38.000000 26.000000 
DEBUG:root:op op8 CPU and GPU latency: 2.000000 2.000000 
DEBUG:root:Fetch op op2 
DEBUG:root:op op2 CPU and GPU endpoint: 0.000000 6.000000 
DEBUG:root:op op2 CPU and GPU latency: 6.000000 10.000000 
DEBUG:root:Fetch op op3 
DEBUG:root:Fetch op op2 
DEBUG:root:op op2 CPU and GPU endpoint: 0.000000 6.000000 
DEBUG:root:op op2 CPU and GPU latency: 6.000000 10.000000 
DEBUG:root:Fetch op op4 
DEBUG:root:Fetch op op2 
DEBUG:root:op op2 CPU and GPU endpoint: 0.000000 6.000000 
DEBUG:root:op op2 CPU and GPU latency: 6.000000 10.000000 
DEBUG:root:Fetch op op3 
DEBUG:root:op op3 CPU and GPU endpoint: 12.000000 6.000000 
DEBUG:root:op op3 CPU and GPU latency: 10.000000 7.000000 
DEBUG:root:Fetch op op4 
DEBUG:root:op op4 CPU and GPU endpoint: 12.000000 19.000000 
DEBUG:root:op op4 CPU and GPU latency: 5.000000 7.000000 
DEBUG:root:Fetch op op5 
DEBUG:root:op op5 CPU and GPU endpoint: 17.000000 19.000000 
DEBUG:root:op op5 CPU and GPU latency: 5.000000 7.000000 
DEBUG:root:Fetch op op7 
DEBUG:root:op op7 CPU and GPU endpoint: 22.000000 19.000000 
DEBUG:root:op op7 CPU and GPU latency: 15.000000 6.500000 
DEBUG:root:Fetch op op6 
DEBUG:root:op op6 CPU and GPU endpoint: 22.000000 25.500000 
DEBUG:root:op op6 CPU and GPU latency: 6.000000 15.000000 
DEBUG:root:Fetch op op8 
DEBUG:root:op op8 CPU and GPU endpoint: 28.000000 25.500000 
DEBUG:root:op op8 CPU and GPU latency: 1.500000 2.500000 
DEBUG:root:Fetch op op2 
DEBUG:root:op op2 CPU and GPU endpoint: 0.000000 6.000000 
DEBUG:root:op op2 CPU and GPU latency: 6.000000 10.000000 
DEBUG:root:Fetch op op4 
DEBUG:root:op op4 CPU and GPU endpoint: 12.000000 6.000000 
DEBUG:root:op op4 CPU and GPU latency: 5.000000 7.000000 
DEBUG:root:Fetch op op5 
DEBUG:root:op op5 CPU and GPU endpoint: 17.000000 6.000000 
DEBUG:root:op op5 CPU and GPU latency: 5.000000 7.000000 
DEBUG:root:Fetch op op3 
DEBUG:root:op op3 CPU and GPU endpoint: 17.000000 19.000000 
DEBUG:root:op op3 CPU and GPU latency: 10.000000 7.000000 
DEBUG:root:Fetch op op7 
DEBUG:root:op op7 CPU and GPU endpoint: 17.000000 26.000000 
DEBUG:root:op op7 CPU and GPU latency: 15.000000 6.500000 
DEBUG:root:Fetch op op6 
DEBUG:root:op op6 CPU and GPU endpoint: 32.000000 26.000000 
DEBUG:root:op op6 CPU and GPU latency: 6.000000 15.000000 
DEBUG:root:Fetch op op8 
DEBUG:root:op op8 CPU and GPU endpoint: 38.000000 26.000000 
DEBUG:root:op op8 CPU and GPU latency: 2.000000 2.000000 
DEBUG:root:Fetch op op2 
DEBUG:root:op op2 CPU and GPU endpoint: 0.000000 6.000000 
DEBUG:root:op op2 CPU and GPU latency: 6.000000 10.000000 
DEBUG:root:Fetch op op3 
DEBUG:root:op op3 CPU and GPU endpoint: 12.000000 6.000000 
DEBUG:root:op op3 CPU and GPU latency: 10.000000 7.000000 
DEBUG:root:Fetch op op4 
DEBUG:root:op op4 CPU and GPU endpoint: 12.000000 19.000000 
DEBUG:root:op op4 CPU and GPU latency: 5.000000 7.000000 
DEBUG:root:Fetch op op5 
DEBUG:root:op op5 CPU and GPU endpoint: 17.000000 19.000000 
DEBUG:root:op op5 CPU and GPU latency: 5.000000 7.000000 
DEBUG:root:Fetch op op7 
DEBUG:root:op op7 CPU and GPU endpoint: 22.000000 19.000000 
DEBUG:root:op op7 CPU and GPU latency: 15.000000 6.500000 
DEBUG:root:Fetch op op6 
DEBUG:root:op op6 CPU and GPU endpoint: 22.000000 25.500000 
DEBUG:root:op op6 CPU and GPU latency: 6.000000 15.000000 
DEBUG:root:Fetch op op8 
DEBUG:root:op op8 CPU and GPU endpoint: 28.000000 25.500000 
DEBUG:root:op op8 CPU and GPU latency: 1.500000 2.500000 
DEBUG:root:Fetch op f5596247 
DEBUG:root:op f5596247 CPU and GPU endpoint: 0.000000 8.819000 
DEBUG:root:op f5596247 CPU and GPU latency: 73.955002 30.591000 
DEBUG:root:Fetch op db8899a9 
DEBUG:root:op db8899a9 CPU and GPU endpoint: 0.000000 39.409999 
DEBUG:root:op db8899a9 CPU and GPU latency: 140.817002 61.090000 
DEBUG:root:Fetch op ea49472c 
DEBUG:root:op ea49472c CPU and GPU endpoint: 0.000000 100.500000 
DEBUG:root:op ea49472c CPU and GPU latency: 30.116000 1.377000 
DEBUG:root:Fetch op e1ede951 
DEBUG:root:op e1ede951 CPU and GPU endpoint: 0.000000 101.876999 
DEBUG:root:op e1ede951 CPU and GPU latency: 10.057000 5.099000 
DEBUG:root:Fetch op 32375b12 
DEBUG:root:op 32375b12 CPU and GPU endpoint: 0.000000 106.975999 
DEBUG:root:op 32375b12 CPU and GPU latency: 206.433996 109.739998 
DEBUG:root:Fetch op 1809b83a 
DEBUG:root:op 1809b83a CPU and GPU endpoint: 0.000000 216.715997 
DEBUG:root:op 1809b83a CPU and GPU latency: 19.490000 0.999000 
DEBUG:root:Fetch op abb23bf2 
DEBUG:root:op abb23bf2 CPU and GPU endpoint: 0.000000 217.714997 
DEBUG:root:op abb23bf2 CPU and GPU latency: 12.088000 0.810000 
DEBUG:root:Fetch op 7b5c0112 
DEBUG:root:op 7b5c0112 CPU and GPU endpoint: 0.000000 218.524997 
DEBUG:root:op 7b5c0112 CPU and GPU latency: 4.386000 1.995000 
DEBUG:root:Fetch op 2abda1eb 
DEBUG:root:op 2abda1eb CPU and GPU endpoint: 0.000000 220.519997 
DEBUG:root:op 2abda1eb CPU and GPU latency: 4.940000 2.671000 
DEBUG:root:Fetch op 76a48d05 
DEBUG:root:op 76a48d05 CPU and GPU endpoint: 222.654997 220.519997 
DEBUG:root:op 76a48d05 CPU and GPU latency: 4.978000 2.649000 
DEBUG:root:Fetch op 073e5c0f 
DEBUG:root:op 073e5c0f CPU and GPU endpoint: 222.654997 223.168997 
DEBUG:root:op 073e5c0f CPU and GPU latency: 3.955000 1.307000 
DEBUG:root:Fetch op 0b28dbba 
DEBUG:root:op 0b28dbba CPU and GPU endpoint: 222.654997 224.475997 
DEBUG:root:op 0b28dbba CPU and GPU latency: 23.760000 26.733000 
DEBUG:root:Fetch op 5a907139 
DEBUG:root:op 5a907139 CPU and GPU endpoint: 246.414998 224.475997 
DEBUG:root:op 5a907139 CPU and GPU latency: 18.098000 12.615000 
DEBUG:root:Fetch op 3aa3fe44 
DEBUG:root:op 3aa3fe44 CPU and GPU endpoint: 246.414998 237.090997 
DEBUG:root:op 3aa3fe44 CPU and GPU latency: 26.786999 19.184000 
DEBUG:root:Fetch op 8e24ec09 
DEBUG:root:Fetch op f5596247 
DEBUG:root:op f5596247 CPU and GPU endpoint: 0.000000 8.819000 
DEBUG:root:op f5596247 CPU and GPU latency: 73.955002 30.591000 
DEBUG:root:Fetch op db8899a9 
DEBUG:root:op db8899a9 CPU and GPU endpoint: 0.000000 39.409999 
DEBUG:root:op db8899a9 CPU and GPU latency: 140.817002 61.090000 
DEBUG:root:Fetch op ea49472c 
DEBUG:root:op ea49472c CPU and GPU endpoint: 0.000000 100.500000 
DEBUG:root:op ea49472c CPU and GPU latency: 30.116000 1.377000 
DEBUG:root:Fetch op e1ede951 
DEBUG:root:op e1ede951 CPU and GPU endpoint: 0.000000 101.876999 
DEBUG:root:op e1ede951 CPU and GPU latency: 10.057000 5.099000 
DEBUG:root:Fetch op 32375b12 
DEBUG:root:op 32375b12 CPU and GPU endpoint: 0.000000 106.975999 
DEBUG:root:op 32375b12 CPU and GPU latency: 206.433996 109.739998 
DEBUG:root:Fetch op 1809b83a 
DEBUG:root:op 1809b83a CPU and GPU endpoint: 0.000000 216.715997 
DEBUG:root:op 1809b83a CPU and GPU latency: 19.490000 0.999000 
DEBUG:root:Fetch op abb23bf2 
DEBUG:root:op abb23bf2 CPU and GPU endpoint: 0.000000 217.714997 
DEBUG:root:op abb23bf2 CPU and GPU latency: 12.088000 0.810000 
DEBUG:root:Fetch op 76a48d05 
DEBUG:root:op 76a48d05 CPU and GPU endpoint: 0.000000 218.524997 
DEBUG:root:op 76a48d05 CPU and GPU latency: 4.978000 2.649000 
DEBUG:root:Fetch op 7b5c0112 
DEBUG:root:op 7b5c0112 CPU and GPU endpoint: 0.000000 221.173997 
DEBUG:root:op 7b5c0112 CPU and GPU latency: 4.386000 1.995000 
DEBUG:root:Fetch op 2abda1eb 
DEBUG:root:op 2abda1eb CPU and GPU endpoint: 222.100997 221.173997 
DEBUG:root:op 2abda1eb CPU and GPU latency: 4.940000 2.671000 
DEBUG:root:Fetch op 073e5c0f 
DEBUG:root:op 073e5c0f CPU and GPU endpoint: 222.100997 223.844997 
DEBUG:root:op 073e5c0f CPU and GPU latency: 3.955000 1.307000 
DEBUG:root:Fetch op 5a907139 
DEBUG:root:op 5a907139 CPU and GPU endpoint: 222.100997 225.151997 
DEBUG:root:op 5a907139 CPU and GPU latency: 18.098000 12.615000 
DEBUG:root:Fetch op 0b28dbba 
DEBUG:root:op 0b28dbba CPU and GPU endpoint: 222.100997 237.766997 
DEBUG:root:op 0b28dbba CPU and GPU latency: 23.517000 26.986000 
DEBUG:root:Fetch op 3aa3fe44 
DEBUG:root:op 3aa3fe44 CPU and GPU endpoint: 245.617997 237.766997 
DEBUG:root:op 3aa3fe44 CPU and GPU latency: 26.786999 19.184000 
DEBUG:root:Fetch op 8e24ec09 
DEBUG:root:Fetch op e68b600c 
DEBUG:root:op e68b600c CPU and GPU endpoint: 246.400997 256.950997 
DEBUG:root:op e68b600c CPU and GPU latency: 5.752000 5.192000 
DEBUG:root:Fetch op 26cb98f4 
DEBUG:root:op 26cb98f4 CPU and GPU endpoint: 252.152997 256.950997 
DEBUG:root:op 26cb98f4 CPU and GPU latency: 14.708000 3.012000 
DEBUG:root:Fetch op 6bac7635 
DEBUG:root:op 6bac7635 CPU and GPU endpoint: 252.152997 259.962997 
DEBUG:root:op 6bac7635 CPU and GPU latency: 5.639000 5.180000 
DEBUG:root:Fetch op 341e5658 
DEBUG:root:op 341e5658 CPU and GPU endpoint: 257.791997 259.962997 
DEBUG:root:op 341e5658 CPU and GPU latency: 4.782000 4.315000 
DEBUG:root:Fetch op a2c9a62f 
DEBUG:root:op a2c9a62f CPU and GPU endpoint: 262.573997 259.962997 
DEBUG:root:op a2c9a62f CPU and GPU latency: 17.712000 12.800000 
DEBUG:root:Fetch op 0f27dcb5 
DEBUG:root:op 0f27dcb5 CPU and GPU endpoint: 262.573997 272.762997 
DEBUG:root:op 0f27dcb5 CPU and GPU latency: 7.901000 3.565000 
DEBUG:root:Fetch op dcfd6c9a 
DEBUG:root:op dcfd6c9a CPU and GPU endpoint: 270.474997 272.762997 
DEBUG:root:op dcfd6c9a CPU and GPU latency: 23.541000 27.009001 
DEBUG:root:Fetch op a54ef2b3 
DEBUG:root:op a54ef2b3 CPU and GPU endpoint: 294.015998 272.762997 
DEBUG:root:op a54ef2b3 CPU and GPU latency: 26.693000 19.155001 
DEBUG:root:Fetch op de6a1842 
DEBUG:root:Fetch op da51067a 
DEBUG:root:op da51067a CPU and GPU endpoint: 294.794998 291.917998 
DEBUG:root:op da51067a CPU and GPU latency: 6.218000 5.985000 
DEBUG:root:Fetch op 27ba654a 
DEBUG:root:op 27ba654a CPU and GPU endpoint: 294.794998 300.779998 
DEBUG:root:op 27ba654a CPU and GPU latency: 5.180000 4.984000 
DEBUG:root:Fetch op 7b8e362e 
DEBUG:root:op 7b8e362e CPU and GPU endpoint: 299.974998 300.779998 
DEBUG:root:op 7b8e362e CPU and GPU latency: 16.483999 3.612000 
DEBUG:root:Fetch op d46e2d87 
DEBUG:root:op d46e2d87 CPU and GPU endpoint: 299.974998 304.391998 
DEBUG:root:op d46e2d87 CPU and GPU latency: 6.252000 5.971000 
DEBUG:root:Fetch op a2ed8df8 
DEBUG:root:op a2ed8df8 CPU and GPU endpoint: 306.226997 304.391998 
DEBUG:root:op a2ed8df8 CPU and GPU latency: 23.547001 26.558001 
DEBUG:root:Fetch op 5f8e4506 
DEBUG:root:op 5f8e4506 CPU and GPU endpoint: 329.773998 304.391998 
DEBUG:root:op 5f8e4506 CPU and GPU latency: 7.961000 3.983000 
DEBUG:root:Fetch op 6a557b80 
DEBUG:root:op 6a557b80 CPU and GPU endpoint: 329.773998 308.374998 
DEBUG:root:op 6a557b80 CPU and GPU latency: 17.725000 13.185000 
DEBUG:root:Fetch op d7354545 
DEBUG:root:op d7354545 CPU and GPU endpoint: 329.773998 321.559998 
DEBUG:root:op d7354545 CPU and GPU latency: 26.782001 19.341999 
DEBUG:root:Fetch op 3732f058 
DEBUG:root:Fetch op 21676af8 
DEBUG:root:op 21676af8 CPU and GPU endpoint: 330.573998 340.901997 
DEBUG:root:op 21676af8 CPU and GPU latency: 237.695999 71.794003 
DEBUG:root:Fetch op 1acdfead 
DEBUG:root:op 1acdfead CPU and GPU endpoint: 330.573998 412.696000 
DEBUG:root:op 1acdfead CPU and GPU latency: 5.072000 2.407000 
DEBUG:root:Fetch op cf604581 
DEBUG:root:op cf604581 CPU and GPU endpoint: 335.645998 412.696000 
DEBUG:root:op cf604581 CPU and GPU latency: 6.287000 5.996000 
DEBUG:root:Fetch op 951c57b8 
DEBUG:root:op 951c57b8 CPU and GPU endpoint: 341.932999 412.696000 
DEBUG:root:op 951c57b8 CPU and GPU latency: 17.719000 13.158000 
DEBUG:root:Fetch op d5cd5788 
DEBUG:root:op d5cd5788 CPU and GPU endpoint: 359.651998 412.696000 
DEBUG:root:op d5cd5788 CPU and GPU latency: 17.910000 6.244000 
DEBUG:root:Fetch op edab0e3a 
DEBUG:root:Fetch op bafe8771 
DEBUG:root:op bafe8771 CPU and GPU endpoint: 378.053998 412.696000 
DEBUG:root:op bafe8771 CPU and GPU latency: 9.117000 10.568000 
DEBUG:root:Fetch op 39c46761 
DEBUG:root:op 39c46761 CPU and GPU endpoint: 387.170998 412.696000 
DEBUG:root:op 39c46761 CPU and GPU latency: 6.681000 7.455000 
DEBUG:root:Fetch op 5f45db2f 
DEBUG:root:op 5f45db2f CPU and GPU endpoint: 393.851998 412.696000 
DEBUG:root:op 5f45db2f CPU and GPU latency: 10.241000 2.432000 
DEBUG:root:Fetch op 395d3cba 
DEBUG:root:op 395d3cba CPU and GPU endpoint: 404.092998 412.696000 
DEBUG:root:op 395d3cba CPU and GPU latency: 6.685000 7.461000 
DEBUG:root:Fetch op bf7a39de 
DEBUG:root:op bf7a39de CPU and GPU endpoint: 410.777998 412.696000 
DEBUG:root:op bf7a39de CPU and GPU latency: 9.677000 7.486000 
DEBUG:root:Fetch op 3a509e4b 
DEBUG:root:op 3a509e4b CPU and GPU endpoint: 410.777998 420.182000 
DEBUG:root:op 3a509e4b CPU and GPU latency: 9.233000 10.251000 
DEBUG:root:Fetch op 76309cb0 
DEBUG:root:op 76309cb0 CPU and GPU endpoint: 420.010998 420.182000 
DEBUG:root:op 76309cb0 CPU and GPU latency: 16.641001 7.301000 
DEBUG:root:Fetch op 4c4f3289 
DEBUG:root:op 4c4f3289 CPU and GPU endpoint: 420.010998 427.483000 
DEBUG:root:op 4c4f3289 CPU and GPU latency: 24.874999 10.544000 
DEBUG:root:Fetch op 52e87846 
DEBUG:root:op 52e87846 CPU and GPU endpoint: 420.010998 438.027000 
DEBUG:root:op 52e87846 CPU and GPU latency: 9.735000 7.318000 
DEBUG:root:Fetch op bccaa591 
DEBUG:root:op bccaa591 CPU and GPU endpoint: 437.218000 438.027000 
DEBUG:root:op bccaa591 CPU and GPU latency: 16.528000 7.243000 
DEBUG:root:Fetch op bdd68022 
DEBUG:root:op bdd68022 CPU and GPU endpoint: 437.218000 445.270000 
DEBUG:root:op bdd68022 CPU and GPU latency: 14.513000 10.552000 
DEBUG:root:Fetch op d7961be6 
DEBUG:root:Fetch op 187c49e3 
DEBUG:root:op 187c49e3 CPU and GPU endpoint: 437.705000 455.822000 
DEBUG:root:op 187c49e3 CPU and GPU latency: 10.299000 2.393000 
DEBUG:root:Fetch op 2c5f0c57 
DEBUG:root:op 2c5f0c57 CPU and GPU endpoint: 448.004000 455.822000 
DEBUG:root:op 2c5f0c57 CPU and GPU latency: 9.273000 10.230000 
DEBUG:root:Fetch op 36712ef2 
DEBUG:root:op 36712ef2 CPU and GPU endpoint: 457.276999 455.822000 
DEBUG:root:op 36712ef2 CPU and GPU latency: 7.912000 8.726000 
DEBUG:root:Fetch op ee0fd9f9 
DEBUG:root:op ee0fd9f9 CPU and GPU endpoint: 457.276999 464.548000 
DEBUG:root:op ee0fd9f9 CPU and GPU latency: 8.083000 8.724000 
DEBUG:root:Fetch op ed8bb7f2 
DEBUG:root:op ed8bb7f2 CPU and GPU endpoint: 465.359999 464.548000 
DEBUG:root:op ed8bb7f2 CPU and GPU latency: 9.495000 10.546000 
DEBUG:root:Fetch op bd596808 
DEBUG:root:op bd596808 CPU and GPU endpoint: 474.854999 464.548000 
DEBUG:root:op bd596808 CPU and GPU latency: 15.199000 10.140000 
DEBUG:root:Fetch op ee4bd657 
DEBUG:root:op ee4bd657 CPU and GPU endpoint: 474.854999 474.688000 
DEBUG:root:op ee4bd657 CPU and GPU latency: 26.565001 10.237000 
DEBUG:root:Fetch op 9fab0e2b 
DEBUG:root:op 9fab0e2b CPU and GPU endpoint: 474.854999 484.925000 
DEBUG:root:op 9fab0e2b CPU and GPU latency: 31.062000 12.769000 
DEBUG:root:Fetch op 69d56f09 
DEBUG:root:op 69d56f09 CPU and GPU endpoint: 474.854999 497.694000 
DEBUG:root:op 69d56f09 CPU and GPU latency: 15.022000 10.193000 
DEBUG:root:Fetch op 074c22c2 
DEBUG:root:op 074c22c2 CPU and GPU endpoint: 499.947000 497.694000 
DEBUG:root:op 074c22c2 CPU and GPU latency: 26.358999 10.280000 
DEBUG:root:Fetch op a03a0bc1 
DEBUG:root:op a03a0bc1 CPU and GPU endpoint: 499.947000 510.227000 
DEBUG:root:op a03a0bc1 CPU and GPU latency: 18.283000 12.934000 
DEBUG:root:Fetch op 1002bc0b 
DEBUG:root:Fetch op e31c5f90 
DEBUG:root:op e31c5f90 CPU and GPU endpoint: 500.465000 523.161000 
DEBUG:root:op e31c5f90 CPU and GPU latency: 10.293000 2.422000 
DEBUG:root:Fetch op 38c6eeae 
DEBUG:root:op 38c6eeae CPU and GPU endpoint: 510.758000 523.161000 
DEBUG:root:op 38c6eeae CPU and GPU latency: 7.838000 9.003000 
DEBUG:root:Fetch op 7659fca2 
DEBUG:root:op 7659fca2 CPU and GPU endpoint: 518.596000 523.161000 
DEBUG:root:op 7659fca2 CPU and GPU latency: 9.316000 10.562000 
DEBUG:root:Fetch op 56c14fa4 
DEBUG:root:op 56c14fa4 CPU and GPU endpoint: 527.912000 523.161000 
DEBUG:root:op 56c14fa4 CPU and GPU latency: 7.955000 8.988000 
DEBUG:root:Fetch op 3c9daa1f 
DEBUG:root:op 3c9daa1f CPU and GPU endpoint: 527.912000 532.149000 
DEBUG:root:op 3c9daa1f CPU and GPU latency: 9.397000 11.046000 
DEBUG:root:Fetch op b7f27ef1 
DEBUG:root:op b7f27ef1 CPU and GPU endpoint: 537.309000 532.149000 
DEBUG:root:op b7f27ef1 CPU and GPU latency: 14.971000 10.276000 
DEBUG:root:Fetch op eb0353ae 
DEBUG:root:op eb0353ae CPU and GPU endpoint: 537.309000 542.425000 
DEBUG:root:op eb0353ae CPU and GPU latency: 26.136999 10.244000 
DEBUG:root:Fetch op 5f2dc4d6 
DEBUG:root:op 5f2dc4d6 CPU and GPU endpoint: 537.309000 552.669000 
DEBUG:root:op 5f2dc4d6 CPU and GPU latency: 31.066001 12.815000 
DEBUG:root:Fetch op 4e9d3118 
DEBUG:root:op 4e9d3118 CPU and GPU endpoint: 537.309000 565.484000 
DEBUG:root:op 4e9d3118 CPU and GPU latency: 15.105000 10.156000 
DEBUG:root:Fetch op 29178964 
DEBUG:root:op 29178964 CPU and GPU endpoint: 567.774000 565.484000 
DEBUG:root:op 29178964 CPU and GPU latency: 25.740999 10.311000 
DEBUG:root:Fetch op 56c8af72 
DEBUG:root:op 56c8af72 CPU and GPU endpoint: 567.774000 578.085000 
DEBUG:root:op 56c8af72 CPU and GPU latency: 18.145001 12.760000 
DEBUG:root:Fetch op f089d9f5 
DEBUG:root:Fetch op b4170a0e 
DEBUG:root:op b4170a0e CPU and GPU endpoint: 568.264000 590.845000 
DEBUG:root:op b4170a0e CPU and GPU latency: 9.091000 11.082000 
DEBUG:root:Fetch op b40ffeca 
DEBUG:root:op b40ffeca CPU and GPU endpoint: 577.355000 590.845000 
DEBUG:root:op b40ffeca CPU and GPU latency: 9.230000 11.086000 
DEBUG:root:Fetch op f8520570 
DEBUG:root:op f8520570 CPU and GPU endpoint: 586.585000 590.845000 
DEBUG:root:op f8520570 CPU and GPU latency: 9.108000 11.097000 
DEBUG:root:Fetch op bb69ee1e 
DEBUG:root:op bb69ee1e CPU and GPU endpoint: 595.692999 590.845000 
DEBUG:root:op bb69ee1e CPU and GPU latency: 10.345000 2.419000 
DEBUG:root:Fetch op 2d66c804 
DEBUG:root:op 2d66c804 CPU and GPU endpoint: 595.692999 593.264000 
DEBUG:root:op 2d66c804 CPU and GPU latency: 21.349001 16.630000 
DEBUG:root:Fetch op f155b0bd 
DEBUG:root:op f155b0bd CPU and GPU endpoint: 595.692999 609.894000 
DEBUG:root:op f155b0bd CPU and GPU latency: 10.461000 9.299000 
DEBUG:root:Fetch op b546643b 
DEBUG:root:op b546643b CPU and GPU endpoint: 606.153999 609.894000 
DEBUG:root:op b546643b CPU and GPU latency: 37.176998 16.092000 
DEBUG:root:Fetch op 92a2b256 
DEBUG:root:op 92a2b256 CPU and GPU endpoint: 606.153999 625.986000 
DEBUG:root:op 92a2b256 CPU and GPU latency: 37.218999 15.771000 
DEBUG:root:Fetch op 0e06522c 
DEBUG:root:op 0e06522c CPU and GPU endpoint: 606.153999 641.757000 
DEBUG:root:op 0e06522c CPU and GPU latency: 21.567999 16.141001 
DEBUG:root:Fetch op 13059362 
DEBUG:root:op 13059362 CPU and GPU endpoint: 647.553999 641.757000 
DEBUG:root:op 13059362 CPU and GPU latency: 37.299999 16.094000 
DEBUG:root:Fetch op b8266ff2 
DEBUG:root:op b8266ff2 CPU and GPU endpoint: 647.553999 663.647999 
DEBUG:root:op b8266ff2 CPU and GPU latency: 21.744001 16.042999 
DEBUG:root:Fetch op e090caf1 
DEBUG:root:Fetch op 5edfc99d 
DEBUG:root:op 5edfc99d CPU and GPU endpoint: 648.029999 679.690998 
DEBUG:root:op 5edfc99d CPU and GPU latency: 9.137000 10.543000 
DEBUG:root:Fetch op c4987b6e 
DEBUG:root:op c4987b6e CPU and GPU endpoint: 657.167000 679.690998 
DEBUG:root:op c4987b6e CPU and GPU latency: 3.024000 1.524000 
DEBUG:root:Fetch op 4b5dc529 
DEBUG:root:op 4b5dc529 CPU and GPU endpoint: 660.190999 679.690998 
DEBUG:root:op 4b5dc529 CPU and GPU latency: 9.281000 10.543000 
DEBUG:root:Fetch op 486ec237 
DEBUG:root:op 486ec237 CPU and GPU endpoint: 669.472000 679.690998 
DEBUG:root:op 486ec237 CPU and GPU latency: 21.443001 16.470999 
DEBUG:root:Fetch op d644cc07 
DEBUG:root:op d644cc07 CPU and GPU endpoint: 690.915000 679.690998 
DEBUG:root:op d644cc07 CPU and GPU latency: 24.069000 16.467000 
DEBUG:root:Fetch op eacc3c50 
DEBUG:root:op eacc3c50 CPU and GPU endpoint: 690.915000 696.157998 
DEBUG:root:op eacc3c50 CPU and GPU latency: 37.011002 16.132000 
DEBUG:root:Fetch op d94e89d5 
DEBUG:root:op d94e89d5 CPU and GPU endpoint: 690.915000 712.289998 
DEBUG:root:op d94e89d5 CPU and GPU latency: 15.592000 9.719000 
DEBUG:root:Fetch op a6be3725 
DEBUG:root:Fetch op 31610967 
DEBUG:root:op 31610967 CPU and GPU endpoint: 691.036000 722.008998 
DEBUG:root:op 31610967 CPU and GPU latency: 7.162000 12.190000 
DEBUG:root:Fetch op 3f64abaa 
DEBUG:root:op 3f64abaa CPU and GPU endpoint: 698.198001 722.008998 
DEBUG:root:op 3f64abaa CPU and GPU latency: 3.729000 0.467000 
DEBUG:root:Fetch op 86850187 
DEBUG:root:op 86850187 CPU and GPU endpoint: 701.927001 722.008998 
DEBUG:root:op 86850187 CPU and GPU latency: 6.134000 10.172000 
DEBUG:root:Fetch op add6f42c 
DEBUG:root:op add6f42c CPU and GPU endpoint: 708.061001 722.008998 
DEBUG:root:op add6f42c CPU and GPU latency: 8.613000 14.226000 
DEBUG:root:Fetch op 33e38e52 
DEBUG:root:op 33e38e52 CPU and GPU endpoint: 716.674000 722.008998 
DEBUG:root:op 33e38e52 CPU and GPU latency: 34.208000 5.740000 
DEBUG:root:Fetch op d110fc5b 
DEBUG:root:op d110fc5b CPU and GPU endpoint: 716.674000 727.748998 
DEBUG:root:op d110fc5b CPU and GPU latency: 42.606998 6.018000 
DEBUG:root:Fetch op 4525e614 
DEBUG:root:op 4525e614 CPU and GPU endpoint: 716.674000 733.766998 
DEBUG:root:op 4525e614 CPU and GPU latency: 3.894000 6.189000 
DEBUG:root:Fetch op b5945541 
DEBUG:root:op b5945541 CPU and GPU endpoint: 720.568000 733.766998 
DEBUG:root:op b5945541 CPU and GPU latency: 30.965000 43.781998 
DEBUG:root:Fetch op d23ab30d 
DEBUG:root:Fetch op be7118a4 
DEBUG:root:op be7118a4 CPU and GPU endpoint: 751.609001 733.766998 
DEBUG:root:op be7118a4 CPU and GPU latency: 42.626999 6.111000 
DEBUG:root:Fetch op 299defc5 
DEBUG:root:op 299defc5 CPU and GPU endpoint: 751.609001 757.644001 
DEBUG:root:op 299defc5 CPU and GPU latency: 34.056999 5.804000 
DEBUG:root:Fetch op 2005cf87 
DEBUG:root:Fetch op 0a290589 
DEBUG:root:Fetch op 236b7e0b 
DEBUG:root:op 236b7e0b CPU and GPU endpoint: 752.007001 763.448001 
DEBUG:root:op 236b7e0b CPU and GPU latency: 14.478000 22.914000 
DEBUG:root:Fetch op 5b3aed1b 
DEBUG:root:op 5b3aed1b CPU and GPU endpoint: 766.485000 763.448001 
DEBUG:root:op 5b3aed1b CPU and GPU latency: 11.945000 19.649001 
DEBUG:root:Fetch op 51dda3d7 
DEBUG:root:op 51dda3d7 CPU and GPU endpoint: 778.430000 763.448001 
DEBUG:root:op 51dda3d7 CPU and GPU latency: 10.225000 16.394999 
DEBUG:root:Fetch op 33013ffa 
DEBUG:root:op 33013ffa CPU and GPU endpoint: 778.430000 779.843000 
DEBUG:root:op 33013ffa CPU and GPU latency: 6.001000 1.236000 
DEBUG:root:Fetch op 6e8820c0 
DEBUG:root:op 6e8820c0 CPU and GPU endpoint: 778.430000 781.079000 
DEBUG:root:op 6e8820c0 CPU and GPU latency: 30.849001 43.635998 
DEBUG:root:Fetch op 0f6cc30b 
DEBUG:root:op 0f6cc30b CPU and GPU endpoint: 809.279001 781.079000 
DEBUG:root:op 0f6cc30b CPU and GPU latency: 42.480000 6.258000 
DEBUG:root:Fetch op 8387be6c 
DEBUG:root:op 8387be6c CPU and GPU endpoint: 809.279001 787.337000 
DEBUG:root:op 8387be6c CPU and GPU latency: 34.180000 5.897000 
DEBUG:root:Fetch op 5186a3f0 
DEBUG:root:op 5186a3f0 CPU and GPU endpoint: 809.279001 793.233999 
DEBUG:root:op 5186a3f0 CPU and GPU latency: 7.470000 9.717000 
DEBUG:root:Fetch op cde9d4eb 
DEBUG:root:Fetch op b786a898 
DEBUG:root:op b786a898 CPU and GPU endpoint: 809.354001 802.950999 
DEBUG:root:op b786a898 CPU and GPU latency: 42.452999 6.089000 
DEBUG:root:Fetch op b5583b68 
DEBUG:root:op b5583b68 CPU and GPU endpoint: 809.354001 815.368001 
DEBUG:root:op b5583b68 CPU and GPU latency: 33.973000 5.741000 
DEBUG:root:Fetch op 5bddc2eb 
DEBUG:root:Fetch op cd64e9fe 
DEBUG:root:Fetch op b22146f8 
DEBUG:root:op b22146f8 CPU and GPU endpoint: 809.744001 821.109001 
DEBUG:root:op b22146f8 CPU and GPU latency: 0.549000 0.155000 
DEBUG:root:Fetch op 57a8cf75 
DEBUG:root:op 57a8cf75 CPU and GPU endpoint: 810.293001 821.109001 
DEBUG:root:op 57a8cf75 CPU and GPU latency: 14.547000 40.722001 
DEBUG:root:Fetch op 8063ed2a 
DEBUG:root:op 8063ed2a CPU and GPU endpoint: 824.840001 821.109001 
DEBUG:root:op 8063ed2a CPU and GPU latency: 0.015000 0.017000 
DEBUG:root:Fetch op 86332ce2 
DEBUG:root:op 86332ce2 CPU and GPU endpoint: 824.855001 821.109001 
DEBUG:root:op 86332ce2 CPU and GPU latency: 0.071000 0.174000 
DEBUG:root:Fetch op f5596247 
DEBUG:root:op f5596247 CPU and GPU endpoint: 0.000000 8.819000 
DEBUG:root:op f5596247 CPU and GPU latency: 73.955002 30.591000 
DEBUG:root:Fetch op db8899a9 
DEBUG:root:op db8899a9 CPU and GPU endpoint: 0.000000 39.409999 
DEBUG:root:op db8899a9 CPU and GPU latency: 140.817002 61.090000 
DEBUG:root:Fetch op ea49472c 
DEBUG:root:op ea49472c CPU and GPU endpoint: 0.000000 100.500000 
DEBUG:root:op ea49472c CPU and GPU latency: 30.116000 1.377000 
DEBUG:root:Fetch op e1ede951 
DEBUG:root:op e1ede951 CPU and GPU endpoint: 0.000000 101.876999 
DEBUG:root:op e1ede951 CPU and GPU latency: 10.057000 5.099000 
DEBUG:root:Fetch op 32375b12 
DEBUG:root:op 32375b12 CPU and GPU endpoint: 0.000000 106.975999 
DEBUG:root:op 32375b12 CPU and GPU latency: 206.433996 109.739998 
DEBUG:root:Fetch op 1809b83a 
DEBUG:root:op 1809b83a CPU and GPU endpoint: 0.000000 216.715997 
DEBUG:root:op 1809b83a CPU and GPU latency: 19.490000 0.999000 
DEBUG:root:Fetch op 76a48d05 
DEBUG:root:op 76a48d05 CPU and GPU endpoint: 0.000000 217.714997 
DEBUG:root:op 76a48d05 CPU and GPU latency: 4.978000 2.649000 
DEBUG:root:Fetch op 7b5c0112 
DEBUG:root:op 7b5c0112 CPU and GPU endpoint: 0.000000 220.363997 
DEBUG:root:op 7b5c0112 CPU and GPU latency: 4.386000 1.995000 
DEBUG:root:Fetch op 2abda1eb 
DEBUG:root:op 2abda1eb CPU and GPU endpoint: 222.100997 220.363997 
DEBUG:root:op 2abda1eb CPU and GPU latency: 4.940000 2.671000 
DEBUG:root:Fetch op abb23bf2 
DEBUG:root:op abb23bf2 CPU and GPU endpoint: 222.100997 223.034997 
DEBUG:root:op abb23bf2 CPU and GPU latency: 12.088000 0.810000 
DEBUG:root:Fetch op 5a907139 
DEBUG:root:op 5a907139 CPU and GPU endpoint: 222.100997 223.844997 
DEBUG:root:op 5a907139 CPU and GPU latency: 18.098000 12.615000 
DEBUG:root:Fetch op 0b28dbba 
DEBUG:root:op 0b28dbba CPU and GPU endpoint: 222.100997 236.459997 
DEBUG:root:op 0b28dbba CPU and GPU latency: 23.517000 26.986000 
DEBUG:root:Fetch op 073e5c0f 
DEBUG:root:op 073e5c0f CPU and GPU endpoint: 245.617997 236.459997 
DEBUG:root:op 073e5c0f CPU and GPU latency: 3.955000 1.307000 
DEBUG:root:Fetch op 3aa3fe44 
DEBUG:root:op 3aa3fe44 CPU and GPU endpoint: 245.617997 237.766997 
DEBUG:root:op 3aa3fe44 CPU and GPU latency: 26.786999 19.184000 
DEBUG:root:Fetch op 8e24ec09 
DEBUG:root:Fetch op 26cb98f4 
DEBUG:root:op 26cb98f4 CPU and GPU endpoint: 246.400997 256.950997 
DEBUG:root:op 26cb98f4 CPU and GPU latency: 14.708000 3.012000 
DEBUG:root:Fetch op 6bac7635 
DEBUG:root:op 6bac7635 CPU and GPU endpoint: 246.400997 259.962997 
DEBUG:root:op 6bac7635 CPU and GPU latency: 5.639000 5.180000 
DEBUG:root:Fetch op 341e5658 
DEBUG:root:op 341e5658 CPU and GPU endpoint: 252.039997 259.962997 
DEBUG:root:op 341e5658 CPU and GPU latency: 4.782000 4.315000 
DEBUG:root:Fetch op e68b600c 
DEBUG:root:op e68b600c CPU and GPU endpoint: 256.821997 259.962997 
DEBUG:root:op e68b600c CPU and GPU latency: 5.752000 5.192000 
DEBUG:root:Fetch op a2c9a62f 
DEBUG:root:op a2c9a62f CPU and GPU endpoint: 262.573997 259.962997 
DEBUG:root:op a2c9a62f CPU and GPU latency: 17.712000 12.800000 
DEBUG:root:Fetch op dcfd6c9a 
DEBUG:root:op dcfd6c9a CPU and GPU endpoint: 262.573997 272.762997 
DEBUG:root:op dcfd6c9a CPU and GPU latency: 23.541000 27.009001 
DEBUG:root:Fetch op 0f27dcb5 
DEBUG:root:op 0f27dcb5 CPU and GPU endpoint: 286.114998 272.762997 
DEBUG:root:op 0f27dcb5 CPU and GPU latency: 7.901000 3.565000 
DEBUG:root:Fetch op a54ef2b3 
DEBUG:root:op a54ef2b3 CPU and GPU endpoint: 286.114998 276.327997 
DEBUG:root:op a54ef2b3 CPU and GPU latency: 26.693000 19.155001 
DEBUG:root:Fetch op de6a1842 
DEBUG:root:Fetch op d46e2d87 
DEBUG:root:op d46e2d87 CPU and GPU endpoint: 286.893998 295.482998 
DEBUG:root:op d46e2d87 CPU and GPU latency: 6.252000 5.971000 
DEBUG:root:Fetch op 7b8e362e 
DEBUG:root:op 7b8e362e CPU and GPU endpoint: 293.145998 295.482998 
DEBUG:root:op 7b8e362e CPU and GPU latency: 16.483999 3.612000 
DEBUG:root:Fetch op 27ba654a 
DEBUG:root:op 27ba654a CPU and GPU endpoint: 293.145998 299.094998 
DEBUG:root:op 27ba654a CPU and GPU latency: 5.180000 4.984000 
DEBUG:root:Fetch op da51067a 
DEBUG:root:op da51067a CPU and GPU endpoint: 298.325997 299.094998 
DEBUG:root:op da51067a CPU and GPU latency: 6.218000 5.985000 
DEBUG:root:Fetch op 6a557b80 
DEBUG:root:op 6a557b80 CPU and GPU endpoint: 304.543997 299.094998 
DEBUG:root:op 6a557b80 CPU and GPU latency: 17.725000 13.185000 
DEBUG:root:Fetch op a2ed8df8 
DEBUG:root:op a2ed8df8 CPU and GPU endpoint: 304.543997 312.279998 
DEBUG:root:op a2ed8df8 CPU and GPU latency: 23.547001 26.558001 
DEBUG:root:Fetch op 5f8e4506 
DEBUG:root:op 5f8e4506 CPU and GPU endpoint: 328.090998 312.279998 
DEBUG:root:op 5f8e4506 CPU and GPU latency: 7.961000 3.983000 
DEBUG:root:Fetch op d7354545 
DEBUG:root:op d7354545 CPU and GPU endpoint: 328.090998 316.262998 
DEBUG:root:op d7354545 CPU and GPU latency: 26.782001 19.341999 
DEBUG:root:Fetch op 3732f058 
DEBUG:root:Fetch op 1acdfead 
DEBUG:root:op 1acdfead CPU and GPU endpoint: 328.890998 335.604997 
DEBUG:root:op 1acdfead CPU and GPU latency: 5.072000 2.407000 
DEBUG:root:Fetch op 21676af8 
DEBUG:root:op 21676af8 CPU and GPU endpoint: 333.962998 335.604997 
DEBUG:root:op 21676af8 CPU and GPU latency: 237.695999 71.794003 
DEBUG:root:Fetch op cf604581 
DEBUG:root:op cf604581 CPU and GPU endpoint: 333.962998 407.399000 
DEBUG:root:op cf604581 CPU and GPU latency: 6.287000 5.996000 
DEBUG:root:Fetch op 951c57b8 
DEBUG:root:op 951c57b8 CPU and GPU endpoint: 340.249998 407.399000 
DEBUG:root:op 951c57b8 CPU and GPU latency: 17.719000 13.158000 
DEBUG:root:Fetch op d5cd5788 
DEBUG:root:op d5cd5788 CPU and GPU endpoint: 357.968998 407.399000 
DEBUG:root:op d5cd5788 CPU and GPU latency: 17.910000 6.244000 
DEBUG:root:Fetch op edab0e3a 
DEBUG:root:Fetch op 5f45db2f 
DEBUG:root:op 5f45db2f CPU and GPU endpoint: 376.370998 407.399000 
DEBUG:root:op 5f45db2f CPU and GPU latency: 10.241000 2.432000 
DEBUG:root:Fetch op 395d3cba 
DEBUG:root:op 395d3cba CPU and GPU endpoint: 386.611998 407.399000 
DEBUG:root:op 395d3cba CPU and GPU latency: 6.685000 7.461000 
DEBUG:root:Fetch op bafe8771 
DEBUG:root:op bafe8771 CPU and GPU endpoint: 393.296998 407.399000 
DEBUG:root:op bafe8771 CPU and GPU latency: 9.117000 10.568000 
DEBUG:root:Fetch op 39c46761 
DEBUG:root:op 39c46761 CPU and GPU endpoint: 402.413998 407.399000 
DEBUG:root:op 39c46761 CPU and GPU latency: 6.681000 7.455000 
DEBUG:root:Fetch op 3a509e4b 
DEBUG:root:op 3a509e4b CPU and GPU endpoint: 409.094998 407.399000 
DEBUG:root:op 3a509e4b CPU and GPU latency: 9.233000 10.251000 
DEBUG:root:Fetch op 76309cb0 
DEBUG:root:op 76309cb0 CPU and GPU endpoint: 409.094998 417.650001 
DEBUG:root:op 76309cb0 CPU and GPU latency: 16.641001 7.301000 
DEBUG:root:Fetch op bf7a39de 
DEBUG:root:op bf7a39de CPU and GPU endpoint: 409.094998 424.951001 
DEBUG:root:op bf7a39de CPU and GPU latency: 9.677000 7.486000 
DEBUG:root:Fetch op 4c4f3289 
DEBUG:root:op 4c4f3289 CPU and GPU endpoint: 418.771998 424.951001 
DEBUG:root:op 4c4f3289 CPU and GPU latency: 24.709999 10.720000 
DEBUG:root:Fetch op 52e87846 
DEBUG:root:op 52e87846 CPU and GPU endpoint: 418.771998 435.671000 
DEBUG:root:op 52e87846 CPU and GPU latency: 9.735000 7.318000 
DEBUG:root:Fetch op bccaa591 
DEBUG:root:op bccaa591 CPU and GPU endpoint: 434.686000 435.671000 
DEBUG:root:op bccaa591 CPU and GPU latency: 16.528000 7.243000 
DEBUG:root:Fetch op bdd68022 
DEBUG:root:op bdd68022 CPU and GPU endpoint: 434.686000 442.914000 
DEBUG:root:op bdd68022 CPU and GPU latency: 14.513000 10.552000 
DEBUG:root:Fetch op d7961be6 
DEBUG:root:Fetch op 2c5f0c57 
DEBUG:root:op 2c5f0c57 CPU and GPU endpoint: 435.173000 453.466000 
DEBUG:root:op 2c5f0c57 CPU and GPU latency: 9.273000 10.230000 
DEBUG:root:Fetch op ee0fd9f9 
DEBUG:root:op ee0fd9f9 CPU and GPU endpoint: 444.446000 453.466000 
DEBUG:root:op ee0fd9f9 CPU and GPU latency: 8.083000 8.724000 
DEBUG:root:Fetch op 187c49e3 
DEBUG:root:op 187c49e3 CPU and GPU endpoint: 452.529000 453.466000 
DEBUG:root:op 187c49e3 CPU and GPU latency: 10.299000 2.393000 
DEBUG:root:Fetch op 36712ef2 
DEBUG:root:op 36712ef2 CPU and GPU endpoint: 452.529000 455.859000 
DEBUG:root:op 36712ef2 CPU and GPU latency: 7.912000 8.726000 
DEBUG:root:Fetch op ee4bd657 
DEBUG:root:op ee4bd657 CPU and GPU endpoint: 460.441000 455.859000 
DEBUG:root:op ee4bd657 CPU and GPU latency: 26.565001 10.237000 
DEBUG:root:Fetch op ed8bb7f2 
DEBUG:root:op ed8bb7f2 CPU and GPU endpoint: 460.441000 466.096000 
DEBUG:root:op ed8bb7f2 CPU and GPU latency: 10.478000 9.291000 
DEBUG:root:Fetch op bd596808 
DEBUG:root:op bd596808 CPU and GPU endpoint: 470.919000 466.096000 
DEBUG:root:op bd596808 CPU and GPU latency: 14.993000 10.368000 
DEBUG:root:Fetch op 69d56f09 
DEBUG:root:op 69d56f09 CPU and GPU endpoint: 470.919000 476.464000 
DEBUG:root:op 69d56f09 CPU and GPU latency: 15.022000 10.193000 
DEBUG:root:Fetch op 9fab0e2b 
DEBUG:root:op 9fab0e2b CPU and GPU endpoint: 485.941000 476.464000 
DEBUG:root:op 9fab0e2b CPU and GPU latency: 31.062000 12.769000 
DEBUG:root:Fetch op 074c22c2 
DEBUG:root:op 074c22c2 CPU and GPU endpoint: 485.941000 489.233000 
DEBUG:root:op 074c22c2 CPU and GPU latency: 26.358999 10.280000 
DEBUG:root:Fetch op a03a0bc1 
DEBUG:root:op a03a0bc1 CPU and GPU endpoint: 485.941000 499.513001 
DEBUG:root:op a03a0bc1 CPU and GPU latency: 18.283000 12.934000 
DEBUG:root:Fetch op 1002bc0b 
DEBUG:root:Fetch op 7659fca2 
DEBUG:root:op 7659fca2 CPU and GPU endpoint: 486.459000 512.447001 
DEBUG:root:op 7659fca2 CPU and GPU latency: 9.316000 10.562000 
DEBUG:root:Fetch op 56c14fa4 
DEBUG:root:op 56c14fa4 CPU and GPU endpoint: 495.775000 512.447001 
DEBUG:root:op 56c14fa4 CPU and GPU latency: 7.955000 8.988000 
DEBUG:root:Fetch op 38c6eeae 
DEBUG:root:op 38c6eeae CPU and GPU endpoint: 503.730000 512.447001 
DEBUG:root:op 38c6eeae CPU and GPU latency: 7.838000 9.003000 
DEBUG:root:Fetch op e31c5f90 
DEBUG:root:op e31c5f90 CPU and GPU endpoint: 511.568000 512.447001 
DEBUG:root:op e31c5f90 CPU and GPU latency: 10.293000 2.422000 
DEBUG:root:Fetch op eb0353ae 
DEBUG:root:op eb0353ae CPU and GPU endpoint: 511.568000 514.869001 
DEBUG:root:op eb0353ae CPU and GPU latency: 25.931999 10.472000 
DEBUG:root:Fetch op b7f27ef1 
DEBUG:root:op b7f27ef1 CPU and GPU endpoint: 511.568000 525.341001 
DEBUG:root:op b7f27ef1 CPU and GPU latency: 14.971000 10.276000 
DEBUG:root:Fetch op 3c9daa1f 
DEBUG:root:op 3c9daa1f CPU and GPU endpoint: 526.539000 525.341001 
DEBUG:root:op 3c9daa1f CPU and GPU latency: 10.390000 9.821000 
DEBUG:root:Fetch op 4e9d3118 
DEBUG:root:op 4e9d3118 CPU and GPU endpoint: 526.539000 535.162002 
DEBUG:root:op 4e9d3118 CPU and GPU latency: 15.105000 10.156000 
DEBUG:root:Fetch op 5f2dc4d6 
DEBUG:root:op 5f2dc4d6 CPU and GPU endpoint: 541.644000 535.162002 
DEBUG:root:op 5f2dc4d6 CPU and GPU latency: 30.860001 13.042000 
DEBUG:root:Fetch op 29178964 
DEBUG:root:op 29178964 CPU and GPU endpoint: 541.644000 548.204001 
DEBUG:root:op 29178964 CPU and GPU latency: 25.740999 10.311000 
DEBUG:root:Fetch op 56c8af72 
DEBUG:root:op 56c8af72 CPU and GPU endpoint: 541.644000 558.515001 
DEBUG:root:op 56c8af72 CPU and GPU latency: 18.145001 12.760000 
DEBUG:root:Fetch op f089d9f5 
DEBUG:root:Fetch op b4170a0e 
DEBUG:root:op b4170a0e CPU and GPU endpoint: 542.134000 571.275001 
DEBUG:root:op b4170a0e CPU and GPU latency: 9.091000 11.082000 
DEBUG:root:Fetch op bb69ee1e 
DEBUG:root:op bb69ee1e CPU and GPU endpoint: 551.225000 571.275001 
DEBUG:root:op bb69ee1e CPU and GPU latency: 10.345000 2.419000 
DEBUG:root:Fetch op b40ffeca 
DEBUG:root:op b40ffeca CPU and GPU endpoint: 561.570000 571.275001 
DEBUG:root:op b40ffeca CPU and GPU latency: 9.230000 11.086000 
DEBUG:root:Fetch op f8520570 
DEBUG:root:op f8520570 CPU and GPU endpoint: 570.799999 571.275001 
DEBUG:root:op f8520570 CPU and GPU latency: 9.108000 11.097000 
DEBUG:root:Fetch op 2d66c804 
DEBUG:root:op 2d66c804 CPU and GPU endpoint: 579.907999 571.275001 
DEBUG:root:op 2d66c804 CPU and GPU latency: 21.349001 16.630000 
DEBUG:root:Fetch op f155b0bd 
DEBUG:root:op f155b0bd CPU and GPU endpoint: 579.907999 587.905001 
DEBUG:root:op f155b0bd CPU and GPU latency: 9.469000 10.555000 
DEBUG:root:Fetch op b546643b 
DEBUG:root:op b546643b CPU and GPU endpoint: 589.376999 587.905001 
DEBUG:root:op b546643b CPU and GPU latency: 37.176998 16.092000 
DEBUG:root:Fetch op 92a2b256 
DEBUG:root:op 92a2b256 CPU and GPU endpoint: 589.376999 603.997001 
DEBUG:root:op 92a2b256 CPU and GPU latency: 37.218999 15.771000 
DEBUG:root:Fetch op 0e06522c 
DEBUG:root:op 0e06522c CPU and GPU endpoint: 589.376999 619.768001 
DEBUG:root:op 0e06522c CPU and GPU latency: 21.567999 16.141001 
DEBUG:root:Fetch op 13059362 
DEBUG:root:op 13059362 CPU and GPU endpoint: 625.565000 619.768001 
DEBUG:root:op 13059362 CPU and GPU latency: 37.299999 16.094000 
DEBUG:root:Fetch op b8266ff2 
DEBUG:root:op b8266ff2 CPU and GPU endpoint: 625.565000 641.659000 
DEBUG:root:op b8266ff2 CPU and GPU latency: 21.744001 16.042999 
DEBUG:root:Fetch op e090caf1 
DEBUG:root:Fetch op 5edfc99d 
DEBUG:root:op 5edfc99d CPU and GPU endpoint: 626.041000 657.701999 
DEBUG:root:op 5edfc99d CPU and GPU latency: 9.137000 10.543000 
DEBUG:root:Fetch op c4987b6e 
DEBUG:root:op c4987b6e CPU and GPU endpoint: 635.178000 657.701999 
DEBUG:root:op c4987b6e CPU and GPU latency: 3.024000 1.524000 
DEBUG:root:Fetch op 4b5dc529 
DEBUG:root:op 4b5dc529 CPU and GPU endpoint: 638.202000 657.701999 
DEBUG:root:op 4b5dc529 CPU and GPU latency: 9.281000 10.543000 
DEBUG:root:Fetch op 486ec237 
DEBUG:root:op 486ec237 CPU and GPU endpoint: 647.483000 657.701999 
DEBUG:root:op 486ec237 CPU and GPU latency: 21.443001 16.470999 
DEBUG:root:Fetch op d644cc07 
DEBUG:root:op d644cc07 CPU and GPU endpoint: 668.926001 657.701999 
DEBUG:root:op d644cc07 CPU and GPU latency: 24.069000 16.467000 
DEBUG:root:Fetch op eacc3c50 
DEBUG:root:op eacc3c50 CPU and GPU endpoint: 668.926001 674.168999 
DEBUG:root:op eacc3c50 CPU and GPU latency: 37.011002 16.132000 
DEBUG:root:Fetch op d94e89d5 
DEBUG:root:op d94e89d5 CPU and GPU endpoint: 668.926001 690.300998 
DEBUG:root:op d94e89d5 CPU and GPU latency: 15.592000 9.719000 
DEBUG:root:Fetch op a6be3725 
DEBUG:root:Fetch op 31610967 
DEBUG:root:op 31610967 CPU and GPU endpoint: 669.047001 700.019998 
DEBUG:root:op 31610967 CPU and GPU latency: 7.162000 12.190000 
DEBUG:root:Fetch op 3f64abaa 
DEBUG:root:op 3f64abaa CPU and GPU endpoint: 676.209001 700.019998 
DEBUG:root:op 3f64abaa CPU and GPU latency: 3.729000 0.467000 
DEBUG:root:Fetch op 86850187 
DEBUG:root:op 86850187 CPU and GPU endpoint: 679.938001 700.019998 
DEBUG:root:op 86850187 CPU and GPU latency: 6.134000 10.172000 
DEBUG:root:Fetch op add6f42c 
DEBUG:root:op add6f42c CPU and GPU endpoint: 686.072001 700.019998 
DEBUG:root:op add6f42c CPU and GPU latency: 8.613000 14.226000 
DEBUG:root:Fetch op 33e38e52 
DEBUG:root:op 33e38e52 CPU and GPU endpoint: 694.685001 700.019998 
DEBUG:root:op 33e38e52 CPU and GPU latency: 34.208000 5.740000 
DEBUG:root:Fetch op d110fc5b 
DEBUG:root:op d110fc5b CPU and GPU endpoint: 694.685001 705.759998 
DEBUG:root:op d110fc5b CPU and GPU latency: 42.606998 6.018000 
DEBUG:root:Fetch op 4525e614 
DEBUG:root:op 4525e614 CPU and GPU endpoint: 694.685001 711.777999 
DEBUG:root:op 4525e614 CPU and GPU latency: 3.894000 6.189000 
DEBUG:root:Fetch op b5945541 
DEBUG:root:op b5945541 CPU and GPU endpoint: 698.579001 711.777999 
DEBUG:root:op b5945541 CPU and GPU latency: 30.965000 43.781998 
DEBUG:root:Fetch op d23ab30d 
DEBUG:root:Fetch op 299defc5 
DEBUG:root:op 299defc5 CPU and GPU endpoint: 729.620001 711.777999 
DEBUG:root:op 299defc5 CPU and GPU latency: 34.056999 5.804000 
DEBUG:root:Fetch op be7118a4 
DEBUG:root:op be7118a4 CPU and GPU endpoint: 729.620001 735.348001 
DEBUG:root:op be7118a4 CPU and GPU latency: 42.626999 6.111000 
DEBUG:root:Fetch op 2005cf87 
DEBUG:root:Fetch op 0a290589 
DEBUG:root:Fetch op 236b7e0b 
DEBUG:root:op 236b7e0b CPU and GPU endpoint: 730.018001 741.459001 
DEBUG:root:op 236b7e0b CPU and GPU latency: 14.478000 22.914000 
DEBUG:root:Fetch op 33013ffa 
DEBUG:root:op 33013ffa CPU and GPU endpoint: 744.496001 741.459001 
DEBUG:root:op 33013ffa CPU and GPU latency: 6.001000 1.236000 
DEBUG:root:Fetch op 5b3aed1b 
DEBUG:root:op 5b3aed1b CPU and GPU endpoint: 744.496001 742.695001 
DEBUG:root:op 5b3aed1b CPU and GPU latency: 11.945000 19.649001 
DEBUG:root:Fetch op 51dda3d7 
DEBUG:root:op 51dda3d7 CPU and GPU endpoint: 756.441001 742.695001 
DEBUG:root:op 51dda3d7 CPU and GPU latency: 10.225000 16.394999 
DEBUG:root:Fetch op 5186a3f0 
DEBUG:root:op 5186a3f0 CPU and GPU endpoint: 756.441001 759.090000 
DEBUG:root:op 5186a3f0 CPU and GPU latency: 7.470000 9.717000 
DEBUG:root:Fetch op 6e8820c0 
DEBUG:root:op 6e8820c0 CPU and GPU endpoint: 763.911000 759.090000 
DEBUG:root:op 6e8820c0 CPU and GPU latency: 30.849001 43.635998 
DEBUG:root:Fetch op 0f6cc30b 
DEBUG:root:op 0f6cc30b CPU and GPU endpoint: 794.760001 759.090000 
DEBUG:root:op 0f6cc30b CPU and GPU latency: 42.480000 6.258000 
DEBUG:root:Fetch op 8387be6c 
DEBUG:root:op 8387be6c CPU and GPU endpoint: 794.760001 765.348000 
DEBUG:root:op 8387be6c CPU and GPU latency: 34.180000 5.897000 
DEBUG:root:Fetch op cde9d4eb 
DEBUG:root:Fetch op b5583b68 
DEBUG:root:op b5583b68 CPU and GPU endpoint: 794.835001 771.245000 
DEBUG:root:op b5583b68 CPU and GPU latency: 33.973000 5.741000 
DEBUG:root:Fetch op b786a898 
DEBUG:root:op b786a898 CPU and GPU endpoint: 794.835001 800.501002 
DEBUG:root:op b786a898 CPU and GPU latency: 42.452999 6.089000 
DEBUG:root:Fetch op 5bddc2eb 
DEBUG:root:Fetch op cd64e9fe 
DEBUG:root:Fetch op b22146f8 
DEBUG:root:op b22146f8 CPU and GPU endpoint: 795.225001 806.590002 
DEBUG:root:op b22146f8 CPU and GPU latency: 0.549000 0.155000 
DEBUG:root:Fetch op 57a8cf75 
DEBUG:root:op 57a8cf75 CPU and GPU endpoint: 795.774001 806.590002 
DEBUG:root:op 57a8cf75 CPU and GPU latency: 14.547000 40.722001 
DEBUG:root:Fetch op 8063ed2a 
DEBUG:root:op 8063ed2a CPU and GPU endpoint: 810.321001 806.590002 
DEBUG:root:op 8063ed2a CPU and GPU latency: 0.015000 0.017000 
DEBUG:root:Fetch op 86332ce2 
DEBUG:root:op 86332ce2 CPU and GPU endpoint: 810.336001 806.590002 
DEBUG:root:op 86332ce2 CPU and GPU latency: 0.071000 0.174000 
