
Log started (V12.10.0.0) Thu Dec 31 11:40:47 2020


Problem '../models/inception-v4/redmi/subgraphs-Mixed_7b.lp' read.
Read time = 0.00 sec. (0.07 ticks)
Version identifier: 12.10.0.0 | 2019-11-27 | 843d4de
Tried aggregator 2 times.
MIP Presolve eliminated 278 rows and 2 columns.
MIP Presolve modified 696 coefficients.
Aggregator did 15 substitutions.
Reduced MIP has 534 rows, 272 columns, and 1834 nonzeros.
Reduced MIP has 245 binaries, 0 generals, 0 SOSs, and 0 indicators.
Presolve time = 0.01 sec. (1.95 ticks)
Found incumbent of value 54.000000 after 0.01 sec. (2.85 ticks)
Probing fixed 0 vars, tightened 26 bounds.
Probing time = 0.00 sec. (0.73 ticks)
Tried aggregator 1 time.
Detecting symmetries...
Reduced MIP has 534 rows, 272 columns, and 1834 nonzeros.
Reduced MIP has 245 binaries, 0 generals, 0 SOSs, and 0 indicators.
Presolve time = 0.00 sec. (1.09 ticks)
Probing fixed 0 vars, tightened 16 bounds.
Probing time = 0.00 sec. (0.71 ticks)
Clique table members: 1239.
MIP emphasis: balance optimality and feasibility.
MIP search method: dynamic search.
Parallel mode: deterministic, using up to 12 threads.
Root relaxation solution time = 0.00 sec. (2.05 ticks)

        Nodes                                         Cuts/
   Node  Left     Objective  IInf  Best Integer    Best Bound    ItCnt     Gap

*     0+    0                           54.0000        7.8823            85.40%
*     0+    0                           29.7719        7.8823            73.52%
      0     0       14.0070    69       29.7719       14.0070      161   52.95%
      0     0       19.4312    69       29.7719     Cuts: 102      239   34.73%
      0     0       21.7696    69       29.7719      Cuts: 64      266   26.88%
*     0+    0                           29.0950       21.7696            25.18%
      0     0       21.7696    69       29.0950      Cuts: 16      280   25.18%
      0     0       21.7696    69       29.0950      Cuts: 87      300   25.18%
      0     0       21.7696    69       29.0950      Cuts: 11      303   25.18%
Detecting symmetries...
*     0+    0                           28.6467       21.7696            24.01%
*     0+    0                           28.6467       24.4753            14.56%
      0     0  -1.00000e+75     0       28.6467       24.4753      303   14.56%
Detecting symmetries...
      0     2       23.8293    30       28.6467       24.4753      303   14.56%
Elapsed time = 0.08 sec. (42.35 ticks, tree = 0.02 MB, solutions = 4)
*   211+   87                           27.8461       24.4753            12.11%
*  1488   519      integral     0       27.7065       24.9854    10028    9.82%
*  1531   604      integral     0       27.6819       24.9854    13603    9.74%
   7443   592       27.0791     2       27.6819       26.6081    79793    3.88%

Performing restart 1

Repeating presolve.
Tried aggregator 1 time.
MIP Presolve eliminated 5 rows and 2 columns.
MIP Presolve modified 252 coefficients.
Reduced MIP has 529 rows, 270 columns, and 1817 nonzeros.
Reduced MIP has 243 binaries, 0 generals, 0 SOSs, and 0 indicators.
Presolve time = 0.00 sec. (1.49 ticks)
Tried aggregator 1 time.
MIP Presolve modified 126 coefficients.
Reduced MIP has 529 rows, 270 columns, and 1817 nonzeros.
Reduced MIP has 243 binaries, 0 generals, 0 SOSs, and 0 indicators.
Presolve time = 0.00 sec. (1.19 ticks)
Represolve time = 0.01 sec. (4.86 ticks)
   7853     0       24.4760   101       27.6819      Cuts: 77    85291    1.88%
   7853     0       24.9854   101       27.6819      Cuts: 36    85312    1.88%
   7853     0       24.9854   101       27.6819      Cuts: 62    85396    1.88%
   7853     0       24.9854   101       27.6819     Covers: 1    85397    1.88%
   7853     0       24.9854   101       27.6819      Cuts: 13    85422    1.88%
   7853     0       24.9854   101       27.6819     Covers: 3    85447    1.88%

Cover cuts applied:  8
Implied bound cuts applied:  44
Mixed integer rounding cuts applied:  21
Zero-half cuts applied:  1
Gomory fractional cuts applied:  4

Root node processing (before b&c):
  Real time             =    0.08 sec. (42.10 ticks)
Parallel b&c, 12 threads:
  Real time             =    0.59 sec. (385.94 ticks)
  Sync time (average)   =    0.09 sec.
  Wait time (average)   =    0.00 sec.
                          ------------
Total (root+branch&cut) =    0.67 sec. (428.04 ticks)

Solution pool: 9 solutions saved.

MIP - Integer optimal solution:  Objective =  2.7681900000e+01
Solution time =    0.67 sec.  Iterations = 85481  Nodes = 7853
Deterministic time = 428.04 ticks  (640.15 ticks/sec)


Incumbent solution written to file 'tmp.txt'.

Log started (V12.10.0.0) Thu Dec 31 11:40:52 2020


Problem '../models/inception-v4/redmi/subgraphs-Mixed_7b.lp' read.
Read time = 0.00 sec. (0.07 ticks)
Version identifier: 12.10.0.0 | 2019-11-27 | 843d4de
Tried aggregator 2 times.
MIP Presolve eliminated 278 rows and 2 columns.
MIP Presolve modified 696 coefficients.
Aggregator did 15 substitutions.
Reduced MIP has 534 rows, 272 columns, and 1834 nonzeros.
Reduced MIP has 245 binaries, 0 generals, 0 SOSs, and 0 indicators.
Presolve time = 0.00 sec. (1.95 ticks)
Found incumbent of value 54.000000 after 0.01 sec. (2.85 ticks)
Probing fixed 0 vars, tightened 26 bounds.
Probing time = 0.00 sec. (0.73 ticks)
Tried aggregator 1 time.
Detecting symmetries...
Reduced MIP has 534 rows, 272 columns, and 1834 nonzeros.
Reduced MIP has 245 binaries, 0 generals, 0 SOSs, and 0 indicators.
Presolve time = 0.00 sec. (1.09 ticks)
Probing fixed 0 vars, tightened 16 bounds.
Probing time = 0.00 sec. (0.71 ticks)
Clique table members: 1239.
MIP emphasis: balance optimality and feasibility.
MIP search method: dynamic search.
Parallel mode: deterministic, using up to 12 threads.
Root relaxation solution time = 0.00 sec. (2.05 ticks)

        Nodes                                         Cuts/
   Node  Left     Objective  IInf  Best Integer    Best Bound    ItCnt     Gap

*     0+    0                           54.0000        7.8823            85.40%
*     0+    0                           29.7719        7.8823            73.52%
      0     0       14.0070    69       29.7719       14.0070      161   52.95%
      0     0       19.4312    69       29.7719     Cuts: 102      239   34.73%
      0     0       21.7696    69       29.7719      Cuts: 64      266   26.88%
*     0+    0                           29.0950       21.7696            25.18%
      0     0       21.7696    69       29.0950      Cuts: 16      280   25.18%
      0     0       21.7696    69       29.0950      Cuts: 87      300   25.18%
      0     0       21.7696    69       29.0950      Cuts: 11      303   25.18%
Detecting symmetries...
*     0+    0                           28.6467       21.7696            24.01%
*     0+    0                           28.6467       24.4753            14.56%
      0     0  -1.00000e+75     0       28.6467       24.4753      303   14.56%
Detecting symmetries...
      0     2       23.8293    30       28.6467       24.4753      303   14.56%
Elapsed time = 0.10 sec. (42.35 ticks, tree = 0.02 MB, solutions = 4)
*   211+   87                           27.8461       24.4753            12.11%
*  1488   519      integral     0       27.7065       24.9854    10028    9.82%
*  1531   604      integral     0       27.6819       24.9854    13603    9.74%
   7443   592       27.0791     2       27.6819       26.6081    79793    3.88%

Performing restart 1

Repeating presolve.
Tried aggregator 1 time.
MIP Presolve eliminated 5 rows and 2 columns.
MIP Presolve modified 252 coefficients.
Reduced MIP has 529 rows, 270 columns, and 1817 nonzeros.
Reduced MIP has 243 binaries, 0 generals, 0 SOSs, and 0 indicators.
Presolve time = 0.00 sec. (1.49 ticks)
Tried aggregator 1 time.
MIP Presolve modified 126 coefficients.
Reduced MIP has 529 rows, 270 columns, and 1817 nonzeros.
Reduced MIP has 243 binaries, 0 generals, 0 SOSs, and 0 indicators.
Presolve time = 0.00 sec. (1.19 ticks)
Represolve time = 0.01 sec. (4.86 ticks)
   7853     0       24.4760   101       27.6819      Cuts: 77    85291    1.88%
   7853     0       24.9854   101       27.6819      Cuts: 36    85312    1.88%
   7853     0       24.9854   101       27.6819      Cuts: 62    85396    1.88%
   7853     0       24.9854   101       27.6819     Covers: 1    85397    1.88%
   7853     0       24.9854   101       27.6819      Cuts: 13    85422    1.88%
   7853     0       24.9854   101       27.6819     Covers: 3    85447    1.88%

Cover cuts applied:  8
Implied bound cuts applied:  44
Mixed integer rounding cuts applied:  21
Zero-half cuts applied:  1
Gomory fractional cuts applied:  4

Root node processing (before b&c):
  Real time             =    0.09 sec. (42.10 ticks)
Parallel b&c, 12 threads:
  Real time             =    0.59 sec. (385.94 ticks)
  Sync time (average)   =    0.09 sec.
  Wait time (average)   =    0.00 sec.
                          ------------
Total (root+branch&cut) =    0.68 sec. (428.04 ticks)

Solution pool: 9 solutions saved.

MIP - Integer optimal solution:  Objective =  2.7681900000e+01
Solution time =    0.68 sec.  Iterations = 85481  Nodes = 7853
Deterministic time = 428.04 ticks  (631.00 ticks/sec)


Incumbent solution written to file 'tmp.txt'.

Log started (V12.10.0.0) Thu Dec 31 11:41:14 2020


Problem '../models/inception-v4/redmi/subgraphs-Mixed_4a.lp' read.
Read time = 0.00 sec. (0.01 ticks)
Version identifier: 12.10.0.0 | 2019-11-27 | 843d4de
Tried aggregator 2 times.
MIP Presolve eliminated 56 rows and 2 columns.
MIP Presolve modified 96 coefficients.
Aggregator did 8 substitutions.
Reduced MIP has 92 rows, 51 columns, and 308 nonzeros.
Reduced MIP has 38 binaries, 0 generals, 0 SOSs, and 0 indicators.
Presolve time = 0.00 sec. (0.34 ticks)
Found incumbent of value 120.000000 after 0.00 sec. (0.46 ticks)
Probing fixed 0 vars, tightened 12 bounds.
Probing time = 0.00 sec. (0.05 ticks)
Tried aggregator 1 time.
Detecting symmetries...
Reduced MIP has 92 rows, 51 columns, and 308 nonzeros.
Reduced MIP has 38 binaries, 0 generals, 0 SOSs, and 0 indicators.
Presolve time = 0.00 sec. (0.18 ticks)
Probing fixed 0 vars, tightened 7 bounds.
Probing time = 0.00 sec. (0.05 ticks)
Clique table members: 72.
MIP emphasis: balance optimality and feasibility.
MIP search method: dynamic search.
Parallel mode: deterministic, using up to 12 threads.
Root relaxation solution time = 0.00 sec. (0.15 ticks)

        Nodes                                         Cuts/
   Node  Left     Objective  IInf  Best Integer    Best Bound    ItCnt     Gap

*     0+    0                          120.0000       26.9729            77.52%
*     0+    0                           86.2390       26.9729            68.72%
      0     0       50.8822     8       86.2390       50.8822       24   41.00%
*     0+    0                           83.3672       50.8822            38.97%
      0     0       79.4749     8       83.3672      Cuts: 10       41    4.67%
*     0+    0                           83.1115       79.4749             4.38%
*     0     0      integral     0       79.4749      Cuts: 19       52    0.00%
      0     0        cutoff             79.4749       79.4749       52    0.00%
Elapsed time = 0.02 sec. (2.13 ticks, tree = 0.01 MB, solutions = 5)

Clique cuts applied:  1
Implied bound cuts applied:  3
Flow cuts applied:  1
Mixed integer rounding cuts applied:  11

Root node processing (before b&c):
  Real time             =    0.02 sec. (2.14 ticks)
Parallel b&c, 12 threads:
  Real time             =    0.00 sec. (0.00 ticks)
  Sync time (average)   =    0.00 sec.
  Wait time (average)   =    0.00 sec.
                          ------------
Total (root+branch&cut) =    0.02 sec. (2.14 ticks)

Solution pool: 5 solutions saved.

MIP - Integer optimal solution:  Objective =  7.9474911000e+01
Solution time =    0.02 sec.  Iterations = 52  Nodes = 0
Deterministic time = 2.14 ticks  (96.47 ticks/sec)


Incumbent solution written to file 'tmp.txt'.

Log started (V12.10.0.0) Thu Dec 31 11:42:58 2020


Problem '../models/inception-v4/redmi/subgraphs-Mixed_7b.lp' read.
Read time = 0.00 sec. (0.07 ticks)
Version identifier: 12.10.0.0 | 2019-11-27 | 843d4de
Tried aggregator 2 times.
MIP Presolve eliminated 278 rows and 2 columns.
MIP Presolve modified 696 coefficients.
Aggregator did 15 substitutions.
Reduced MIP has 534 rows, 272 columns, and 1834 nonzeros.
Reduced MIP has 245 binaries, 0 generals, 0 SOSs, and 0 indicators.
Presolve time = 0.00 sec. (1.95 ticks)
Found incumbent of value 54.000000 after 0.01 sec. (2.85 ticks)
Probing fixed 0 vars, tightened 26 bounds.
Probing time = 0.00 sec. (0.73 ticks)
Tried aggregator 1 time.
Detecting symmetries...
Reduced MIP has 534 rows, 272 columns, and 1834 nonzeros.
Reduced MIP has 245 binaries, 0 generals, 0 SOSs, and 0 indicators.
Presolve time = 0.00 sec. (1.09 ticks)
Probing fixed 0 vars, tightened 16 bounds.
Probing time = 0.00 sec. (0.71 ticks)
Clique table members: 1239.
MIP emphasis: balance optimality and feasibility.
MIP search method: dynamic search.
Parallel mode: deterministic, using up to 12 threads.
Root relaxation solution time = 0.00 sec. (2.05 ticks)

        Nodes                                         Cuts/
   Node  Left     Objective  IInf  Best Integer    Best Bound    ItCnt     Gap

*     0+    0                           54.0000        7.8823            85.40%
*     0+    0                           29.7719        7.8823            73.52%
      0     0       14.0070    69       29.7719       14.0070      161   52.95%
      0     0       19.4312    69       29.7719     Cuts: 102      239   34.73%
      0     0       21.7696    69       29.7719      Cuts: 64      266   26.88%
*     0+    0                           29.0950       21.7696            25.18%
      0     0       21.7696    69       29.0950      Cuts: 16      280   25.18%
      0     0       21.7696    69       29.0950      Cuts: 87      300   25.18%
      0     0       21.7696    69       29.0950      Cuts: 11      303   25.18%
Detecting symmetries...
*     0+    0                           28.6467       21.7696            24.01%
*     0+    0                           28.6467       24.4753            14.56%
      0     0  -1.00000e+75     0       28.6467       24.4753      303   14.56%
Detecting symmetries...
      0     2       23.8293    30       28.6467       24.4753      303   14.56%
Elapsed time = 0.10 sec. (42.35 ticks, tree = 0.02 MB, solutions = 4)
*   211+   87                           27.8461       24.4753            12.11%
*  1488   519      integral     0       27.7065       24.9854    10028    9.82%
*  1531   604      integral     0       27.6819       24.9854    13603    9.74%
   7443   592       27.0791     2       27.6819       26.6081    79793    3.88%

Performing restart 1

Repeating presolve.
Tried aggregator 1 time.
MIP Presolve eliminated 5 rows and 2 columns.
MIP Presolve modified 252 coefficients.
Reduced MIP has 529 rows, 270 columns, and 1817 nonzeros.
Reduced MIP has 243 binaries, 0 generals, 0 SOSs, and 0 indicators.
Presolve time = 0.00 sec. (1.49 ticks)
Tried aggregator 1 time.
MIP Presolve modified 126 coefficients.
Reduced MIP has 529 rows, 270 columns, and 1817 nonzeros.
Reduced MIP has 243 binaries, 0 generals, 0 SOSs, and 0 indicators.
Presolve time = 0.00 sec. (1.19 ticks)
Represolve time = 0.01 sec. (4.86 ticks)
   7853     0       24.4760   101       27.6819      Cuts: 77    85291    1.88%
   7853     0       24.9854   101       27.6819      Cuts: 36    85312    1.88%
   7853     0       24.9854   101       27.6819      Cuts: 62    85396    1.88%
   7853     0       24.9854   101       27.6819     Covers: 1    85397    1.88%
   7853     0       24.9854   101       27.6819      Cuts: 13    85422    1.88%
   7853     0       24.9854   101       27.6819     Covers: 3    85447    1.88%

Cover cuts applied:  8
Implied bound cuts applied:  44
Mixed integer rounding cuts applied:  21
Zero-half cuts applied:  1
Gomory fractional cuts applied:  4

Root node processing (before b&c):
  Real time             =    0.10 sec. (42.10 ticks)
Parallel b&c, 12 threads:
  Real time             =    0.60 sec. (385.94 ticks)
  Sync time (average)   =    0.10 sec.
  Wait time (average)   =    0.00 sec.
                          ------------
Total (root+branch&cut) =    0.69 sec. (428.04 ticks)

Solution pool: 9 solutions saved.

MIP - Integer optimal solution:  Objective =  2.7681900000e+01
Solution time =    0.69 sec.  Iterations = 85481  Nodes = 7853
Deterministic time = 428.04 ticks  (617.23 ticks/sec)


Incumbent solution written to file 'tmp.txt'.

Log started (V12.10.0.0) Thu Dec 31 15:37:51 2020


Problem '../models/pnasnet-large/redmi/subgraphs-cell_stem_0.lp' read.
Read time = 0.02 sec. (1.08 ticks)
CPLEX Error  1016: Community Edition. Problem size limits exceeded. Purchase at http://ibm.biz/error1016.

Error termination, CPLEX Error  1016.
Solution time =    0.00 sec.
Deterministic time = 0.00 ticks  (0.00 ticks/sec)


CPLEX Error  1217: No solution exists.
No file written.

Log started (V12.10.0.0) Thu Dec 31 15:38:15 2020


Problem '../models/pnasnet-large/redmi/subgraphs-cell_0.lp' read.
Read time = 0.02 sec. (1.83 ticks)
CPLEX Error  1016: Community Edition. Problem size limits exceeded. Purchase at http://ibm.biz/error1016.

Error termination, CPLEX Error  1016.
Solution time =    0.00 sec.
Deterministic time = 0.00 ticks  (0.00 ticks/sec)


CPLEX Error  1217: No solution exists.
No file written.
