DEBUG:root:Add InceptionV3/InceptionV3/Conv2d_2a_3x3/Conv2D
DEBUG:root:Fetch op InceptionV3/InceptionV3/Conv2d_2a_3x3/Conv2D 
DEBUG:root:op InceptionV3/InceptionV3/Conv2d_2a_3x3/Conv2D CPU and GPU endpoint: 6.446900 0.000000 ,op endpoint 6.446900
DEBUG:root:op InceptionV3/InceptionV3/Conv2d_2a_3x3/Conv2D CPU and GPU latency: 16.572800 21.083300 to CPU and to GPU latency: 0.000000 2.132889
DEBUG:root:Add InceptionV3/InceptionV3/Conv2d_2b_3x3/Conv2D
DEBUG:root:Fetch op InceptionV3/InceptionV3/Conv2d_2b_3x3/Conv2D 
DEBUG:root:op InceptionV3/InceptionV3/Conv2d_2b_3x3/Conv2D CPU and GPU endpoint: 23.019700 0.000000 ,op endpoint 23.019700
DEBUG:root:op InceptionV3/InceptionV3/Conv2d_2b_3x3/Conv2D CPU and GPU latency: 30.778000 36.828400 to CPU and to GPU latency: 0.000000 1.000000
DEBUG:root:Add InceptionV3/InceptionV3/MaxPool_3a_3x3/MaxPool
DEBUG:root:Fetch op InceptionV3/InceptionV3/MaxPool_3a_3x3/MaxPool 
DEBUG:root:op InceptionV3/InceptionV3/MaxPool_3a_3x3/MaxPool CPU and GPU endpoint: 53.797700 0.000000 ,op endpoint 53.797700
DEBUG:root:op InceptionV3/InceptionV3/MaxPool_3a_3x3/MaxPool CPU and GPU latency: 2.555700 2.673300 to CPU and to GPU latency: 0.000000 4.323900
DEBUG:root:Add InceptionV3/InceptionV3/Conv2d_3b_1x1/Conv2D
DEBUG:root:Fetch op InceptionV3/InceptionV3/Conv2d_3b_1x1/Conv2D 
DEBUG:root:op InceptionV3/InceptionV3/Conv2d_3b_1x1/Conv2D CPU and GPU endpoint: 56.353400 0.000000 ,op endpoint 56.353400
DEBUG:root:op InceptionV3/InceptionV3/Conv2d_3b_1x1/Conv2D CPU and GPU latency: 4.589400 4.553000 to CPU and to GPU latency: 0.000000 11.419889
DEBUG:root:Add InceptionV3/InceptionV3/Conv2d_4a_3x3/Conv2D
DEBUG:root:Fetch op InceptionV3/InceptionV3/Conv2d_4a_3x3/Conv2D 
DEBUG:root:op InceptionV3/InceptionV3/Conv2d_4a_3x3/Conv2D CPU and GPU endpoint: 60.942800 0.000000 ,op endpoint 60.942800
DEBUG:root:op InceptionV3/InceptionV3/Conv2d_4a_3x3/Conv2D CPU and GPU latency: 41.136000 48.869100 to CPU and to GPU latency: 0.000000 3.610333
DEBUG:root:Add InceptionV3/InceptionV3/MaxPool_5a_3x3/MaxPool
DEBUG:root:Fetch op InceptionV3/InceptionV3/MaxPool_5a_3x3/MaxPool 
DEBUG:root:op InceptionV3/InceptionV3/MaxPool_5a_3x3/MaxPool CPU and GPU endpoint: 102.078800 0.000000 ,op endpoint 102.078800
DEBUG:root:op InceptionV3/InceptionV3/MaxPool_5a_3x3/MaxPool CPU and GPU latency: 2.067800 2.682778 to CPU and to GPU latency: 0.000000 3.079800
DEBUG:root:Add InceptionV3/InceptionV3/Mixed_5b/Branch_3/AvgPool_0a_3x3/AvgPool
DEBUG:root:Add InceptionV3/InceptionV3/Mixed_5b/Branch_0/Conv2d_0a_1x1/Conv2D
DEBUG:root:Add InceptionV3/InceptionV3/Mixed_5b/Branch_2/Conv2d_0a_1x1/Conv2D
DEBUG:root:Add InceptionV3/InceptionV3/Mixed_5b/Branch_1/Conv2d_0a_1x1/Conv2D
DEBUG:root:Fetch op InceptionV3/InceptionV3/Mixed_5b/Branch_0/Conv2d_0a_1x1/Conv2D 
DEBUG:root:op InceptionV3/InceptionV3/Mixed_5b/Branch_0/Conv2d_0a_1x1/Conv2D CPU and GPU endpoint: 104.146600 0.000000 ,op endpoint 104.146600
DEBUG:root:op InceptionV3/InceptionV3/Mixed_5b/Branch_0/Conv2d_0a_1x1/Conv2D CPU and GPU latency: 2.267900 2.800200 to CPU and to GPU latency: 0.000000 9.157600
DEBUG:root:Fetch op InceptionV3/InceptionV3/Mixed_5b/Branch_1/Conv2d_0a_1x1/Conv2D 
DEBUG:root:op InceptionV3/InceptionV3/Mixed_5b/Branch_1/Conv2d_0a_1x1/Conv2D CPU and GPU endpoint: 106.414500 0.000000 ,op endpoint 104.146600
DEBUG:root:op InceptionV3/InceptionV3/Mixed_5b/Branch_1/Conv2d_0a_1x1/Conv2D CPU and GPU latency: 1.811200 2.467600 to CPU and to GPU latency: 0.000000 9.157600
DEBUG:root:Add InceptionV3/InceptionV3/Mixed_5b/Branch_1/Conv2d_0b_5x5/Conv2D
DEBUG:root:Fetch op InceptionV3/InceptionV3/Mixed_5b/Branch_2/Conv2d_0a_1x1/Conv2D 
DEBUG:root:op InceptionV3/InceptionV3/Mixed_5b/Branch_2/Conv2d_0a_1x1/Conv2D CPU and GPU endpoint: 108.225700 0.000000 ,op endpoint 104.146600
DEBUG:root:op InceptionV3/InceptionV3/Mixed_5b/Branch_2/Conv2d_0a_1x1/Conv2D CPU and GPU latency: 2.269200 2.785300 to CPU and to GPU latency: 0.000000 9.157600
DEBUG:root:Add InceptionV3/InceptionV3/Mixed_5b/Branch_2/Conv2d_0b_3x3/Conv2D
DEBUG:root:Fetch op InceptionV3/InceptionV3/Mixed_5b/Branch_3/AvgPool_0a_3x3/AvgPool 
DEBUG:root:op InceptionV3/InceptionV3/Mixed_5b/Branch_3/AvgPool_0a_3x3/AvgPool CPU and GPU endpoint: 110.494900 0.000000 ,op endpoint 104.146600
DEBUG:root:op InceptionV3/InceptionV3/Mixed_5b/Branch_3/AvgPool_0a_3x3/AvgPool CPU and GPU latency: 1.742100 1.912600 to CPU and to GPU latency: 0.000000 9.157600
DEBUG:root:Add InceptionV3/InceptionV3/Mixed_5b/Branch_3/Conv2d_0b_1x1/Conv2D
DEBUG:root:Fetch op InceptionV3/InceptionV3/Mixed_5b/Branch_1/Conv2d_0b_5x5/Conv2D 
DEBUG:root:op InceptionV3/InceptionV3/Mixed_5b/Branch_1/Conv2d_0b_5x5/Conv2D CPU and GPU endpoint: 112.237000 0.000000 ,op endpoint 108.225700
DEBUG:root:op InceptionV3/InceptionV3/Mixed_5b/Branch_1/Conv2d_0b_5x5/Conv2D CPU and GPU latency: 4.987700 7.607700 to CPU and to GPU latency: 0.000000 3.878851
DEBUG:root:Fetch op InceptionV3/InceptionV3/Mixed_5b/Branch_2/Conv2d_0b_3x3/Conv2D 
DEBUG:root:op InceptionV3/InceptionV3/Mixed_5b/Branch_2/Conv2d_0b_3x3/Conv2D CPU and GPU endpoint: 117.224700 0.000000 ,op endpoint 110.494900
DEBUG:root:op InceptionV3/InceptionV3/Mixed_5b/Branch_2/Conv2d_0b_3x3/Conv2D CPU and GPU latency: 5.152500 5.966900 to CPU and to GPU latency: 0.000000 3.878851
DEBUG:root:Add InceptionV3/InceptionV3/Mixed_5b/Branch_2/Conv2d_0c_3x3/Conv2D
DEBUG:root:Fetch op InceptionV3/InceptionV3/Mixed_5b/Branch_3/Conv2d_0b_1x1/Conv2D 
DEBUG:root:op InceptionV3/InceptionV3/Mixed_5b/Branch_3/Conv2d_0b_1x1/Conv2D CPU and GPU endpoint: 117.224700 120.340651 ,op endpoint 112.237000
DEBUG:root:op InceptionV3/InceptionV3/Mixed_5b/Branch_3/Conv2d_0b_1x1/Conv2D CPU and GPU latency: 1.350000 2.094800 to CPU and to GPU latency: 0.000000 3.878851
DEBUG:root:Fetch op InceptionV3/InceptionV3/Mixed_5b/Branch_2/Conv2d_0c_3x3/Conv2D 
DEBUG:root:op InceptionV3/InceptionV3/Mixed_5b/Branch_2/Conv2d_0c_3x3/Conv2D CPU and GPU endpoint: 118.574700 120.340651 ,op endpoint 120.340651
DEBUG:root:op InceptionV3/InceptionV3/Mixed_5b/Branch_2/Conv2d_0c_3x3/Conv2D CPU and GPU latency: 7.138400 8.086400 to CPU and to GPU latency: 1.851167 0.000000
DEBUG:root:Add InceptionV3/InceptionV3/Mixed_5b/concat
DEBUG:root:Fetch op InceptionV3/InceptionV3/Mixed_5b/concat 
DEBUG:root:op InceptionV3/InceptionV3/Mixed_5b/concat CPU and GPU endpoint: 118.574700 128.427051 ,op endpoint 128.427051
DEBUG:root:op InceptionV3/InceptionV3/Mixed_5b/concat CPU and GPU latency: 0.603900 1.686200 to CPU and to GPU latency: 1.834552 3.878851
DEBUG:root:Add InceptionV3/InceptionV3/Mixed_5c/Branch_0/Conv2d_0a_1x1/Conv2D
DEBUG:root:Add InceptionV3/InceptionV3/Mixed_5c/Branch_2/Conv2d_0a_1x1/Conv2D
DEBUG:root:Add InceptionV3/InceptionV3/Mixed_5c/Branch_1/Conv2d_0b_1x1/Conv2D
DEBUG:root:Add InceptionV3/InceptionV3/Mixed_5c/Branch_3/AvgPool_0a_3x3/AvgPool
DEBUG:root:Fetch op InceptionV3/InceptionV3/Mixed_5c/Branch_0/Conv2d_0a_1x1/Conv2D 
DEBUG:root:op InceptionV3/InceptionV3/Mixed_5c/Branch_0/Conv2d_0a_1x1/Conv2D CPU and GPU endpoint: 130.865503 128.427051 ,op endpoint 130.865503
DEBUG:root:op InceptionV3/InceptionV3/Mixed_5c/Branch_0/Conv2d_0a_1x1/Conv2D CPU and GPU latency: 3.090000 3.468800 to CPU and to GPU latency: 0.000000 9.929222
DEBUG:root:Fetch op InceptionV3/InceptionV3/Mixed_5c/Branch_1/Conv2d_0b_1x1/Conv2D 
DEBUG:root:op InceptionV3/InceptionV3/Mixed_5c/Branch_1/Conv2d_0b_1x1/Conv2D CPU and GPU endpoint: 133.955503 128.427051 ,op endpoint 130.865503
DEBUG:root:op InceptionV3/InceptionV3/Mixed_5c/Branch_1/Conv2d_0b_1x1/Conv2D CPU and GPU latency: 2.441000 2.895900 to CPU and to GPU latency: 0.000000 9.929222
DEBUG:root:Add InceptionV3/InceptionV3/Mixed_5c/Branch_1/Conv_1_0c_5x5/Conv2D
DEBUG:root:Fetch op InceptionV3/InceptionV3/Mixed_5c/Branch_2/Conv2d_0a_1x1/Conv2D 
DEBUG:root:op InceptionV3/InceptionV3/Mixed_5c/Branch_2/Conv2d_0a_1x1/Conv2D CPU and GPU endpoint: 136.396503 128.427051 ,op endpoint 130.865503
DEBUG:root:op InceptionV3/InceptionV3/Mixed_5c/Branch_2/Conv2d_0a_1x1/Conv2D CPU and GPU latency: 3.049400 3.421800 to CPU and to GPU latency: 0.000000 9.929222
DEBUG:root:Add InceptionV3/InceptionV3/Mixed_5c/Branch_2/Conv2d_0b_3x3/Conv2D
DEBUG:root:Fetch op InceptionV3/InceptionV3/Mixed_5c/Branch_3/AvgPool_0a_3x3/AvgPool 
DEBUG:root:op InceptionV3/InceptionV3/Mixed_5c/Branch_3/AvgPool_0a_3x3/AvgPool CPU and GPU endpoint: 139.445903 128.427051 ,op endpoint 130.865503
DEBUG:root:op InceptionV3/InceptionV3/Mixed_5c/Branch_3/AvgPool_0a_3x3/AvgPool CPU and GPU latency: 2.316700 2.718100 to CPU and to GPU latency: 0.000000 9.929222
DEBUG:root:Add InceptionV3/InceptionV3/Mixed_5c/Branch_3/Conv2d_0b_1x1/Conv2D
DEBUG:root:Fetch op InceptionV3/InceptionV3/Mixed_5c/Branch_1/Conv_1_0c_5x5/Conv2D 
DEBUG:root:op InceptionV3/InceptionV3/Mixed_5c/Branch_1/Conv_1_0c_5x5/Conv2D CPU and GPU endpoint: 141.762603 128.427051 ,op endpoint 136.396503
DEBUG:root:op InceptionV3/InceptionV3/Mixed_5c/Branch_1/Conv_1_0c_5x5/Conv2D CPU and GPU latency: 5.029000 7.835600 to CPU and to GPU latency: 0.000000 3.020780
DEBUG:root:Fetch op InceptionV3/InceptionV3/Mixed_5c/Branch_2/Conv2d_0b_3x3/Conv2D 
DEBUG:root:op InceptionV3/InceptionV3/Mixed_5c/Branch_2/Conv2d_0b_3x3/Conv2D CPU and GPU endpoint: 146.791603 128.427051 ,op endpoint 139.445903
DEBUG:root:op InceptionV3/InceptionV3/Mixed_5c/Branch_2/Conv2d_0b_3x3/Conv2D CPU and GPU latency: 5.215600 6.146900 to CPU and to GPU latency: 0.000000 3.020780
DEBUG:root:Add InceptionV3/InceptionV3/Mixed_5c/Branch_2/Conv2d_0c_3x3/Conv2D
DEBUG:root:Fetch op InceptionV3/InceptionV3/Mixed_5c/Branch_3/Conv2d_0b_1x1/Conv2D 
DEBUG:root:op InceptionV3/InceptionV3/Mixed_5c/Branch_3/Conv2d_0b_1x1/Conv2D CPU and GPU endpoint: 146.791603 148.613583 ,op endpoint 141.762603
DEBUG:root:op InceptionV3/InceptionV3/Mixed_5c/Branch_3/Conv2d_0b_1x1/Conv2D CPU and GPU latency: 3.089000 3.475600 to CPU and to GPU latency: 0.000000 3.020780
DEBUG:root:Fetch op InceptionV3/InceptionV3/Mixed_5c/Branch_2/Conv2d_0c_3x3/Conv2D 
DEBUG:root:op InceptionV3/InceptionV3/Mixed_5c/Branch_2/Conv2d_0c_3x3/Conv2D CPU and GPU endpoint: 149.880603 148.613583 ,op endpoint 148.613583
DEBUG:root:op InceptionV3/InceptionV3/Mixed_5c/Branch_2/Conv2d_0c_3x3/Conv2D CPU and GPU latency: 7.143900 8.143200 to CPU and to GPU latency: 1.851167 0.000000
DEBUG:root:Add InceptionV3/InceptionV3/Mixed_5c/concat
DEBUG:root:Fetch op InceptionV3/InceptionV3/Mixed_5c/concat 
DEBUG:root:op InceptionV3/InceptionV3/Mixed_5c/concat CPU and GPU endpoint: 149.880603 156.756783 ,op endpoint 156.756783
DEBUG:root:op InceptionV3/InceptionV3/Mixed_5c/concat CPU and GPU latency: 0.652600 1.748100 to CPU and to GPU latency: 3.020780 3.020780
DEBUG:root:Add InceptionV3/InceptionV3/Mixed_5d/Branch_3/AvgPool_0a_3x3/AvgPool
DEBUG:root:Add InceptionV3/InceptionV3/Mixed_5d/Branch_0/Conv2d_0a_1x1/Conv2D
DEBUG:root:Add InceptionV3/InceptionV3/Mixed_5d/Branch_1/Conv2d_0a_1x1/Conv2D
DEBUG:root:Add InceptionV3/InceptionV3/Mixed_5d/Branch_2/Conv2d_0a_1x1/Conv2D
DEBUG:root:Fetch op InceptionV3/InceptionV3/Mixed_5d/Branch_0/Conv2d_0a_1x1/Conv2D 
DEBUG:root:op InceptionV3/InceptionV3/Mixed_5d/Branch_0/Conv2d_0a_1x1/Conv2D CPU and GPU endpoint: 160.430163 156.756783 ,op endpoint 160.430163
DEBUG:root:op InceptionV3/InceptionV3/Mixed_5d/Branch_0/Conv2d_0a_1x1/Conv2D CPU and GPU latency: 3.478200 3.754600 to CPU and to GPU latency: 0.000000 9.260111
DEBUG:root:Fetch op InceptionV3/InceptionV3/Mixed_5d/Branch_1/Conv2d_0a_1x1/Conv2D 
DEBUG:root:op InceptionV3/InceptionV3/Mixed_5d/Branch_1/Conv2d_0a_1x1/Conv2D CPU and GPU endpoint: 163.908363 156.756783 ,op endpoint 160.430163
DEBUG:root:op InceptionV3/InceptionV3/Mixed_5d/Branch_1/Conv2d_0a_1x1/Conv2D CPU and GPU latency: 2.732000 3.257400 to CPU and to GPU latency: 0.000000 9.260111
DEBUG:root:Add InceptionV3/InceptionV3/Mixed_5d/Branch_1/Conv2d_0b_5x5/Conv2D
DEBUG:root:Fetch op InceptionV3/InceptionV3/Mixed_5d/Branch_2/Conv2d_0a_1x1/Conv2D 
DEBUG:root:op InceptionV3/InceptionV3/Mixed_5d/Branch_2/Conv2d_0a_1x1/Conv2D CPU and GPU endpoint: 166.640363 156.756783 ,op endpoint 160.430163
DEBUG:root:op InceptionV3/InceptionV3/Mixed_5d/Branch_2/Conv2d_0a_1x1/Conv2D CPU and GPU latency: 3.498800 3.743500 to CPU and to GPU latency: 0.000000 9.260111
DEBUG:root:Add InceptionV3/InceptionV3/Mixed_5d/Branch_2/Conv2d_0b_3x3/Conv2D
DEBUG:root:Fetch op InceptionV3/InceptionV3/Mixed_5d/Branch_3/AvgPool_0a_3x3/AvgPool 
DEBUG:root:op InceptionV3/InceptionV3/Mixed_5d/Branch_3/AvgPool_0a_3x3/AvgPool CPU and GPU endpoint: 170.139163 156.756783 ,op endpoint 160.430163
DEBUG:root:op InceptionV3/InceptionV3/Mixed_5d/Branch_3/AvgPool_0a_3x3/AvgPool CPU and GPU latency: 2.607400 2.984400 to CPU and to GPU latency: 0.000000 9.260111
DEBUG:root:Add InceptionV3/InceptionV3/Mixed_5d/Branch_3/Conv2d_0b_1x1/Conv2D
DEBUG:root:Fetch op InceptionV3/InceptionV3/Mixed_5d/Branch_1/Conv2d_0b_5x5/Conv2D 
DEBUG:root:op InceptionV3/InceptionV3/Mixed_5d/Branch_1/Conv2d_0b_5x5/Conv2D CPU and GPU endpoint: 170.139163 172.674674 ,op endpoint 166.640363
DEBUG:root:op InceptionV3/InceptionV3/Mixed_5d/Branch_1/Conv2d_0b_5x5/Conv2D CPU and GPU latency: 5.045400 7.637300 to CPU and to GPU latency: 0.000000 3.400571
DEBUG:root:Fetch op InceptionV3/InceptionV3/Mixed_5d/Branch_2/Conv2d_0b_3x3/Conv2D 
DEBUG:root:op InceptionV3/InceptionV3/Mixed_5d/Branch_2/Conv2d_0b_3x3/Conv2D CPU and GPU endpoint: 175.184563 172.674674 ,op endpoint 170.139163
DEBUG:root:op InceptionV3/InceptionV3/Mixed_5d/Branch_2/Conv2d_0b_3x3/Conv2D CPU and GPU latency: 5.151600 6.082100 to CPU and to GPU latency: 0.000000 3.400571
DEBUG:root:Add InceptionV3/InceptionV3/Mixed_5d/Branch_2/Conv2d_0c_3x3/Conv2D
DEBUG:root:Fetch op InceptionV3/InceptionV3/Mixed_5d/Branch_3/Conv2d_0b_1x1/Conv2D 
DEBUG:root:op InceptionV3/InceptionV3/Mixed_5d/Branch_3/Conv2d_0b_1x1/Conv2D CPU and GPU endpoint: 180.336163 172.674674 ,op endpoint 172.674674
DEBUG:root:op InceptionV3/InceptionV3/Mixed_5d/Branch_3/Conv2d_0b_1x1/Conv2D CPU and GPU latency: 3.517000 3.757900 to CPU and to GPU latency: 3.120318 0.000000
DEBUG:root:Fetch op InceptionV3/InceptionV3/Mixed_5d/Branch_2/Conv2d_0c_3x3/Conv2D 
DEBUG:root:op InceptionV3/InceptionV3/Mixed_5d/Branch_2/Conv2d_0c_3x3/Conv2D CPU and GPU endpoint: 180.336163 176.432574 ,op endpoint 180.336163
DEBUG:root:op InceptionV3/InceptionV3/Mixed_5d/Branch_2/Conv2d_0c_3x3/Conv2D CPU and GPU latency: 7.198600 8.126500 to CPU and to GPU latency: 0.000000 2.309667
DEBUG:root:Add InceptionV3/InceptionV3/Mixed_5d/concat
DEBUG:root:Fetch op InceptionV3/InceptionV3/Mixed_5d/concat 
DEBUG:root:op InceptionV3/InceptionV3/Mixed_5d/concat CPU and GPU endpoint: 187.534763 176.432574 ,op endpoint 187.534763
DEBUG:root:op InceptionV3/InceptionV3/Mixed_5d/concat CPU and GPU latency: 0.669900 2.051600 to CPU and to GPU latency: 3.120318 3.400571
DEBUG:root:Add InceptionV3/InceptionV3/Mixed_6a/Branch_0/Conv2d_1a_1x1/Conv2D
DEBUG:root:Add InceptionV3/InceptionV3/Mixed_6a/Branch_2/MaxPool_1a_3x3/MaxPool
DEBUG:root:Add InceptionV3/InceptionV3/Mixed_6a/Branch_1/Conv2d_0a_1x1/Conv2D
DEBUG:root:Fetch op InceptionV3/InceptionV3/Mixed_6a/Branch_0/Conv2d_1a_1x1/Conv2D 
DEBUG:root:op InceptionV3/InceptionV3/Mixed_6a/Branch_0/Conv2d_1a_1x1/Conv2D CPU and GPU endpoint: 191.324981 176.432574 ,op endpoint 191.324981
DEBUG:root:op InceptionV3/InceptionV3/Mixed_6a/Branch_0/Conv2d_1a_1x1/Conv2D CPU and GPU latency: 55.520200 51.340200 to CPU and to GPU latency: 0.000000 9.260111
DEBUG:root:Fetch op InceptionV3/InceptionV3/Mixed_6a/Branch_1/Conv2d_0a_1x1/Conv2D 
DEBUG:root:op InceptionV3/InceptionV3/Mixed_6a/Branch_1/Conv2d_0a_1x1/Conv2D CPU and GPU endpoint: 246.845181 176.432574 ,op endpoint 191.324981
DEBUG:root:op InceptionV3/InceptionV3/Mixed_6a/Branch_1/Conv2d_0a_1x1/Conv2D CPU and GPU latency: 3.431600 3.767000 to CPU and to GPU latency: 0.000000 9.260111
DEBUG:root:Add InceptionV3/InceptionV3/Mixed_6a/Branch_1/Conv2d_0b_3x3/Conv2D
DEBUG:root:Fetch op InceptionV3/InceptionV3/Mixed_6a/Branch_2/MaxPool_1a_3x3/MaxPool 
DEBUG:root:op InceptionV3/InceptionV3/Mixed_6a/Branch_2/MaxPool_1a_3x3/MaxPool CPU and GPU endpoint: 246.845181 204.352092 ,op endpoint 191.324981
DEBUG:root:op InceptionV3/InceptionV3/Mixed_6a/Branch_2/MaxPool_1a_3x3/MaxPool CPU and GPU latency: 0.730700 1.437000 to CPU and to GPU latency: 0.000000 9.260111
DEBUG:root:Fetch op InceptionV3/InceptionV3/Mixed_6a/Branch_1/Conv2d_0b_3x3/Conv2D 
DEBUG:root:op InceptionV3/InceptionV3/Mixed_6a/Branch_1/Conv2d_0b_3x3/Conv2D CPU and GPU endpoint: 246.845181 215.049203 ,op endpoint 204.352092
DEBUG:root:op InceptionV3/InceptionV3/Mixed_6a/Branch_1/Conv2d_0b_3x3/Conv2D CPU and GPU latency: 5.283900 6.434900 to CPU and to GPU latency: 3.120318 0.000000
DEBUG:root:Add InceptionV3/InceptionV3/Mixed_6a/Branch_1/Conv2d_1a_1x1/Conv2D
DEBUG:root:Fetch op InceptionV3/InceptionV3/Mixed_6a/Branch_1/Conv2d_1a_1x1/Conv2D 
DEBUG:root:op InceptionV3/InceptionV3/Mixed_6a/Branch_1/Conv2d_1a_1x1/Conv2D CPU and GPU endpoint: 246.845181 221.484103 ,op endpoint 221.484103
DEBUG:root:op InceptionV3/InceptionV3/Mixed_6a/Branch_1/Conv2d_1a_1x1/Conv2D CPU and GPU latency: 4.608200 5.024500 to CPU and to GPU latency: 1.851167 0.000000
DEBUG:root:Add InceptionV3/InceptionV3/Mixed_6a/concat
DEBUG:root:Fetch op InceptionV3/InceptionV3/Mixed_6a/concat 
DEBUG:root:op InceptionV3/InceptionV3/Mixed_6a/concat CPU and GPU endpoint: 246.845181 226.508603 ,op endpoint 246.845181
DEBUG:root:op InceptionV3/InceptionV3/Mixed_6a/concat CPU and GPU latency: 0.456800 1.678500 to CPU and to GPU latency: 3.400571 3.400571
DEBUG:root:Add InceptionV3/InceptionV3/Mixed_6b/Branch_1/Conv2d_0a_1x1/Conv2D
DEBUG:root:Add InceptionV3/InceptionV3/Mixed_6b/Branch_2/Conv2d_0a_1x1/Conv2D
DEBUG:root:Add InceptionV3/InceptionV3/Mixed_6b/Branch_3/AvgPool_0a_3x3/AvgPool
DEBUG:root:Add InceptionV3/InceptionV3/Mixed_6b/Branch_0/Conv2d_0a_1x1/Conv2D
DEBUG:root:Fetch op InceptionV3/InceptionV3/Mixed_6b/Branch_0/Conv2d_0a_1x1/Conv2D 
DEBUG:root:op InceptionV3/InceptionV3/Mixed_6b/Branch_0/Conv2d_0a_1x1/Conv2D CPU and GPU endpoint: 250.702552 226.508603 ,op endpoint 250.702552
DEBUG:root:op InceptionV3/InceptionV3/Mixed_6b/Branch_0/Conv2d_0a_1x1/Conv2D CPU and GPU latency: 6.944200 6.199300 to CPU and to GPU latency: 0.000000 5.002700
DEBUG:root:Fetch op InceptionV3/InceptionV3/Mixed_6b/Branch_1/Conv2d_0a_1x1/Conv2D 
DEBUG:root:op InceptionV3/InceptionV3/Mixed_6b/Branch_1/Conv2d_0a_1x1/Conv2D CPU and GPU endpoint: 257.646752 226.508603 ,op endpoint 250.702552
DEBUG:root:op InceptionV3/InceptionV3/Mixed_6b/Branch_1/Conv2d_0a_1x1/Conv2D CPU and GPU latency: 4.568400 4.560400 to CPU and to GPU latency: 0.000000 5.002700
DEBUG:root:Add InceptionV3/InceptionV3/Mixed_6b/Branch_1/Conv2d_0b_1x7/Conv2D
DEBUG:root:Fetch op InceptionV3/InceptionV3/Mixed_6b/Branch_2/Conv2d_0a_1x1/Conv2D 
DEBUG:root:op InceptionV3/InceptionV3/Mixed_6b/Branch_2/Conv2d_0a_1x1/Conv2D CPU and GPU endpoint: 257.646752 260.265652 ,op endpoint 250.702552
DEBUG:root:op InceptionV3/InceptionV3/Mixed_6b/Branch_2/Conv2d_0a_1x1/Conv2D CPU and GPU latency: 4.606800 4.556500 to CPU and to GPU latency: 0.000000 5.002700
DEBUG:root:Add InceptionV3/InceptionV3/Mixed_6b/Branch_2/Conv2d_0b_7x1/Conv2D
DEBUG:root:Fetch op InceptionV3/InceptionV3/Mixed_6b/Branch_3/AvgPool_0a_3x3/AvgPool 
DEBUG:root:op InceptionV3/InceptionV3/Mixed_6b/Branch_3/AvgPool_0a_3x3/AvgPool CPU and GPU endpoint: 262.253552 260.265652 ,op endpoint 250.702552
DEBUG:root:op InceptionV3/InceptionV3/Mixed_6b/Branch_3/AvgPool_0a_3x3/AvgPool CPU and GPU latency: 1.607800 3.395800 to CPU and to GPU latency: 0.000000 5.002700
DEBUG:root:Add InceptionV3/InceptionV3/Mixed_6b/Branch_3/Conv2d_0b_1x1/Conv2D
DEBUG:root:Fetch op InceptionV3/InceptionV3/Mixed_6b/Branch_1/Conv2d_0b_1x7/Conv2D 
DEBUG:root:op InceptionV3/InceptionV3/Mixed_6b/Branch_1/Conv2d_0b_1x7/Conv2D CPU and GPU endpoint: 263.861352 260.265652 ,op endpoint 260.265652
DEBUG:root:op InceptionV3/InceptionV3/Mixed_6b/Branch_1/Conv2d_0b_1x7/Conv2D CPU and GPU latency: 5.517700 6.446300 to CPU and to GPU latency: 2.960629 0.000000
DEBUG:root:Add InceptionV3/InceptionV3/Mixed_6b/Branch_1/Conv2d_0c_7x1/Conv2D
DEBUG:root:Fetch op InceptionV3/InceptionV3/Mixed_6b/Branch_2/Conv2d_0b_7x1/Conv2D 
DEBUG:root:op InceptionV3/InceptionV3/Mixed_6b/Branch_2/Conv2d_0b_7x1/Conv2D CPU and GPU endpoint: 263.861352 266.711952 ,op endpoint 262.253552
DEBUG:root:op InceptionV3/InceptionV3/Mixed_6b/Branch_2/Conv2d_0b_7x1/Conv2D CPU and GPU latency: 5.718500 6.266400 to CPU and to GPU latency: 0.000000 2.979533
DEBUG:root:Add InceptionV3/InceptionV3/Mixed_6b/Branch_2/Conv2d_0c_1x7/Conv2D
DEBUG:root:Fetch op InceptionV3/InceptionV3/Mixed_6b/Branch_3/Conv2d_0b_1x1/Conv2D 
DEBUG:root:op InceptionV3/InceptionV3/Mixed_6b/Branch_3/Conv2d_0b_1x1/Conv2D CPU and GPU endpoint: 269.579852 266.711952 ,op endpoint 263.861352
DEBUG:root:op InceptionV3/InceptionV3/Mixed_6b/Branch_3/Conv2d_0b_1x1/Conv2D CPU and GPU latency: 7.051600 6.219100 to CPU and to GPU latency: 0.000000 2.979533
DEBUG:root:Fetch op InceptionV3/InceptionV3/Mixed_6b/Branch_1/Conv2d_0c_7x1/Conv2D 
DEBUG:root:op InceptionV3/InceptionV3/Mixed_6b/Branch_1/Conv2d_0c_7x1/Conv2D CPU and GPU endpoint: 269.579852 275.910586 ,op endpoint 266.711952
DEBUG:root:op InceptionV3/InceptionV3/Mixed_6b/Branch_1/Conv2d_0c_7x1/Conv2D CPU and GPU latency: 8.163000 9.027900 to CPU and to GPU latency: 1.499241 0.000000
DEBUG:root:Fetch op InceptionV3/InceptionV3/Mixed_6b/Branch_2/Conv2d_0c_1x7/Conv2D 
DEBUG:root:op InceptionV3/InceptionV3/Mixed_6b/Branch_2/Conv2d_0c_1x7/Conv2D CPU and GPU endpoint: 279.242094 275.910586 ,op endpoint 269.579852
DEBUG:root:op InceptionV3/InceptionV3/Mixed_6b/Branch_2/Conv2d_0c_1x7/Conv2D CPU and GPU latency: 5.501800 6.783300 to CPU and to GPU latency: 0.000000 1.662479
DEBUG:root:Add InceptionV3/InceptionV3/Mixed_6b/Branch_2/Conv2d_0d_7x1/Conv2D
DEBUG:root:Fetch op InceptionV3/InceptionV3/Mixed_6b/Branch_2/Conv2d_0d_7x1/Conv2D 
DEBUG:root:op InceptionV3/InceptionV3/Mixed_6b/Branch_2/Conv2d_0d_7x1/Conv2D CPU and GPU endpoint: 279.242094 284.356365 ,op endpoint 284.356365
DEBUG:root:op InceptionV3/InceptionV3/Mixed_6b/Branch_2/Conv2d_0d_7x1/Conv2D CPU and GPU latency: 5.596400 6.285900 to CPU and to GPU latency: 1.499241 0.000000
DEBUG:root:Add InceptionV3/InceptionV3/Mixed_6b/Branch_2/Conv2d_0e_1x7/Conv2D
DEBUG:root:Fetch op InceptionV3/InceptionV3/Mixed_6b/Branch_2/Conv2d_0e_1x7/Conv2D 
DEBUG:root:op InceptionV3/InceptionV3/Mixed_6b/Branch_2/Conv2d_0e_1x7/Conv2D CPU and GPU endpoint: 279.242094 290.642265 ,op endpoint 290.642265
DEBUG:root:op InceptionV3/InceptionV3/Mixed_6b/Branch_2/Conv2d_0e_1x7/Conv2D CPU and GPU latency: 8.055500 9.140200 to CPU and to GPU latency: 1.499241 0.000000
DEBUG:root:Add InceptionV3/InceptionV3/Mixed_6b/concat
DEBUG:root:Fetch op InceptionV3/InceptionV3/Mixed_6b/concat 
DEBUG:root:op InceptionV3/InceptionV3/Mixed_6b/concat CPU and GPU endpoint: 279.242094 299.782465 ,op endpoint 299.782465
DEBUG:root:op InceptionV3/InceptionV3/Mixed_6b/concat CPU and GPU latency: 0.484200 1.715000 to CPU and to GPU latency: 1.662479 2.979533
DEBUG:root:Add InceptionV3/InceptionV3/Mixed_6c/Branch_0/Conv2d_0a_1x1/Conv2D
DEBUG:root:Add InceptionV3/InceptionV3/Mixed_6c/Branch_2/Conv2d_0a_1x1/Conv2D
DEBUG:root:Add InceptionV3/InceptionV3/Mixed_6c/Branch_3/AvgPool_0a_3x3/AvgPool
DEBUG:root:Add InceptionV3/InceptionV3/Mixed_6c/Branch_1/Conv2d_0a_1x1/Conv2D
DEBUG:root:Fetch op InceptionV3/InceptionV3/Mixed_6c/Branch_0/Conv2d_0a_1x1/Conv2D 
DEBUG:root:op InceptionV3/InceptionV3/Mixed_6c/Branch_0/Conv2d_0a_1x1/Conv2D CPU and GPU endpoint: 301.929144 299.782465 ,op endpoint 301.929144
DEBUG:root:op InceptionV3/InceptionV3/Mixed_6c/Branch_0/Conv2d_0a_1x1/Conv2D CPU and GPU latency: 6.971100 6.288400 to CPU and to GPU latency: 0.000000 7.109538
DEBUG:root:Fetch op InceptionV3/InceptionV3/Mixed_6c/Branch_1/Conv2d_0a_1x1/Conv2D 
DEBUG:root:op InceptionV3/InceptionV3/Mixed_6c/Branch_1/Conv2d_0a_1x1/Conv2D CPU and GPU endpoint: 308.900244 299.782465 ,op endpoint 301.929144
DEBUG:root:op InceptionV3/InceptionV3/Mixed_6c/Branch_1/Conv2d_0a_1x1/Conv2D CPU and GPU latency: 5.812500 5.851800 to CPU and to GPU latency: 0.000000 7.109538
DEBUG:root:Add InceptionV3/InceptionV3/Mixed_6c/Branch_1/Conv2d_0b_1x7/Conv2D
DEBUG:root:Fetch op InceptionV3/InceptionV3/Mixed_6c/Branch_2/Conv2d_0a_1x1/Conv2D 
DEBUG:root:op InceptionV3/InceptionV3/Mixed_6c/Branch_2/Conv2d_0a_1x1/Conv2D CPU and GPU endpoint: 314.712744 299.782465 ,op endpoint 301.929144
DEBUG:root:op InceptionV3/InceptionV3/Mixed_6c/Branch_2/Conv2d_0a_1x1/Conv2D CPU and GPU latency: 5.815800 5.898300 to CPU and to GPU latency: 0.000000 7.109538
DEBUG:root:Add InceptionV3/InceptionV3/Mixed_6c/Branch_2/Conv2d_0b_7x1/Conv2D
DEBUG:root:Fetch op InceptionV3/InceptionV3/Mixed_6c/Branch_3/AvgPool_0a_3x3/AvgPool 
DEBUG:root:op InceptionV3/InceptionV3/Mixed_6c/Branch_3/AvgPool_0a_3x3/AvgPool CPU and GPU endpoint: 314.712744 314.936983 ,op endpoint 301.929144
DEBUG:root:op InceptionV3/InceptionV3/Mixed_6c/Branch_3/AvgPool_0a_3x3/AvgPool CPU and GPU latency: 1.732400 3.290900 to CPU and to GPU latency: 0.000000 7.109538
DEBUG:root:Add InceptionV3/InceptionV3/Mixed_6c/Branch_3/Conv2d_0b_1x1/Conv2D
DEBUG:root:Fetch op InceptionV3/InceptionV3/Mixed_6c/Branch_1/Conv2d_0b_1x7/Conv2D 
DEBUG:root:op InceptionV3/InceptionV3/Mixed_6c/Branch_1/Conv2d_0b_1x7/Conv2D CPU and GPU endpoint: 316.445144 314.936983 ,op endpoint 314.712744
DEBUG:root:op InceptionV3/InceptionV3/Mixed_6c/Branch_1/Conv2d_0b_1x7/Conv2D CPU and GPU latency: 8.583300 9.633800 to CPU and to GPU latency: 0.000000 2.979533
DEBUG:root:Add InceptionV3/InceptionV3/Mixed_6c/Branch_1/Conv2d_0c_7x1/Conv2D
DEBUG:root:Fetch op InceptionV3/InceptionV3/Mixed_6c/Branch_2/Conv2d_0b_7x1/Conv2D 
DEBUG:root:op InceptionV3/InceptionV3/Mixed_6c/Branch_2/Conv2d_0b_7x1/Conv2D CPU and GPU endpoint: 325.028444 314.936983 ,op endpoint 314.936983
DEBUG:root:op InceptionV3/InceptionV3/Mixed_6c/Branch_2/Conv2d_0b_7x1/Conv2D CPU and GPU latency: 9.074600 9.412800 to CPU and to GPU latency: 2.960629 0.000000
DEBUG:root:Add InceptionV3/InceptionV3/Mixed_6c/Branch_2/Conv2d_0c_1x7/Conv2D
DEBUG:root:Fetch op InceptionV3/InceptionV3/Mixed_6c/Branch_3/Conv2d_0b_1x1/Conv2D 
DEBUG:root:op InceptionV3/InceptionV3/Mixed_6c/Branch_3/Conv2d_0b_1x1/Conv2D CPU and GPU endpoint: 325.028444 324.349783 ,op endpoint 316.445144
DEBUG:root:op InceptionV3/InceptionV3/Mixed_6c/Branch_3/Conv2d_0b_1x1/Conv2D CPU and GPU latency: 7.172100 6.456200 to CPU and to GPU latency: 0.000000 2.979533
DEBUG:root:Fetch op InceptionV3/InceptionV3/Mixed_6c/Branch_2/Conv2d_0c_1x7/Conv2D 
DEBUG:root:op InceptionV3/InceptionV3/Mixed_6c/Branch_2/Conv2d_0c_1x7/Conv2D CPU and GPU endpoint: 332.200544 324.349783 ,op endpoint 324.349783
DEBUG:root:op InceptionV3/InceptionV3/Mixed_6c/Branch_2/Conv2d_0c_1x7/Conv2D CPU and GPU latency: 8.838100 9.703700 to CPU and to GPU latency: 1.544045 0.000000
DEBUG:root:Add InceptionV3/InceptionV3/Mixed_6c/Branch_2/Conv2d_0d_7x1/Conv2D
DEBUG:root:Fetch op InceptionV3/InceptionV3/Mixed_6c/Branch_1/Conv2d_0c_7x1/Conv2D 
DEBUG:root:op InceptionV3/InceptionV3/Mixed_6c/Branch_1/Conv2d_0c_7x1/Conv2D CPU and GPU endpoint: 332.200544 334.053483 ,op endpoint 325.028444
DEBUG:root:op InceptionV3/InceptionV3/Mixed_6c/Branch_1/Conv2d_0c_7x1/Conv2D CPU and GPU latency: 11.621200 10.849500 to CPU and to GPU latency: 0.000000 1.777416
DEBUG:root:Fetch op InceptionV3/InceptionV3/Mixed_6c/Branch_2/Conv2d_0d_7x1/Conv2D 
DEBUG:root:op InceptionV3/InceptionV3/Mixed_6c/Branch_2/Conv2d_0d_7x1/Conv2D CPU and GPU endpoint: 343.821744 334.053483 ,op endpoint 334.053483
DEBUG:root:op InceptionV3/InceptionV3/Mixed_6c/Branch_2/Conv2d_0d_7x1/Conv2D CPU and GPU latency: 8.908800 9.395700 to CPU and to GPU latency: 1.544045 0.000000
DEBUG:root:Add InceptionV3/InceptionV3/Mixed_6c/Branch_2/Conv2d_0e_1x7/Conv2D
DEBUG:root:Fetch op InceptionV3/InceptionV3/Mixed_6c/Branch_2/Conv2d_0e_1x7/Conv2D 
DEBUG:root:op InceptionV3/InceptionV3/Mixed_6c/Branch_2/Conv2d_0e_1x7/Conv2D CPU and GPU endpoint: 343.821744 343.449183 ,op endpoint 343.449183
DEBUG:root:op InceptionV3/InceptionV3/Mixed_6c/Branch_2/Conv2d_0e_1x7/Conv2D CPU and GPU latency: 10.652100 11.055200 to CPU and to GPU latency: 1.544045 0.000000
DEBUG:root:Add InceptionV3/InceptionV3/Mixed_6c/concat
DEBUG:root:Fetch op InceptionV3/InceptionV3/Mixed_6c/concat 
DEBUG:root:op InceptionV3/InceptionV3/Mixed_6c/concat CPU and GPU endpoint: 343.821744 354.504383 ,op endpoint 354.504383
DEBUG:root:op InceptionV3/InceptionV3/Mixed_6c/concat CPU and GPU latency: 0.495800 2.040100 to CPU and to GPU latency: 2.979533 2.979533
DEBUG:root:Add InceptionV3/InceptionV3/Mixed_6d/Branch_2/Conv2d_0a_1x1/Conv2D
DEBUG:root:Add InceptionV3/InceptionV3/Mixed_6d/Branch_3/AvgPool_0a_3x3/AvgPool
DEBUG:root:Add InceptionV3/InceptionV3/Mixed_6d/Branch_1/Conv2d_0a_1x1/Conv2D
DEBUG:root:Add InceptionV3/InceptionV3/Mixed_6d/Branch_0/Conv2d_0a_1x1/Conv2D
DEBUG:root:Fetch op InceptionV3/InceptionV3/Mixed_6d/Branch_0/Conv2d_0a_1x1/Conv2D 
DEBUG:root:op InceptionV3/InceptionV3/Mixed_6d/Branch_0/Conv2d_0a_1x1/Conv2D CPU and GPU endpoint: 357.979716 354.504383 ,op endpoint 357.979716
DEBUG:root:op InceptionV3/InceptionV3/Mixed_6d/Branch_0/Conv2d_0a_1x1/Conv2D CPU and GPU latency: 7.195700 6.293200 to CPU and to GPU latency: 0.000000 7.109538
DEBUG:root:Fetch op InceptionV3/InceptionV3/Mixed_6d/Branch_1/Conv2d_0a_1x1/Conv2D 
DEBUG:root:op InceptionV3/InceptionV3/Mixed_6d/Branch_1/Conv2d_0a_1x1/Conv2D CPU and GPU endpoint: 365.175416 354.504383 ,op endpoint 357.979716
DEBUG:root:op InceptionV3/InceptionV3/Mixed_6d/Branch_1/Conv2d_0a_1x1/Conv2D CPU and GPU latency: 5.868900 5.964500 to CPU and to GPU latency: 0.000000 7.109538
DEBUG:root:Add InceptionV3/InceptionV3/Mixed_6d/Branch_1/Conv2d_0b_1x7/Conv2D
DEBUG:root:Fetch op InceptionV3/InceptionV3/Mixed_6d/Branch_2/Conv2d_0a_1x1/Conv2D 
DEBUG:root:op InceptionV3/InceptionV3/Mixed_6d/Branch_2/Conv2d_0a_1x1/Conv2D CPU and GPU endpoint: 371.044316 354.504383 ,op endpoint 357.979716
DEBUG:root:op InceptionV3/InceptionV3/Mixed_6d/Branch_2/Conv2d_0a_1x1/Conv2D CPU and GPU latency: 5.773700 5.983400 to CPU and to GPU latency: 0.000000 7.109538
DEBUG:root:Add InceptionV3/InceptionV3/Mixed_6d/Branch_2/Conv2d_0b_7x1/Conv2D
DEBUG:root:Fetch op InceptionV3/InceptionV3/Mixed_6d/Branch_3/AvgPool_0a_3x3/AvgPool 
DEBUG:root:op InceptionV3/InceptionV3/Mixed_6d/Branch_3/AvgPool_0a_3x3/AvgPool CPU and GPU endpoint: 371.044316 371.072654 ,op endpoint 357.979716
DEBUG:root:op InceptionV3/InceptionV3/Mixed_6d/Branch_3/AvgPool_0a_3x3/AvgPool CPU and GPU latency: 1.724300 3.338400 to CPU and to GPU latency: 0.000000 7.109538
DEBUG:root:Add InceptionV3/InceptionV3/Mixed_6d/Branch_3/Conv2d_0b_1x1/Conv2D
DEBUG:root:Fetch op InceptionV3/InceptionV3/Mixed_6d/Branch_1/Conv2d_0b_1x7/Conv2D 
DEBUG:root:op InceptionV3/InceptionV3/Mixed_6d/Branch_1/Conv2d_0b_1x7/Conv2D CPU and GPU endpoint: 372.768616 371.072654 ,op endpoint 371.044316
DEBUG:root:op InceptionV3/InceptionV3/Mixed_6d/Branch_1/Conv2d_0b_1x7/Conv2D CPU and GPU latency: 8.634700 9.533600 to CPU and to GPU latency: 0.000000 2.979533
DEBUG:root:Add InceptionV3/InceptionV3/Mixed_6d/Branch_1/Conv2d_0c_7x1/Conv2D
DEBUG:root:Fetch op InceptionV3/InceptionV3/Mixed_6d/Branch_2/Conv2d_0b_7x1/Conv2D 
DEBUG:root:op InceptionV3/InceptionV3/Mixed_6d/Branch_2/Conv2d_0b_7x1/Conv2D CPU and GPU endpoint: 381.403316 371.072654 ,op endpoint 371.072654
DEBUG:root:op InceptionV3/InceptionV3/Mixed_6d/Branch_2/Conv2d_0b_7x1/Conv2D CPU and GPU latency: 8.811700 9.364000 to CPU and to GPU latency: 2.960629 0.000000
DEBUG:root:Add InceptionV3/InceptionV3/Mixed_6d/Branch_2/Conv2d_0c_1x7/Conv2D
DEBUG:root:Fetch op InceptionV3/InceptionV3/Mixed_6d/Branch_3/Conv2d_0b_1x1/Conv2D 
DEBUG:root:op InceptionV3/InceptionV3/Mixed_6d/Branch_3/Conv2d_0b_1x1/Conv2D CPU and GPU endpoint: 381.403316 380.436654 ,op endpoint 372.768616
DEBUG:root:op InceptionV3/InceptionV3/Mixed_6d/Branch_3/Conv2d_0b_1x1/Conv2D CPU and GPU latency: 7.285500 6.264900 to CPU and to GPU latency: 0.000000 2.979533
DEBUG:root:Fetch op InceptionV3/InceptionV3/Mixed_6d/Branch_2/Conv2d_0c_1x7/Conv2D 
DEBUG:root:op InceptionV3/InceptionV3/Mixed_6d/Branch_2/Conv2d_0c_1x7/Conv2D CPU and GPU endpoint: 388.688816 380.436654 ,op endpoint 380.436654
DEBUG:root:op InceptionV3/InceptionV3/Mixed_6d/Branch_2/Conv2d_0c_1x7/Conv2D CPU and GPU latency: 8.672600 9.485900 to CPU and to GPU latency: 1.544045 0.000000
DEBUG:root:Add InceptionV3/InceptionV3/Mixed_6d/Branch_2/Conv2d_0d_7x1/Conv2D
DEBUG:root:Fetch op InceptionV3/InceptionV3/Mixed_6d/Branch_1/Conv2d_0c_7x1/Conv2D 
DEBUG:root:op InceptionV3/InceptionV3/Mixed_6d/Branch_1/Conv2d_0c_7x1/Conv2D CPU and GPU endpoint: 388.688816 389.922554 ,op endpoint 381.403316
DEBUG:root:op InceptionV3/InceptionV3/Mixed_6d/Branch_1/Conv2d_0c_7x1/Conv2D CPU and GPU latency: 10.955300 11.404500 to CPU and to GPU latency: 0.000000 1.777416
DEBUG:root:Fetch op InceptionV3/InceptionV3/Mixed_6d/Branch_2/Conv2d_0d_7x1/Conv2D 
DEBUG:root:op InceptionV3/InceptionV3/Mixed_6d/Branch_2/Conv2d_0d_7x1/Conv2D CPU and GPU endpoint: 399.644116 389.922554 ,op endpoint 389.922554
DEBUG:root:op InceptionV3/InceptionV3/Mixed_6d/Branch_2/Conv2d_0d_7x1/Conv2D CPU and GPU latency: 8.989000 9.387900 to CPU and to GPU latency: 1.544045 0.000000
DEBUG:root:Add InceptionV3/InceptionV3/Mixed_6d/Branch_2/Conv2d_0e_1x7/Conv2D
DEBUG:root:Fetch op InceptionV3/InceptionV3/Mixed_6d/Branch_2/Conv2d_0e_1x7/Conv2D 
DEBUG:root:op InceptionV3/InceptionV3/Mixed_6d/Branch_2/Conv2d_0e_1x7/Conv2D CPU and GPU endpoint: 399.644116 399.310454 ,op endpoint 399.310454
DEBUG:root:op InceptionV3/InceptionV3/Mixed_6d/Branch_2/Conv2d_0e_1x7/Conv2D CPU and GPU latency: 11.009800 11.146200 to CPU and to GPU latency: 1.544045 0.000000
DEBUG:root:Add InceptionV3/InceptionV3/Mixed_6d/concat
DEBUG:root:Fetch op InceptionV3/InceptionV3/Mixed_6d/concat 
DEBUG:root:op InceptionV3/InceptionV3/Mixed_6d/concat CPU and GPU endpoint: 399.644116 410.456654 ,op endpoint 410.456654
DEBUG:root:op InceptionV3/InceptionV3/Mixed_6d/concat CPU and GPU latency: 0.500889 1.715300 to CPU and to GPU latency: 2.979533 2.979533
DEBUG:root:Add InceptionV3/InceptionV3/Mixed_6e/Branch_3/AvgPool_0a_3x3/AvgPool
DEBUG:root:Add InceptionV3/InceptionV3/Mixed_6e/Branch_2/Conv2d_0a_1x1/Conv2D
DEBUG:root:Add InceptionV3/InceptionV3/Mixed_6e/Branch_1/Conv2d_0a_1x1/Conv2D
DEBUG:root:Add InceptionV3/InceptionV3/Mixed_6e/Branch_0/Conv2d_0a_1x1/Conv2D
DEBUG:root:Fetch op InceptionV3/InceptionV3/Mixed_6e/Branch_0/Conv2d_0a_1x1/Conv2D 
DEBUG:root:op InceptionV3/InceptionV3/Mixed_6e/Branch_0/Conv2d_0a_1x1/Conv2D CPU and GPU endpoint: 413.937077 410.456654 ,op endpoint 413.937077
DEBUG:root:op InceptionV3/InceptionV3/Mixed_6e/Branch_0/Conv2d_0a_1x1/Conv2D CPU and GPU latency: 6.902000 6.277200 to CPU and to GPU latency: 0.000000 7.109538
DEBUG:root:Fetch op InceptionV3/InceptionV3/Mixed_6e/Branch_1/Conv2d_0a_1x1/Conv2D 
DEBUG:root:op InceptionV3/InceptionV3/Mixed_6e/Branch_1/Conv2d_0a_1x1/Conv2D CPU and GPU endpoint: 420.839077 410.456654 ,op endpoint 413.937077
DEBUG:root:op InceptionV3/InceptionV3/Mixed_6e/Branch_1/Conv2d_0a_1x1/Conv2D CPU and GPU latency: 6.981500 6.280300 to CPU and to GPU latency: 0.000000 7.109538
DEBUG:root:Add InceptionV3/InceptionV3/Mixed_6e/Branch_1/Conv2d_0b_1x7/Conv2D
DEBUG:root:Fetch op InceptionV3/InceptionV3/Mixed_6e/Branch_2/Conv2d_0a_1x1/Conv2D 
DEBUG:root:op InceptionV3/InceptionV3/Mixed_6e/Branch_2/Conv2d_0a_1x1/Conv2D CPU and GPU endpoint: 420.839077 427.326915 ,op endpoint 413.937077
DEBUG:root:op InceptionV3/InceptionV3/Mixed_6e/Branch_2/Conv2d_0a_1x1/Conv2D CPU and GPU latency: 6.910500 6.189900 to CPU and to GPU latency: 0.000000 7.109538
DEBUG:root:Add InceptionV3/InceptionV3/Mixed_6e/Branch_2/Conv2d_0b_7x1/Conv2D
DEBUG:root:Fetch op InceptionV3/InceptionV3/Mixed_6e/Branch_3/AvgPool_0a_3x3/AvgPool 
DEBUG:root:op InceptionV3/InceptionV3/Mixed_6e/Branch_3/AvgPool_0a_3x3/AvgPool CPU and GPU endpoint: 427.749577 427.326915 ,op endpoint 413.937077
DEBUG:root:op InceptionV3/InceptionV3/Mixed_6e/Branch_3/AvgPool_0a_3x3/AvgPool CPU and GPU latency: 1.792100 3.271000 to CPU and to GPU latency: 0.000000 7.109538
DEBUG:root:Add InceptionV3/InceptionV3/Mixed_6e/Branch_3/Conv2d_0b_1x1/Conv2D
DEBUG:root:Fetch op InceptionV3/InceptionV3/Mixed_6e/Branch_1/Conv2d_0b_1x7/Conv2D 
DEBUG:root:op InceptionV3/InceptionV3/Mixed_6e/Branch_1/Conv2d_0b_1x7/Conv2D CPU and GPU endpoint: 429.541677 427.326915 ,op endpoint 427.326915
DEBUG:root:op InceptionV3/InceptionV3/Mixed_6e/Branch_1/Conv2d_0b_1x7/Conv2D CPU and GPU latency: 13.659600 13.275300 to CPU and to GPU latency: 2.960629 0.000000
DEBUG:root:Add InceptionV3/InceptionV3/Mixed_6e/Branch_1/Conv2d_0c_7x1/Conv2D
DEBUG:root:Fetch op InceptionV3/InceptionV3/Mixed_6e/Branch_2/Conv2d_0b_7x1/Conv2D 
DEBUG:root:op InceptionV3/InceptionV3/Mixed_6e/Branch_2/Conv2d_0b_7x1/Conv2D CPU and GPU endpoint: 429.541677 440.602215 ,op endpoint 427.749577
DEBUG:root:op InceptionV3/InceptionV3/Mixed_6e/Branch_2/Conv2d_0b_7x1/Conv2D CPU and GPU latency: 14.232800 12.946200 to CPU and to GPU latency: 0.000000 2.979533
DEBUG:root:Add InceptionV3/InceptionV3/Mixed_6e/Branch_2/Conv2d_0c_1x7/Conv2D
DEBUG:root:Fetch op InceptionV3/InceptionV3/Mixed_6e/Branch_3/Conv2d_0b_1x1/Conv2D 
DEBUG:root:op InceptionV3/InceptionV3/Mixed_6e/Branch_3/Conv2d_0b_1x1/Conv2D CPU and GPU endpoint: 443.774477 440.602215 ,op endpoint 429.541677
DEBUG:root:op InceptionV3/InceptionV3/Mixed_6e/Branch_3/Conv2d_0b_1x1/Conv2D CPU and GPU latency: 6.875200 6.219100 to CPU and to GPU latency: 0.000000 2.979533
DEBUG:root:Fetch op InceptionV3/InceptionV3/Mixed_6e/Branch_1/Conv2d_0c_7x1/Conv2D 
DEBUG:root:op InceptionV3/InceptionV3/Mixed_6e/Branch_1/Conv2d_0c_7x1/Conv2D CPU and GPU endpoint: 443.774477 449.800848 ,op endpoint 440.602215
DEBUG:root:op InceptionV3/InceptionV3/Mixed_6e/Branch_1/Conv2d_0c_7x1/Conv2D CPU and GPU latency: 14.514600 13.019900 to CPU and to GPU latency: 1.590514 0.000000
DEBUG:root:Fetch op InceptionV3/InceptionV3/Mixed_6e/Branch_2/Conv2d_0c_1x7/Conv2D 
DEBUG:root:op InceptionV3/InceptionV3/Mixed_6e/Branch_2/Conv2d_0c_1x7/Conv2D CPU and GPU endpoint: 459.879591 449.800848 ,op endpoint 443.774477
DEBUG:root:op InceptionV3/InceptionV3/Mixed_6e/Branch_2/Conv2d_0c_1x7/Conv2D CPU and GPU latency: 13.385500 13.488400 to CPU and to GPU latency: 0.000000 1.777385
DEBUG:root:Add InceptionV3/InceptionV3/Mixed_6e/Branch_2/Conv2d_0d_7x1/Conv2D
DEBUG:root:Fetch op InceptionV3/InceptionV3/Mixed_6e/Branch_2/Conv2d_0d_7x1/Conv2D 
DEBUG:root:op InceptionV3/InceptionV3/Mixed_6e/Branch_2/Conv2d_0d_7x1/Conv2D CPU and GPU endpoint: 459.879591 465.066633 ,op endpoint 465.066633
DEBUG:root:op InceptionV3/InceptionV3/Mixed_6e/Branch_2/Conv2d_0d_7x1/Conv2D CPU and GPU latency: 14.526100 12.849600 to CPU and to GPU latency: 1.590514 0.000000
DEBUG:root:Add InceptionV3/InceptionV3/Mixed_6e/Branch_2/Conv2d_0e_1x7/Conv2D
DEBUG:root:Fetch op InceptionV3/InceptionV3/Mixed_6e/Branch_2/Conv2d_0e_1x7/Conv2D 
DEBUG:root:op InceptionV3/InceptionV3/Mixed_6e/Branch_2/Conv2d_0e_1x7/Conv2D CPU and GPU endpoint: 459.879591 477.916233 ,op endpoint 477.916233
DEBUG:root:op InceptionV3/InceptionV3/Mixed_6e/Branch_2/Conv2d_0e_1x7/Conv2D CPU and GPU latency: 13.398400 13.244100 to CPU and to GPU latency: 1.590514 0.000000
DEBUG:root:Add InceptionV3/InceptionV3/Mixed_6e/concat
DEBUG:root:Fetch op InceptionV3/InceptionV3/Mixed_6e/concat 
DEBUG:root:op InceptionV3/InceptionV3/Mixed_6e/concat CPU and GPU endpoint: 459.879591 491.160333 ,op endpoint 491.160333
DEBUG:root:op InceptionV3/InceptionV3/Mixed_6e/concat CPU and GPU latency: 0.491000 1.686800 to CPU and to GPU latency: 2.979533 2.979533
DEBUG:root:Add InceptionV3/InceptionV3/Mixed_7a/Branch_0/Conv2d_0a_1x1/Conv2D
DEBUG:root:Add InceptionV3/InceptionV3/Mixed_7a/Branch_1/Conv2d_0a_1x1/Conv2D
DEBUG:root:Add InceptionV3/InceptionV3/Mixed_7a/Branch_2/MaxPool_1a_3x3/MaxPool
DEBUG:root:Fetch op InceptionV3/InceptionV3/Mixed_7a/Branch_0/Conv2d_0a_1x1/Conv2D 
DEBUG:root:op InceptionV3/InceptionV3/Mixed_7a/Branch_0/Conv2d_0a_1x1/Conv2D CPU and GPU endpoint: 494.630866 491.160333 ,op endpoint 494.630866
DEBUG:root:op InceptionV3/InceptionV3/Mixed_7a/Branch_0/Conv2d_0a_1x1/Conv2D CPU and GPU latency: 6.918100 6.307900 to CPU and to GPU latency: 0.000000 7.109538
DEBUG:root:Add InceptionV3/InceptionV3/Mixed_7a/Branch_0/Conv2d_1a_3x3/Conv2D
DEBUG:root:Fetch op InceptionV3/InceptionV3/Mixed_7a/Branch_1/Conv2d_0a_1x1/Conv2D 
DEBUG:root:op InceptionV3/InceptionV3/Mixed_7a/Branch_1/Conv2d_0a_1x1/Conv2D CPU and GPU endpoint: 501.548966 491.160333 ,op endpoint 494.630866
DEBUG:root:op InceptionV3/InceptionV3/Mixed_7a/Branch_1/Conv2d_0a_1x1/Conv2D CPU and GPU latency: 6.960400 6.240700 to CPU and to GPU latency: 0.000000 7.109538
DEBUG:root:Add InceptionV3/InceptionV3/Mixed_7a/Branch_1/Conv2d_0b_1x7/Conv2D
DEBUG:root:Fetch op InceptionV3/InceptionV3/Mixed_7a/Branch_2/MaxPool_1a_3x3/MaxPool 
DEBUG:root:op InceptionV3/InceptionV3/Mixed_7a/Branch_2/MaxPool_1a_3x3/MaxPool CPU and GPU endpoint: 501.548966 507.981105 ,op endpoint 494.630866
DEBUG:root:op InceptionV3/InceptionV3/Mixed_7a/Branch_2/MaxPool_1a_3x3/MaxPool CPU and GPU latency: 0.475625 1.436000 to CPU and to GPU latency: 0.000000 7.109538
DEBUG:root:Fetch op InceptionV3/InceptionV3/Mixed_7a/Branch_0/Conv2d_1a_3x3/Conv2D 
DEBUG:root:op InceptionV3/InceptionV3/Mixed_7a/Branch_0/Conv2d_1a_3x3/Conv2D CPU and GPU endpoint: 502.024591 507.981105 ,op endpoint 501.548966
DEBUG:root:op InceptionV3/InceptionV3/Mixed_7a/Branch_0/Conv2d_1a_3x3/Conv2D CPU and GPU latency: 7.898900 6.663300 to CPU and to GPU latency: 0.000000 2.979533
DEBUG:root:Fetch op InceptionV3/InceptionV3/Mixed_7a/Branch_1/Conv2d_0b_1x7/Conv2D 
DEBUG:root:op InceptionV3/InceptionV3/Mixed_7a/Branch_1/Conv2d_0b_1x7/Conv2D CPU and GPU endpoint: 509.923491 507.981105 ,op endpoint 507.981105
DEBUG:root:op InceptionV3/InceptionV3/Mixed_7a/Branch_1/Conv2d_0b_1x7/Conv2D CPU and GPU latency: 13.339800 13.314100 to CPU and to GPU latency: 2.960629 0.000000
DEBUG:root:Add InceptionV3/InceptionV3/Mixed_7a/Branch_1/Conv2d_0c_7x1/Conv2D
DEBUG:root:Fetch op InceptionV3/InceptionV3/Mixed_7a/Branch_1/Conv2d_0c_7x1/Conv2D 
DEBUG:root:op InceptionV3/InceptionV3/Mixed_7a/Branch_1/Conv2d_0c_7x1/Conv2D CPU and GPU endpoint: 509.923491 521.295205 ,op endpoint 521.295205
DEBUG:root:op InceptionV3/InceptionV3/Mixed_7a/Branch_1/Conv2d_0c_7x1/Conv2D CPU and GPU latency: 14.550500 12.847200 to CPU and to GPU latency: 1.590514 0.000000
DEBUG:root:Add InceptionV3/InceptionV3/Mixed_7a/Branch_1/Conv2d_1a_3x3/Conv2D
DEBUG:root:Fetch op InceptionV3/InceptionV3/Mixed_7a/Branch_1/Conv2d_1a_3x3/Conv2D 
DEBUG:root:op InceptionV3/InceptionV3/Mixed_7a/Branch_1/Conv2d_1a_3x3/Conv2D CPU and GPU endpoint: 509.923491 534.142405 ,op endpoint 534.142405
DEBUG:root:op InceptionV3/InceptionV3/Mixed_7a/Branch_1/Conv2d_1a_3x3/Conv2D CPU and GPU latency: 4.866700 4.280400 to CPU and to GPU latency: 1.590514 0.000000
DEBUG:root:Add InceptionV3/InceptionV3/Mixed_7a/concat
DEBUG:root:Fetch op InceptionV3/InceptionV3/Mixed_7a/concat 
DEBUG:root:op InceptionV3/InceptionV3/Mixed_7a/concat CPU and GPU endpoint: 509.923491 538.422805 ,op endpoint 538.422805
DEBUG:root:op InceptionV3/InceptionV3/Mixed_7a/concat CPU and GPU latency: 0.164444 1.294400 to CPU and to GPU latency: 2.979533 2.979533
DEBUG:root:Add InceptionV3/InceptionV3/Mixed_7b/Branch_3/AvgPool_0a_3x3/AvgPool
DEBUG:root:Add InceptionV3/InceptionV3/Mixed_7b/Branch_1/Conv2d_0a_1x1/Conv2D
DEBUG:root:Add InceptionV3/InceptionV3/Mixed_7b/Branch_2/Conv2d_0a_1x1/Conv2D
DEBUG:root:Add InceptionV3/InceptionV3/Mixed_7b/Branch_0/Conv2d_0a_1x1/Conv2D
DEBUG:root:Fetch op InceptionV3/InceptionV3/Mixed_7b/Branch_0/Conv2d_0a_1x1/Conv2D 
DEBUG:root:op InceptionV3/InceptionV3/Mixed_7b/Branch_0/Conv2d_0a_1x1/Conv2D CPU and GPU endpoint: 541.566783 538.422805 ,op endpoint 541.566783
DEBUG:root:op InceptionV3/InceptionV3/Mixed_7b/Branch_0/Conv2d_0a_1x1/Conv2D CPU and GPU latency: 5.797700 3.725400 to CPU and to GPU latency: 0.000000 3.128500
DEBUG:root:Fetch op InceptionV3/InceptionV3/Mixed_7b/Branch_1/Conv2d_0a_1x1/Conv2D 
DEBUG:root:op InceptionV3/InceptionV3/Mixed_7b/Branch_1/Conv2d_0a_1x1/Conv2D CPU and GPU endpoint: 547.364483 538.422805 ,op endpoint 541.566783
DEBUG:root:op InceptionV3/InceptionV3/Mixed_7b/Branch_1/Conv2d_0a_1x1/Conv2D CPU and GPU latency: 6.915300 4.185500 to CPU and to GPU latency: 0.000000 3.128500
DEBUG:root:Add InceptionV3/InceptionV3/Mixed_7b/Branch_1/Conv2d_0b_1x3/Conv2D
DEBUG:root:Add InceptionV3/InceptionV3/Mixed_7b/Branch_1/Conv2d_0b_3x1/Conv2D
DEBUG:root:Fetch op InceptionV3/InceptionV3/Mixed_7b/Branch_2/Conv2d_0a_1x1/Conv2D 
DEBUG:root:op InceptionV3/InceptionV3/Mixed_7b/Branch_2/Conv2d_0a_1x1/Conv2D CPU and GPU endpoint: 547.364483 548.880783 ,op endpoint 541.566783
DEBUG:root:op InceptionV3/InceptionV3/Mixed_7b/Branch_2/Conv2d_0a_1x1/Conv2D CPU and GPU latency: 7.898100 4.821900 to CPU and to GPU latency: 0.000000 3.128500
DEBUG:root:Add InceptionV3/InceptionV3/Mixed_7b/Branch_2/Conv2d_0b_3x3/Conv2D
DEBUG:root:Fetch op InceptionV3/InceptionV3/Mixed_7b/Branch_3/AvgPool_0a_3x3/AvgPool 
DEBUG:root:op InceptionV3/InceptionV3/Mixed_7b/Branch_3/AvgPool_0a_3x3/AvgPool CPU and GPU endpoint: 555.262583 548.880783 ,op endpoint 541.566783
DEBUG:root:op InceptionV3/InceptionV3/Mixed_7b/Branch_3/AvgPool_0a_3x3/AvgPool CPU and GPU latency: 0.603800 2.128500 to CPU and to GPU latency: 0.000000 3.128500
DEBUG:root:Add InceptionV3/InceptionV3/Mixed_7b/Branch_3/Conv2d_0b_1x1/Conv2D
DEBUG:root:Fetch op InceptionV3/InceptionV3/Mixed_7b/Branch_1/Conv2d_0b_1x3/Conv2D 
DEBUG:root:op InceptionV3/InceptionV3/Mixed_7b/Branch_1/Conv2d_0b_1x3/Conv2D CPU and GPU endpoint: 555.262583 554.137783 ,op endpoint 548.880783
DEBUG:root:op InceptionV3/InceptionV3/Mixed_7b/Branch_1/Conv2d_0b_1x3/Conv2D CPU and GPU latency: 5.989300 6.205800 to CPU and to GPU latency: 1.915388 0.000000
DEBUG:root:Fetch op InceptionV3/InceptionV3/Mixed_7b/Branch_1/Conv2d_0b_3x1/Conv2D 
DEBUG:root:op InceptionV3/InceptionV3/Mixed_7b/Branch_1/Conv2d_0b_3x1/Conv2D CPU and GPU endpoint: 555.262583 560.343583 ,op endpoint 548.880783
DEBUG:root:op InceptionV3/InceptionV3/Mixed_7b/Branch_1/Conv2d_0b_3x1/Conv2D CPU and GPU latency: 6.007900 5.390400 to CPU and to GPU latency: 1.915388 0.000000
DEBUG:root:Add InceptionV3/InceptionV3/Mixed_7b/Branch_1/concat
DEBUG:root:Fetch op InceptionV3/InceptionV3/Mixed_7b/Branch_3/Conv2d_0b_1x1/Conv2D 
DEBUG:root:op InceptionV3/InceptionV3/Mixed_7b/Branch_3/Conv2d_0b_1x1/Conv2D CPU and GPU endpoint: 563.185870 560.343583 ,op endpoint 554.137783
DEBUG:root:op InceptionV3/InceptionV3/Mixed_7b/Branch_3/Conv2d_0b_1x1/Conv2D CPU and GPU latency: 3.416000 2.535100 to CPU and to GPU latency: 1.915388 0.000000
DEBUG:root:Fetch op InceptionV3/InceptionV3/Mixed_7b/Branch_2/Conv2d_0b_3x3/Conv2D 
DEBUG:root:op InceptionV3/InceptionV3/Mixed_7b/Branch_2/Conv2d_0b_3x3/Conv2D CPU and GPU endpoint: 563.185870 562.878683 ,op endpoint 555.262583
DEBUG:root:op InceptionV3/InceptionV3/Mixed_7b/Branch_2/Conv2d_0b_3x3/Conv2D CPU and GPU latency: 14.118000 5.797100 to CPU and to GPU latency: 0.000000 2.134103
DEBUG:root:Add InceptionV3/InceptionV3/Mixed_7b/Branch_2/Conv2d_0c_1x3/Conv2D
DEBUG:root:Add InceptionV3/InceptionV3/Mixed_7b/Branch_2/Conv2d_0d_3x1/Conv2D
DEBUG:root:Fetch op InceptionV3/InceptionV3/Mixed_7b/Branch_1/concat 
DEBUG:root:op InceptionV3/InceptionV3/Mixed_7b/Branch_1/concat CPU and GPU endpoint: 563.185870 570.809885 ,op endpoint 563.185870
DEBUG:root:op InceptionV3/InceptionV3/Mixed_7b/Branch_1/concat CPU and GPU latency: 0.090500 0.769125 to CPU and to GPU latency: 1.356557 1.675802
DEBUG:root:Fetch op InceptionV3/InceptionV3/Mixed_7b/Branch_2/Conv2d_0c_1x3/Conv2D 
DEBUG:root:op InceptionV3/InceptionV3/Mixed_7b/Branch_2/Conv2d_0c_1x3/Conv2D CPU and GPU endpoint: 564.632927 570.809885 ,op endpoint 570.809885
DEBUG:root:op InceptionV3/InceptionV3/Mixed_7b/Branch_2/Conv2d_0c_1x3/Conv2D CPU and GPU latency: 5.893200 5.554700 to CPU and to GPU latency: 1.818857 0.000000
DEBUG:root:Fetch op InceptionV3/InceptionV3/Mixed_7b/Branch_2/Conv2d_0d_3x1/Conv2D 
DEBUG:root:op InceptionV3/InceptionV3/Mixed_7b/Branch_2/Conv2d_0d_3x1/Conv2D CPU and GPU endpoint: 564.632927 576.364585 ,op endpoint 570.809885
DEBUG:root:op InceptionV3/InceptionV3/Mixed_7b/Branch_2/Conv2d_0d_3x1/Conv2D CPU and GPU latency: 5.885800 5.479700 to CPU and to GPU latency: 1.818857 0.000000
DEBUG:root:Add InceptionV3/InceptionV3/Mixed_7b/Branch_2/concat
DEBUG:root:Fetch op InceptionV3/InceptionV3/Mixed_7b/Branch_2/concat 
DEBUG:root:op InceptionV3/InceptionV3/Mixed_7b/Branch_2/concat CPU and GPU endpoint: 578.514542 576.364585 ,op endpoint 578.514542
DEBUG:root:op InceptionV3/InceptionV3/Mixed_7b/Branch_2/concat CPU and GPU latency: 0.062100 0.723875 to CPU and to GPU latency: 1.356557 1.675802
DEBUG:root:Add InceptionV3/InceptionV3/Mixed_7b/concat
DEBUG:root:Fetch op InceptionV3/InceptionV3/Mixed_7b/concat 
DEBUG:root:op InceptionV3/InceptionV3/Mixed_7b/concat CPU and GPU endpoint: 579.933199 576.364585 ,op endpoint 579.933199
DEBUG:root:op InceptionV3/InceptionV3/Mixed_7b/concat CPU and GPU latency: 0.188000 1.534700 to CPU and to GPU latency: 1.915388 3.351603
DEBUG:root:Add InceptionV3/InceptionV3/Mixed_7c/Branch_0/Conv2d_0a_1x1/Conv2D
DEBUG:root:Add InceptionV3/InceptionV3/Mixed_7c/Branch_3/AvgPool_0a_3x3/AvgPool
DEBUG:root:Add InceptionV3/InceptionV3/Mixed_7c/Branch_1/Conv2d_0a_1x1/Conv2D
DEBUG:root:Add InceptionV3/InceptionV3/Mixed_7c/Branch_2/Conv2d_0a_1x1/Conv2D
DEBUG:root:Fetch op InceptionV3/InceptionV3/Mixed_7c/Branch_0/Conv2d_0a_1x1/Conv2D 
DEBUG:root:op InceptionV3/InceptionV3/Mixed_7c/Branch_0/Conv2d_0a_1x1/Conv2D CPU and GPU endpoint: 582.036587 576.364585 ,op endpoint 582.036587
DEBUG:root:op InceptionV3/InceptionV3/Mixed_7c/Branch_0/Conv2d_0a_1x1/Conv2D CPU and GPU latency: 8.665400 5.372400 to CPU and to GPU latency: 0.000000 1.000000
DEBUG:root:Fetch op InceptionV3/InceptionV3/Mixed_7c/Branch_1/Conv2d_0a_1x1/Conv2D 
DEBUG:root:op InceptionV3/InceptionV3/Mixed_7c/Branch_1/Conv2d_0a_1x1/Conv2D CPU and GPU endpoint: 582.036587 588.408987 ,op endpoint 582.036587
DEBUG:root:op InceptionV3/InceptionV3/Mixed_7c/Branch_1/Conv2d_0a_1x1/Conv2D CPU and GPU latency: 10.164300 6.399000 to CPU and to GPU latency: 0.000000 1.000000
DEBUG:root:Add InceptionV3/InceptionV3/Mixed_7c/Branch_1/Conv2d_0b_1x3/Conv2D
DEBUG:root:Add InceptionV3/InceptionV3/Mixed_7c/Branch_1/Conv2d_0c_3x1/Conv2D
DEBUG:root:Fetch op InceptionV3/InceptionV3/Mixed_7c/Branch_2/Conv2d_0a_1x1/Conv2D 
DEBUG:root:op InceptionV3/InceptionV3/Mixed_7c/Branch_2/Conv2d_0a_1x1/Conv2D CPU and GPU endpoint: 592.200887 588.408987 ,op endpoint 582.036587
DEBUG:root:op InceptionV3/InceptionV3/Mixed_7c/Branch_2/Conv2d_0a_1x1/Conv2D CPU and GPU latency: 11.748500 7.340800 to CPU and to GPU latency: 0.000000 1.000000
DEBUG:root:Add InceptionV3/InceptionV3/Mixed_7c/Branch_2/Conv2d_0b_3x3/Conv2D
DEBUG:root:Fetch op InceptionV3/InceptionV3/Mixed_7c/Branch_3/AvgPool_0a_3x3/AvgPool 
DEBUG:root:op InceptionV3/InceptionV3/Mixed_7c/Branch_3/AvgPool_0a_3x3/AvgPool CPU and GPU endpoint: 592.200887 596.749787 ,op endpoint 582.036587
DEBUG:root:op InceptionV3/InceptionV3/Mixed_7c/Branch_3/AvgPool_0a_3x3/AvgPool CPU and GPU latency: 0.997500 2.996500 to CPU and to GPU latency: 0.000000 1.000000
DEBUG:root:Add InceptionV3/InceptionV3/Mixed_7c/Branch_3/Conv2d_0b_1x1/Conv2D
DEBUG:root:Fetch op InceptionV3/InceptionV3/Mixed_7c/Branch_1/Conv2d_0b_1x3/Conv2D 
DEBUG:root:op InceptionV3/InceptionV3/Mixed_7c/Branch_1/Conv2d_0b_1x3/Conv2D CPU and GPU endpoint: 593.198387 596.749787 ,op endpoint 592.200887
DEBUG:root:op InceptionV3/InceptionV3/Mixed_7c/Branch_1/Conv2d_0b_1x3/Conv2D CPU and GPU latency: 6.021100 5.745500 to CPU and to GPU latency: 0.000000 2.344845
DEBUG:root:Fetch op InceptionV3/InceptionV3/Mixed_7c/Branch_1/Conv2d_0c_3x1/Conv2D 
DEBUG:root:op InceptionV3/InceptionV3/Mixed_7c/Branch_1/Conv2d_0c_3x1/Conv2D CPU and GPU endpoint: 599.219487 596.749787 ,op endpoint 592.200887
DEBUG:root:op InceptionV3/InceptionV3/Mixed_7c/Branch_1/Conv2d_0c_3x1/Conv2D CPU and GPU latency: 5.952300 5.531500 to CPU and to GPU latency: 0.000000 2.344845
DEBUG:root:Add InceptionV3/InceptionV3/Mixed_7c/Branch_1/concat
DEBUG:root:Fetch op InceptionV3/InceptionV3/Mixed_7c/Branch_3/Conv2d_0b_1x1/Conv2D 
DEBUG:root:op InceptionV3/InceptionV3/Mixed_7c/Branch_3/Conv2d_0b_1x1/Conv2D CPU and GPU endpoint: 599.219487 604.626132 ,op endpoint 593.198387
DEBUG:root:op InceptionV3/InceptionV3/Mixed_7c/Branch_3/Conv2d_0b_1x1/Conv2D CPU and GPU latency: 5.656400 3.522400 to CPU and to GPU latency: 0.000000 2.344845
DEBUG:root:Fetch op InceptionV3/InceptionV3/Mixed_7c/Branch_2/Conv2d_0b_3x3/Conv2D 
DEBUG:root:op InceptionV3/InceptionV3/Mixed_7c/Branch_2/Conv2d_0b_3x3/Conv2D CPU and GPU endpoint: 604.875887 604.626132 ,op endpoint 596.749787
DEBUG:root:op InceptionV3/InceptionV3/Mixed_7c/Branch_2/Conv2d_0b_3x3/Conv2D CPU and GPU latency: 13.890000 5.822000 to CPU and to GPU latency: 2.272981 0.000000
DEBUG:root:Add InceptionV3/InceptionV3/Mixed_7c/Branch_2/Conv2d_0d_3x1/Conv2D
DEBUG:root:Add InceptionV3/InceptionV3/Mixed_7c/Branch_2/Conv2d_0c_1x3/Conv2D
DEBUG:root:Fetch op InceptionV3/InceptionV3/Mixed_7c/Branch_1/concat 
DEBUG:root:op InceptionV3/InceptionV3/Mixed_7c/Branch_1/concat CPU and GPU endpoint: 604.875887 610.448132 ,op endpoint 604.626132
DEBUG:root:op InceptionV3/InceptionV3/Mixed_7c/Branch_1/concat CPU and GPU latency: 0.089100 0.734750 to CPU and to GPU latency: 1.675802 1.675802
DEBUG:root:Fetch op InceptionV3/InceptionV3/Mixed_7c/Branch_2/Conv2d_0c_1x3/Conv2D 
DEBUG:root:op InceptionV3/InceptionV3/Mixed_7c/Branch_2/Conv2d_0c_1x3/Conv2D CPU and GPU endpoint: 606.640788 610.448132 ,op endpoint 610.448132
DEBUG:root:op InceptionV3/InceptionV3/Mixed_7c/Branch_2/Conv2d_0c_1x3/Conv2D CPU and GPU latency: 5.882600 5.723400 to CPU and to GPU latency: 1.818857 0.000000
DEBUG:root:Fetch op InceptionV3/InceptionV3/Mixed_7c/Branch_2/Conv2d_0d_3x1/Conv2D 
DEBUG:root:op InceptionV3/InceptionV3/Mixed_7c/Branch_2/Conv2d_0d_3x1/Conv2D CPU and GPU endpoint: 606.640788 616.171532 ,op endpoint 610.448132
DEBUG:root:op InceptionV3/InceptionV3/Mixed_7c/Branch_2/Conv2d_0d_3x1/Conv2D CPU and GPU latency: 5.994000 5.343600 to CPU and to GPU latency: 1.818857 0.000000
DEBUG:root:Add InceptionV3/InceptionV3/Mixed_7c/Branch_2/concat
DEBUG:root:Fetch op InceptionV3/InceptionV3/Mixed_7c/Branch_2/concat 
DEBUG:root:op InceptionV3/InceptionV3/Mixed_7c/Branch_2/concat CPU and GPU endpoint: 618.260989 616.171532 ,op endpoint 618.260989
DEBUG:root:op InceptionV3/InceptionV3/Mixed_7c/Branch_2/concat CPU and GPU latency: 0.070400 0.690571 to CPU and to GPU latency: 1.675802 1.675802
DEBUG:root:Add InceptionV3/InceptionV3/Mixed_7c/concat
DEBUG:root:Fetch op InceptionV3/InceptionV3/Mixed_7c/concat 
DEBUG:root:op InceptionV3/InceptionV3/Mixed_7c/concat CPU and GPU endpoint: 620.007190 616.171532 ,op endpoint 620.007190
DEBUG:root:op InceptionV3/InceptionV3/Mixed_7c/concat CPU and GPU latency: 0.223400 1.565400 to CPU and to GPU latency: 3.351603 3.351603
DEBUG:root:Add InceptionV3/Logits/AvgPool_1a_8x8/AvgPool
DEBUG:root:Fetch op InceptionV3/Logits/AvgPool_1a_8x8/AvgPool 
DEBUG:root:op InceptionV3/Logits/AvgPool_1a_8x8/AvgPool CPU and GPU endpoint: 623.582193 616.171532 ,op endpoint 623.582193
DEBUG:root:op InceptionV3/Logits/AvgPool_1a_8x8/AvgPool CPU and GPU latency: 0.258600 1.106375 to CPU and to GPU latency: 0.000000 1.000000
DEBUG:root:Add InceptionV3/Logits/Conv2d_1c_1x1/Conv2D
DEBUG:root:Fetch op InceptionV3/Logits/Conv2d_1c_1x1/Conv2D 
DEBUG:root:op InceptionV3/Logits/Conv2d_1c_1x1/Conv2D CPU and GPU endpoint: 623.840793 616.171532 ,op endpoint 623.840793
DEBUG:root:op InceptionV3/Logits/Conv2d_1c_1x1/Conv2D CPU and GPU latency: 1.771400 2.167900 to CPU and to GPU latency: 0.000000 2.344845
DEBUG:root:Add InceptionV3/Logits/Conv2d_1c_1x1/Conv2D___tr4InceptionV3/Logits/SpatialSqueeze
DEBUG:root:Fetch op InceptionV3/Logits/Conv2d_1c_1x1/Conv2D___tr4InceptionV3/Logits/SpatialSqueeze 
DEBUG:root:op InceptionV3/Logits/Conv2d_1c_1x1/Conv2D___tr4InceptionV3/Logits/SpatialSqueeze CPU and GPU endpoint: 625.612193 616.171532 ,op endpoint 625.612193
DEBUG:root:op InceptionV3/Logits/Conv2d_1c_1x1/Conv2D___tr4InceptionV3/Logits/SpatialSqueeze CPU and GPU latency: 0.006250 0.385000 to CPU and to GPU latency: 0.000000 1.178778
DEBUG:root:Add InceptionV3/Logits/SpatialSqueeze
DEBUG:root:Fetch op InceptionV3/Logits/SpatialSqueeze 
DEBUG:root:op InceptionV3/Logits/SpatialSqueeze CPU and GPU endpoint: 625.618443 616.171532 ,op endpoint 625.618443
DEBUG:root:op InceptionV3/Logits/SpatialSqueeze CPU and GPU latency: 0.002714 0.406375 to CPU and to GPU latency: 0.000000 1.173444
DEBUG:root:Add InceptionV3/Predictions/Reshape
DEBUG:root:Add InceptionV3/Predictions/Shape
DEBUG:root:Fetch op InceptionV3/Predictions/Reshape 
DEBUG:root:op InceptionV3/Predictions/Reshape CPU and GPU endpoint: 625.621158 616.171532 ,op endpoint 625.621158
DEBUG:root:op InceptionV3/Predictions/Reshape CPU and GPU latency: 0.002750 0.731250 to CPU and to GPU latency: 0.000000 1.173444
DEBUG:root:Add InceptionV3/Predictions/Softmax
DEBUG:root:Fetch op InceptionV3/Predictions/Shape 
DEBUG:root:op InceptionV3/Predictions/Shape CPU and GPU endpoint: 625.623908 616.171532 ,op endpoint 625.621158
DEBUG:root:op InceptionV3/Predictions/Shape CPU and GPU latency: 0.000000 0.002900 to CPU and to GPU latency: 0.000000 1.173444
DEBUG:root:Fetch op InceptionV3/Predictions/Softmax 
DEBUG:root:op InceptionV3/Predictions/Softmax CPU and GPU endpoint: 625.623908 616.171532 ,op endpoint 625.623908
DEBUG:root:op InceptionV3/Predictions/Softmax CPU and GPU latency: 0.034000 1.289400 to CPU and to GPU latency: 0.000000 1.000000
DEBUG:root:Add InceptionV3/Predictions/Reshape_1
DEBUG:root:Fetch op InceptionV3/Predictions/Reshape_1 
DEBUG:root:op InceptionV3/Predictions/Reshape_1 CPU and GPU endpoint: 625.657908 616.171532 ,op endpoint 625.657908
DEBUG:root:op InceptionV3/Predictions/Reshape_1 CPU and GPU latency: 0.002000 0.718125 to CPU and to GPU latency: 0.000000 1.000000
DEBUG:root:Add InceptionV3/InceptionV3/Conv2d_2a_3x3/Conv2D
DEBUG:root:Fetch op InceptionV3/InceptionV3/Conv2d_1a_3x3/Conv2D 
DEBUG:root:op InceptionV3/InceptionV3/Conv2d_2a_3x3/Conv2D CPU and GPU endpoint: 6.446900 0.000000 ,op endpoint 6.446900
DEBUG:root:Add InceptionV3/InceptionV3/Conv2d_2b_3x3/Conv2D
DEBUG:root:Fetch op InceptionV3/InceptionV3/Conv2d_2a_3x3/Conv2D 
DEBUG:root:op InceptionV3/InceptionV3/Conv2d_2b_3x3/Conv2D CPU and GPU endpoint: 23.019700 0.000000 ,op endpoint 23.019700
DEBUG:root:Add InceptionV3/InceptionV3/MaxPool_3a_3x3/MaxPool
DEBUG:root:Fetch op InceptionV3/InceptionV3/Conv2d_2b_3x3/Conv2D 
DEBUG:root:op InceptionV3/InceptionV3/MaxPool_3a_3x3/MaxPool CPU and GPU endpoint: 53.797700 0.000000 ,op endpoint 53.797700
DEBUG:root:Add InceptionV3/InceptionV3/Conv2d_3b_1x1/Conv2D
DEBUG:root:Fetch op InceptionV3/InceptionV3/MaxPool_3a_3x3/MaxPool 
DEBUG:root:op InceptionV3/InceptionV3/Conv2d_3b_1x1/Conv2D CPU and GPU endpoint: 56.353400 0.000000 ,op endpoint 56.353400
DEBUG:root:Add InceptionV3/InceptionV3/Conv2d_4a_3x3/Conv2D
DEBUG:root:Fetch op InceptionV3/InceptionV3/Conv2d_3b_1x1/Conv2D 
DEBUG:root:op InceptionV3/InceptionV3/Conv2d_4a_3x3/Conv2D CPU and GPU endpoint: 60.942800 0.000000 ,op endpoint 60.942800
DEBUG:root:Add InceptionV3/InceptionV3/MaxPool_5a_3x3/MaxPool
DEBUG:root:Fetch op InceptionV3/InceptionV3/Conv2d_4a_3x3/Conv2D 
DEBUG:root:op InceptionV3/InceptionV3/MaxPool_5a_3x3/MaxPool CPU and GPU endpoint: 102.078800 0.000000 ,op endpoint 102.078800
DEBUG:root:Add InceptionV3/InceptionV3/Mixed_5b/Branch_2/Conv2d_0a_1x1/Conv2D
DEBUG:root:Add InceptionV3/InceptionV3/Mixed_5b/Branch_3/AvgPool_0a_3x3/AvgPool
DEBUG:root:Add InceptionV3/InceptionV3/Mixed_5b/Branch_1/Conv2d_0a_1x1/Conv2D
DEBUG:root:Add InceptionV3/InceptionV3/Mixed_5b/Branch_0/Conv2d_0a_1x1/Conv2D
DEBUG:root:Fetch op InceptionV3/InceptionV3/MaxPool_5a_3x3/MaxPool 
DEBUG:root:Fetch op InceptionV3/InceptionV3/MaxPool_5a_3x3/MaxPool 
DEBUG:root:Add InceptionV3/InceptionV3/Mixed_5b/Branch_2/Conv2d_0b_3x3/Conv2D
DEBUG:root:Fetch op InceptionV3/InceptionV3/Mixed_5b/Branch_2/Conv2d_0a_1x1/Conv2D 
DEBUG:root:Fetch op InceptionV3/InceptionV3/Mixed_5b/Branch_2/Conv2d_0a_1x1/Conv2D 
DEBUG:root:Add InceptionV3/InceptionV3/Mixed_5b/Branch_1/Conv2d_0b_5x5/Conv2D
DEBUG:root:Add InceptionV3/InceptionV3/Mixed_5b/Branch_2/Conv2d_0c_3x3/Conv2D
DEBUG:root:Fetch op InceptionV3/InceptionV3/Mixed_5b/Branch_2/Conv2d_0b_3x3/Conv2D 
DEBUG:root:Fetch op InceptionV3/InceptionV3/Mixed_5b/Branch_2/Conv2d_0b_3x3/Conv2D 
DEBUG:root:Add InceptionV3/InceptionV3/Mixed_5b/Branch_3/Conv2d_0b_1x1/Conv2D
DEBUG:root:Fetch op InceptionV3/InceptionV3/Mixed_5b/Branch_2/Conv2d_0c_3x3/Conv2D 
DEBUG:root:op InceptionV3/InceptionV3/Mixed_5b/Branch_1/Conv2d_0b_5x5/Conv2D CPU and GPU endpoint: 122.785800 115.216800 ,op endpoint 110.494900
DEBUG:root:Fetch op InceptionV3/InceptionV3/Mixed_5b/Branch_1/Conv2d_0b_5x5/Conv2D 
DEBUG:root:op InceptionV3/InceptionV3/Mixed_5b/Branch_3/Conv2d_0b_1x1/Conv2D CPU and GPU endpoint: 122.785800 126.703351 ,op endpoint 115.216800
DEBUG:root:Add InceptionV3/InceptionV3/Mixed_5b/concat
DEBUG:root:Fetch op InceptionV3/InceptionV3/Mixed_5b/Branch_3/Conv2d_0b_1x1/Conv2D 
DEBUG:root:op InceptionV3/InceptionV3/Mixed_5b/concat CPU and GPU endpoint: 126.339050 126.703351 ,op endpoint 126.703351
DEBUG:root:Add InceptionV3/InceptionV3/Mixed_5c/Branch_0/Conv2d_0a_1x1/Conv2D
DEBUG:root:Add InceptionV3/InceptionV3/Mixed_5c/Branch_1/Conv2d_0b_1x1/Conv2D
DEBUG:root:Add InceptionV3/InceptionV3/Mixed_5c/Branch_2/Conv2d_0a_1x1/Conv2D
DEBUG:root:Add InceptionV3/InceptionV3/Mixed_5c/Branch_3/AvgPool_0a_3x3/AvgPool
DEBUG:root:Fetch op InceptionV3/InceptionV3/Mixed_5b/concat 
DEBUG:root:Fetch op InceptionV3/InceptionV3/Mixed_5b/concat 
DEBUG:root:Add InceptionV3/InceptionV3/Mixed_5c/Branch_2/Conv2d_0b_3x3/Conv2D
DEBUG:root:Fetch op InceptionV3/InceptionV3/Mixed_5c/Branch_2/Conv2d_0a_1x1/Conv2D 
DEBUG:root:Fetch op InceptionV3/InceptionV3/Mixed_5c/Branch_2/Conv2d_0a_1x1/Conv2D 
DEBUG:root:Add InceptionV3/InceptionV3/Mixed_5c/Branch_1/Conv_1_0c_5x5/Conv2D
DEBUG:root:Add InceptionV3/InceptionV3/Mixed_5c/Branch_2/Conv2d_0c_3x3/Conv2D
DEBUG:root:Fetch op InceptionV3/InceptionV3/Mixed_5c/Branch_2/Conv2d_0b_3x3/Conv2D 
DEBUG:root:Fetch op InceptionV3/InceptionV3/Mixed_5c/Branch_2/Conv2d_0b_3x3/Conv2D 
DEBUG:root:Add InceptionV3/InceptionV3/Mixed_5c/Branch_3/Conv2d_0b_1x1/Conv2D
DEBUG:root:Fetch op InceptionV3/InceptionV3/Mixed_5c/Branch_1/Conv_1_0c_5x5/Conv2D 
DEBUG:root:op InceptionV3/InceptionV3/Mixed_5c/Branch_2/Conv2d_0c_3x3/Conv2D CPU and GPU endpoint: 143.310062 150.299084 ,op endpoint 140.993362
DEBUG:root:Fetch op InceptionV3/InceptionV3/Mixed_5c/Branch_2/Conv2d_0c_3x3/Conv2D 
DEBUG:root:op InceptionV3/InceptionV3/Mixed_5c/Branch_3/Conv2d_0b_1x1/Conv2D CPU and GPU endpoint: 150.453962 150.299084 ,op endpoint 143.310062
DEBUG:root:Add InceptionV3/InceptionV3/Mixed_5c/concat
DEBUG:root:Fetch op InceptionV3/InceptionV3/Mixed_5c/Branch_3/Conv2d_0b_1x1/Conv2D 
DEBUG:root:op InceptionV3/InceptionV3/Mixed_5c/concat CPU and GPU endpoint: 153.542962 150.299084 ,op endpoint 153.542962
DEBUG:root:Add InceptionV3/InceptionV3/Mixed_5d/Branch_2/Conv2d_0a_1x1/Conv2D
DEBUG:root:Add InceptionV3/InceptionV3/Mixed_5d/Branch_0/Conv2d_0a_1x1/Conv2D
DEBUG:root:Add InceptionV3/InceptionV3/Mixed_5d/Branch_1/Conv2d_0a_1x1/Conv2D
DEBUG:root:Add InceptionV3/InceptionV3/Mixed_5d/Branch_3/AvgPool_0a_3x3/AvgPool
DEBUG:root:Fetch op InceptionV3/InceptionV3/Mixed_5c/concat 
DEBUG:root:Fetch op InceptionV3/InceptionV3/Mixed_5c/concat 
DEBUG:root:Add InceptionV3/InceptionV3/Mixed_5d/Branch_2/Conv2d_0b_3x3/Conv2D
DEBUG:root:Fetch op InceptionV3/InceptionV3/Mixed_5d/Branch_2/Conv2d_0a_1x1/Conv2D 
DEBUG:root:Fetch op InceptionV3/InceptionV3/Mixed_5d/Branch_2/Conv2d_0a_1x1/Conv2D 
DEBUG:root:Add InceptionV3/InceptionV3/Mixed_5d/Branch_1/Conv2d_0b_5x5/Conv2D
DEBUG:root:Add InceptionV3/InceptionV3/Mixed_5d/Branch_2/Conv2d_0c_3x3/Conv2D
DEBUG:root:Fetch op InceptionV3/InceptionV3/Mixed_5d/Branch_2/Conv2d_0b_3x3/Conv2D 
DEBUG:root:Fetch op InceptionV3/InceptionV3/Mixed_5d/Branch_2/Conv2d_0b_3x3/Conv2D 
DEBUG:root:Add InceptionV3/InceptionV3/Mixed_5d/Branch_3/Conv2d_0b_1x1/Conv2D
DEBUG:root:Fetch op InceptionV3/InceptionV3/Mixed_5d/Branch_1/Conv2d_0b_5x5/Conv2D 
DEBUG:root:op InceptionV3/InceptionV3/Mixed_5d/Branch_2/Conv2d_0c_3x3/Conv2D CPU and GPU endpoint: 171.952342 177.371153 ,op endpoint 169.344942
DEBUG:root:Fetch op InceptionV3/InceptionV3/Mixed_5d/Branch_2/Conv2d_0c_3x3/Conv2D 
DEBUG:root:op InceptionV3/InceptionV3/Mixed_5d/Branch_3/Conv2d_0b_1x1/Conv2D CPU and GPU endpoint: 179.150942 177.371153 ,op endpoint 171.952342
DEBUG:root:Add InceptionV3/InceptionV3/Mixed_5d/concat
DEBUG:root:Fetch op InceptionV3/InceptionV3/Mixed_5d/Branch_3/Conv2d_0b_1x1/Conv2D 
DEBUG:root:op InceptionV3/InceptionV3/Mixed_5d/concat CPU and GPU endpoint: 182.667942 177.371153 ,op endpoint 182.667942
DEBUG:root:Add InceptionV3/InceptionV3/Mixed_6a/Branch_1/Conv2d_0a_1x1/Conv2D
DEBUG:root:Add InceptionV3/InceptionV3/Mixed_6a/Branch_2/MaxPool_1a_3x3/MaxPool
DEBUG:root:Add InceptionV3/InceptionV3/Mixed_6a/Branch_0/Conv2d_1a_1x1/Conv2D
DEBUG:root:Fetch op InceptionV3/InceptionV3/Mixed_5d/concat 
DEBUG:root:Fetch op InceptionV3/InceptionV3/Mixed_5d/concat 
DEBUG:root:Fetch op InceptionV3/InceptionV3/Mixed_6a/Branch_2/MaxPool_1a_3x3/MaxPool 
DEBUG:root:op InceptionV3/InceptionV3/Mixed_6a/Branch_1/Conv2d_0a_1x1/Conv2D CPU and GPU endpoint: 242.258614 197.435525 ,op endpoint 186.738414
DEBUG:root:Add InceptionV3/InceptionV3/Mixed_6a/Branch_1/Conv2d_0b_3x3/Conv2D
DEBUG:root:Fetch op InceptionV3/InceptionV3/Mixed_6a/Branch_1/Conv2d_0a_1x1/Conv2D 
DEBUG:root:op InceptionV3/InceptionV3/Mixed_6a/Branch_1/Conv2d_0b_3x3/Conv2D CPU and GPU endpoint: 242.258614 210.462636 ,op endpoint 210.462636
DEBUG:root:Add InceptionV3/InceptionV3/Mixed_6a/Branch_1/Conv2d_1a_1x1/Conv2D
DEBUG:root:Fetch op InceptionV3/InceptionV3/Mixed_6a/Branch_1/Conv2d_0b_3x3/Conv2D 
DEBUG:root:op InceptionV3/InceptionV3/Mixed_6a/Branch_1/Conv2d_1a_1x1/Conv2D CPU and GPU endpoint: 242.258614 216.897536 ,op endpoint 216.897536
DEBUG:root:Add InceptionV3/InceptionV3/Mixed_6a/concat
DEBUG:root:Fetch op InceptionV3/InceptionV3/Mixed_6a/Branch_1/Conv2d_1a_1x1/Conv2D 
DEBUG:root:op InceptionV3/InceptionV3/Mixed_6a/concat CPU and GPU endpoint: 242.258614 221.922036 ,op endpoint 242.258614
DEBUG:root:Add InceptionV3/InceptionV3/Mixed_6b/Branch_3/AvgPool_0a_3x3/AvgPool
DEBUG:root:Add InceptionV3/InceptionV3/Mixed_6b/Branch_0/Conv2d_0a_1x1/Conv2D
DEBUG:root:Add InceptionV3/InceptionV3/Mixed_6b/Branch_2/Conv2d_0a_1x1/Conv2D
DEBUG:root:Add InceptionV3/InceptionV3/Mixed_6b/Branch_1/Conv2d_0a_1x1/Conv2D
DEBUG:root:Fetch op InceptionV3/InceptionV3/Mixed_6a/concat 
DEBUG:root:Fetch op InceptionV3/InceptionV3/Mixed_6a/concat 
DEBUG:root:Add InceptionV3/InceptionV3/Mixed_6b/Branch_2/Conv2d_0b_7x1/Conv2D
DEBUG:root:Fetch op InceptionV3/InceptionV3/Mixed_6b/Branch_2/Conv2d_0a_1x1/Conv2D 
DEBUG:root:Fetch op InceptionV3/InceptionV3/Mixed_6b/Branch_2/Conv2d_0a_1x1/Conv2D 
DEBUG:root:Add InceptionV3/InceptionV3/Mixed_6b/Branch_1/Conv2d_0b_1x7/Conv2D
DEBUG:root:Add InceptionV3/InceptionV3/Mixed_6b/Branch_2/Conv2d_0c_1x7/Conv2D
DEBUG:root:Fetch op InceptionV3/InceptionV3/Mixed_6b/Branch_2/Conv2d_0b_7x1/Conv2D 
DEBUG:root:Fetch op InceptionV3/InceptionV3/Mixed_6b/Branch_2/Conv2d_0b_7x1/Conv2D 
DEBUG:root:Add InceptionV3/InceptionV3/Mixed_6b/Branch_3/Conv2d_0b_1x1/Conv2D
DEBUG:root:Add InceptionV3/InceptionV3/Mixed_6b/Branch_2/Conv2d_0d_7x1/Conv2D
DEBUG:root:Fetch op InceptionV3/InceptionV3/Mixed_6b/Branch_2/Conv2d_0c_1x7/Conv2D 
DEBUG:root:Fetch op InceptionV3/InceptionV3/Mixed_6b/Branch_2/Conv2d_0c_1x7/Conv2D 
DEBUG:root:Add InceptionV3/InceptionV3/Mixed_6b/Branch_1/Conv2d_0c_7x1/Conv2D
DEBUG:root:Add InceptionV3/InceptionV3/Mixed_6b/Branch_2/Conv2d_0e_1x7/Conv2D
DEBUG:root:Fetch op InceptionV3/InceptionV3/Mixed_6b/Branch_2/Conv2d_0d_7x1/Conv2D 
DEBUG:root:Fetch op InceptionV3/InceptionV3/Mixed_6b/Branch_2/Conv2d_0d_7x1/Conv2D 
DEBUG:root:Fetch op InceptionV3/InceptionV3/Mixed_6b/Branch_2/Conv2d_0e_1x7/Conv2D 
DEBUG:root:op InceptionV3/InceptionV3/Mixed_6b/Branch_1/Conv2d_0c_7x1/Conv2D CPU and GPU endpoint: 271.525432 283.870732 ,op endpoint 264.473832
DEBUG:root:Add InceptionV3/InceptionV3/Mixed_6b/concat
DEBUG:root:Fetch op InceptionV3/InceptionV3/Mixed_6b/Branch_1/Conv2d_0c_7x1/Conv2D 
DEBUG:root:op InceptionV3/InceptionV3/Mixed_6b/concat CPU and GPU endpoint: 279.688432 283.870732 ,op endpoint 283.870732
DEBUG:root:Add InceptionV3/InceptionV3/Mixed_6c/Branch_3/AvgPool_0a_3x3/AvgPool
DEBUG:root:Add InceptionV3/InceptionV3/Mixed_6c/Branch_0/Conv2d_0a_1x1/Conv2D
DEBUG:root:Add InceptionV3/InceptionV3/Mixed_6c/Branch_1/Conv2d_0a_1x1/Conv2D
DEBUG:root:Add InceptionV3/InceptionV3/Mixed_6c/Branch_2/Conv2d_0a_1x1/Conv2D
DEBUG:root:Fetch op InceptionV3/InceptionV3/Mixed_6b/concat 
DEBUG:root:Fetch op InceptionV3/InceptionV3/Mixed_6b/concat 
DEBUG:root:Add InceptionV3/InceptionV3/Mixed_6c/Branch_2/Conv2d_0b_7x1/Conv2D
DEBUG:root:Fetch op InceptionV3/InceptionV3/Mixed_6c/Branch_2/Conv2d_0a_1x1/Conv2D 
DEBUG:root:Fetch op InceptionV3/InceptionV3/Mixed_6c/Branch_2/Conv2d_0a_1x1/Conv2D 
DEBUG:root:Add InceptionV3/InceptionV3/Mixed_6c/Branch_1/Conv2d_0b_1x7/Conv2D
DEBUG:root:Add InceptionV3/InceptionV3/Mixed_6c/Branch_2/Conv2d_0c_1x7/Conv2D
DEBUG:root:Fetch op InceptionV3/InceptionV3/Mixed_6c/Branch_2/Conv2d_0b_7x1/Conv2D 
DEBUG:root:Fetch op InceptionV3/InceptionV3/Mixed_6c/Branch_2/Conv2d_0b_7x1/Conv2D 
DEBUG:root:Add InceptionV3/InceptionV3/Mixed_6c/Branch_3/Conv2d_0b_1x1/Conv2D
DEBUG:root:Add InceptionV3/InceptionV3/Mixed_6c/Branch_2/Conv2d_0d_7x1/Conv2D
DEBUG:root:Fetch op InceptionV3/InceptionV3/Mixed_6c/Branch_2/Conv2d_0c_1x7/Conv2D 
DEBUG:root:Fetch op InceptionV3/InceptionV3/Mixed_6c/Branch_2/Conv2d_0c_1x7/Conv2D 
DEBUG:root:Add InceptionV3/InceptionV3/Mixed_6c/Branch_1/Conv2d_0c_7x1/Conv2D
DEBUG:root:Add InceptionV3/InceptionV3/Mixed_6c/Branch_2/Conv2d_0e_1x7/Conv2D
DEBUG:root:Fetch op InceptionV3/InceptionV3/Mixed_6c/Branch_2/Conv2d_0d_7x1/Conv2D 
DEBUG:root:Fetch op InceptionV3/InceptionV3/Mixed_6c/Branch_2/Conv2d_0d_7x1/Conv2D 
DEBUG:root:Fetch op InceptionV3/InceptionV3/Mixed_6c/Branch_2/Conv2d_0e_1x7/Conv2D 
DEBUG:root:op InceptionV3/InceptionV3/Mixed_6c/Branch_1/Conv2d_0c_7x1/Conv2D CPU and GPU endpoint: 337.594965 326.786242 ,op endpoint 320.330042
DEBUG:root:Add InceptionV3/InceptionV3/Mixed_6c/concat
DEBUG:root:Fetch op InceptionV3/InceptionV3/Mixed_6c/Branch_1/Conv2d_0c_7x1/Conv2D 
DEBUG:root:op InceptionV3/InceptionV3/Mixed_6c/concat CPU and GPU endpoint: 337.594965 337.635742 ,op endpoint 337.635742
DEBUG:root:Add InceptionV3/InceptionV3/Mixed_6d/Branch_1/Conv2d_0a_1x1/Conv2D
DEBUG:root:Add InceptionV3/InceptionV3/Mixed_6d/Branch_2/Conv2d_0a_1x1/Conv2D
DEBUG:root:Add InceptionV3/InceptionV3/Mixed_6d/Branch_0/Conv2d_0a_1x1/Conv2D
DEBUG:root:Add InceptionV3/InceptionV3/Mixed_6d/Branch_3/AvgPool_0a_3x3/AvgPool
DEBUG:root:Fetch op InceptionV3/InceptionV3/Mixed_6c/concat 
DEBUG:root:Fetch op InceptionV3/InceptionV3/Mixed_6c/concat 
DEBUG:root:Add InceptionV3/InceptionV3/Mixed_6d/Branch_2/Conv2d_0b_7x1/Conv2D
DEBUG:root:Fetch op InceptionV3/InceptionV3/Mixed_6d/Branch_2/Conv2d_0a_1x1/Conv2D 
DEBUG:root:Fetch op InceptionV3/InceptionV3/Mixed_6d/Branch_2/Conv2d_0a_1x1/Conv2D 
DEBUG:root:Add InceptionV3/InceptionV3/Mixed_6d/Branch_1/Conv2d_0b_1x7/Conv2D
DEBUG:root:Add InceptionV3/InceptionV3/Mixed_6d/Branch_2/Conv2d_0c_1x7/Conv2D
DEBUG:root:Fetch op InceptionV3/InceptionV3/Mixed_6d/Branch_2/Conv2d_0b_7x1/Conv2D 
DEBUG:root:Fetch op InceptionV3/InceptionV3/Mixed_6d/Branch_2/Conv2d_0b_7x1/Conv2D 
DEBUG:root:Add InceptionV3/InceptionV3/Mixed_6d/Branch_3/Conv2d_0b_1x1/Conv2D
DEBUG:root:Add InceptionV3/InceptionV3/Mixed_6d/Branch_2/Conv2d_0d_7x1/Conv2D
DEBUG:root:Fetch op InceptionV3/InceptionV3/Mixed_6d/Branch_2/Conv2d_0c_1x7/Conv2D 
DEBUG:root:Fetch op InceptionV3/InceptionV3/Mixed_6d/Branch_2/Conv2d_0c_1x7/Conv2D 
DEBUG:root:Add InceptionV3/InceptionV3/Mixed_6d/Branch_1/Conv2d_0c_7x1/Conv2D
DEBUG:root:Add InceptionV3/InceptionV3/Mixed_6d/Branch_2/Conv2d_0e_1x7/Conv2D
DEBUG:root:Fetch op InceptionV3/InceptionV3/Mixed_6d/Branch_2/Conv2d_0d_7x1/Conv2D 
DEBUG:root:Fetch op InceptionV3/InceptionV3/Mixed_6d/Branch_2/Conv2d_0d_7x1/Conv2D 
DEBUG:root:Fetch op InceptionV3/InceptionV3/Mixed_6d/Branch_2/Conv2d_0e_1x7/Conv2D 
DEBUG:root:op InceptionV3/InceptionV3/Mixed_6d/Branch_1/Conv2d_0c_7x1/Conv2D CPU and GPU endpoint: 391.563575 380.431552 ,op endpoint 374.166652
DEBUG:root:Add InceptionV3/InceptionV3/Mixed_6d/concat
DEBUG:root:Fetch op InceptionV3/InceptionV3/Mixed_6d/Branch_1/Conv2d_0c_7x1/Conv2D 
DEBUG:root:op InceptionV3/InceptionV3/Mixed_6d/concat CPU and GPU endpoint: 391.563575 391.836052 ,op endpoint 391.836052
DEBUG:root:Add InceptionV3/InceptionV3/Mixed_6e/Branch_3/AvgPool_0a_3x3/AvgPool
DEBUG:root:Add InceptionV3/InceptionV3/Mixed_6e/Branch_0/Conv2d_0a_1x1/Conv2D
DEBUG:root:Add InceptionV3/InceptionV3/Mixed_6e/Branch_1/Conv2d_0a_1x1/Conv2D
DEBUG:root:Add InceptionV3/InceptionV3/Mixed_6e/Branch_2/Conv2d_0a_1x1/Conv2D
DEBUG:root:Fetch op InceptionV3/InceptionV3/Mixed_6d/concat 
DEBUG:root:Fetch op InceptionV3/InceptionV3/Mixed_6d/concat 
DEBUG:root:Add InceptionV3/InceptionV3/Mixed_6e/Branch_2/Conv2d_0b_7x1/Conv2D
DEBUG:root:Fetch op InceptionV3/InceptionV3/Mixed_6e/Branch_2/Conv2d_0a_1x1/Conv2D 
DEBUG:root:Fetch op InceptionV3/InceptionV3/Mixed_6e/Branch_2/Conv2d_0a_1x1/Conv2D 
DEBUG:root:Add InceptionV3/InceptionV3/Mixed_6e/Branch_1/Conv2d_0b_1x7/Conv2D
DEBUG:root:Add InceptionV3/InceptionV3/Mixed_6e/Branch_2/Conv2d_0c_1x7/Conv2D
DEBUG:root:Fetch op InceptionV3/InceptionV3/Mixed_6e/Branch_2/Conv2d_0b_7x1/Conv2D 
DEBUG:root:Fetch op InceptionV3/InceptionV3/Mixed_6e/Branch_2/Conv2d_0b_7x1/Conv2D 
DEBUG:root:Add InceptionV3/InceptionV3/Mixed_6e/Branch_3/Conv2d_0b_1x1/Conv2D
DEBUG:root:Add InceptionV3/InceptionV3/Mixed_6e/Branch_2/Conv2d_0d_7x1/Conv2D
DEBUG:root:Fetch op InceptionV3/InceptionV3/Mixed_6e/Branch_2/Conv2d_0c_1x7/Conv2D 
DEBUG:root:Fetch op InceptionV3/InceptionV3/Mixed_6e/Branch_2/Conv2d_0c_1x7/Conv2D 
DEBUG:root:Add InceptionV3/InceptionV3/Mixed_6e/Branch_1/Conv2d_0c_7x1/Conv2D
DEBUG:root:Add InceptionV3/InceptionV3/Mixed_6e/Branch_2/Conv2d_0e_1x7/Conv2D
DEBUG:root:Fetch op InceptionV3/InceptionV3/Mixed_6e/Branch_2/Conv2d_0d_7x1/Conv2D 
DEBUG:root:Fetch op InceptionV3/InceptionV3/Mixed_6e/Branch_2/Conv2d_0d_7x1/Conv2D 
DEBUG:root:Fetch op InceptionV3/InceptionV3/Mixed_6e/Branch_2/Conv2d_0e_1x7/Conv2D 
DEBUG:root:op InceptionV3/InceptionV3/Mixed_6e/Branch_1/Conv2d_0c_7x1/Conv2D CPU and GPU endpoint: 431.526875 461.144213 ,op endpoint 424.651675
DEBUG:root:Add InceptionV3/InceptionV3/Mixed_6e/concat
DEBUG:root:Fetch op InceptionV3/InceptionV3/Mixed_6e/Branch_1/Conv2d_0c_7x1/Conv2D 
DEBUG:root:op InceptionV3/InceptionV3/Mixed_6e/concat CPU and GPU endpoint: 446.041475 461.144213 ,op endpoint 461.144213
DEBUG:root:Add InceptionV3/InceptionV3/Mixed_7a/Branch_0/Conv2d_0a_1x1/Conv2D
DEBUG:root:Add InceptionV3/InceptionV3/Mixed_7a/Branch_1/Conv2d_0a_1x1/Conv2D
DEBUG:root:Add InceptionV3/InceptionV3/Mixed_7a/Branch_2/MaxPool_1a_3x3/MaxPool
DEBUG:root:Fetch op InceptionV3/InceptionV3/Mixed_6e/concat 
DEBUG:root:Fetch op InceptionV3/InceptionV3/Mixed_6e/concat 
DEBUG:root:Add InceptionV3/InceptionV3/Mixed_7a/Branch_0/Conv2d_1a_3x3/Conv2D
DEBUG:root:Fetch op InceptionV3/InceptionV3/Mixed_7a/Branch_2/MaxPool_1a_3x3/MaxPool 
DEBUG:root:op InceptionV3/InceptionV3/Mixed_7a/Branch_1/Conv2d_0a_1x1/Conv2D CPU and GPU endpoint: 472.008471 461.144213 ,op endpoint 464.614746
DEBUG:root:Add InceptionV3/InceptionV3/Mixed_7a/Branch_1/Conv2d_0b_1x7/Conv2D
DEBUG:root:Fetch op InceptionV3/InceptionV3/Mixed_7a/Branch_1/Conv2d_0a_1x1/Conv2D 
DEBUG:root:op InceptionV3/InceptionV3/Mixed_7a/Branch_0/Conv2d_1a_3x3/Conv2D CPU and GPU endpoint: 472.008471 477.964985 ,op endpoint 471.532846
DEBUG:root:Fetch op InceptionV3/InceptionV3/Mixed_7a/Branch_0/Conv2d_1a_3x3/Conv2D 
DEBUG:root:op InceptionV3/InceptionV3/Mixed_7a/Branch_1/Conv2d_0b_1x7/Conv2D CPU and GPU endpoint: 479.907371 477.964985 ,op endpoint 477.964985
DEBUG:root:Add InceptionV3/InceptionV3/Mixed_7a/Branch_1/Conv2d_0c_7x1/Conv2D
DEBUG:root:Fetch op InceptionV3/InceptionV3/Mixed_7a/Branch_1/Conv2d_0b_1x7/Conv2D 
DEBUG:root:op InceptionV3/InceptionV3/Mixed_7a/Branch_1/Conv2d_0c_7x1/Conv2D CPU and GPU endpoint: 479.907371 491.279085 ,op endpoint 491.279085
DEBUG:root:Add InceptionV3/InceptionV3/Mixed_7a/Branch_1/Conv2d_1a_3x3/Conv2D
DEBUG:root:Fetch op InceptionV3/InceptionV3/Mixed_7a/Branch_1/Conv2d_0c_7x1/Conv2D 
DEBUG:root:op InceptionV3/InceptionV3/Mixed_7a/Branch_1/Conv2d_1a_3x3/Conv2D CPU and GPU endpoint: 479.907371 504.126285 ,op endpoint 504.126285
DEBUG:root:Add InceptionV3/InceptionV3/Mixed_7a/concat
DEBUG:root:Fetch op InceptionV3/InceptionV3/Mixed_7a/Branch_1/Conv2d_1a_3x3/Conv2D 
DEBUG:root:op InceptionV3/InceptionV3/Mixed_7a/concat CPU and GPU endpoint: 479.907371 508.406685 ,op endpoint 508.406685
DEBUG:root:Add InceptionV3/InceptionV3/Mixed_7b/Branch_3/AvgPool_0a_3x3/AvgPool
DEBUG:root:Add InceptionV3/InceptionV3/Mixed_7b/Branch_1/Conv2d_0a_1x1/Conv2D
DEBUG:root:Add InceptionV3/InceptionV3/Mixed_7b/Branch_2/Conv2d_0a_1x1/Conv2D
DEBUG:root:Add InceptionV3/InceptionV3/Mixed_7b/Branch_0/Conv2d_0a_1x1/Conv2D
DEBUG:root:Fetch op InceptionV3/InceptionV3/Mixed_7a/concat 
DEBUG:root:Fetch op InceptionV3/InceptionV3/Mixed_7a/concat 
DEBUG:root:Add InceptionV3/InceptionV3/Mixed_7b/Branch_2/Conv2d_0b_3x3/Conv2D
DEBUG:root:Fetch op InceptionV3/InceptionV3/Mixed_7b/Branch_2/Conv2d_0a_1x1/Conv2D 
DEBUG:root:Fetch op InceptionV3/InceptionV3/Mixed_7b/Branch_2/Conv2d_0a_1x1/Conv2D 
DEBUG:root:Add InceptionV3/InceptionV3/Mixed_7b/Branch_1/Conv2d_0b_3x1/Conv2D
DEBUG:root:Add InceptionV3/InceptionV3/Mixed_7b/Branch_1/Conv2d_0b_1x3/Conv2D
DEBUG:root:Add InceptionV3/InceptionV3/Mixed_7b/Branch_2/Conv2d_0c_1x3/Conv2D
DEBUG:root:Add InceptionV3/InceptionV3/Mixed_7b/Branch_2/Conv2d_0d_3x1/Conv2D
DEBUG:root:Fetch op InceptionV3/InceptionV3/Mixed_7b/Branch_2/Conv2d_0b_3x3/Conv2D 
DEBUG:root:Fetch op InceptionV3/InceptionV3/Mixed_7b/Branch_2/Conv2d_0b_3x3/Conv2D 
DEBUG:root:Add InceptionV3/InceptionV3/Mixed_7b/Branch_3/Conv2d_0b_1x1/Conv2D
DEBUG:root:Fetch op InceptionV3/InceptionV3/Mixed_7b/Branch_1/Conv2d_0b_3x1/Conv2D 
DEBUG:root:Fetch op InceptionV3/InceptionV3/Mixed_7b/Branch_1/Conv2d_0b_3x1/Conv2D 
DEBUG:root:Add InceptionV3/InceptionV3/Mixed_7b/Branch_1/concat
DEBUG:root:Fetch op InceptionV3/InceptionV3/Mixed_7b/Branch_2/Conv2d_0d_3x1/Conv2D 
DEBUG:root:Fetch op InceptionV3/InceptionV3/Mixed_7b/Branch_2/Conv2d_0d_3x1/Conv2D 
DEBUG:root:Add InceptionV3/InceptionV3/Mixed_7b/Branch_2/concat
DEBUG:root:Fetch op InceptionV3/InceptionV3/Mixed_7b/Branch_1/concat 
DEBUG:root:op InceptionV3/InceptionV3/Mixed_7b/Branch_3/Conv2d_0b_1x1/Conv2D CPU and GPU endpoint: 538.451763 543.671365 ,op endpoint 532.636965
DEBUG:root:Fetch op InceptionV3/InceptionV3/Mixed_7b/Branch_3/Conv2d_0b_1x1/Conv2D 
DEBUG:root:op InceptionV3/InceptionV3/Mixed_7b/Branch_2/concat CPU and GPU endpoint: 543.783150 543.671365 ,op endpoint 543.671365
DEBUG:root:Add InceptionV3/InceptionV3/Mixed_7b/concat
DEBUG:root:Fetch op InceptionV3/InceptionV3/Mixed_7b/Branch_2/concat 
DEBUG:root:op InceptionV3/InceptionV3/Mixed_7b/concat CPU and GPU endpoint: 543.783150 544.395240 ,op endpoint 544.395240
DEBUG:root:Add InceptionV3/InceptionV3/Mixed_7c/Branch_1/Conv2d_0a_1x1/Conv2D
DEBUG:root:Add InceptionV3/InceptionV3/Mixed_7c/Branch_0/Conv2d_0a_1x1/Conv2D
DEBUG:root:Add InceptionV3/InceptionV3/Mixed_7c/Branch_3/AvgPool_0a_3x3/AvgPool
DEBUG:root:Add InceptionV3/InceptionV3/Mixed_7c/Branch_2/Conv2d_0a_1x1/Conv2D
DEBUG:root:Fetch op InceptionV3/InceptionV3/Mixed_7b/concat 
DEBUG:root:Fetch op InceptionV3/InceptionV3/Mixed_7b/concat 
DEBUG:root:Add InceptionV3/InceptionV3/Mixed_7c/Branch_2/Conv2d_0b_3x3/Conv2D
DEBUG:root:Fetch op InceptionV3/InceptionV3/Mixed_7c/Branch_2/Conv2d_0a_1x1/Conv2D 
DEBUG:root:Fetch op InceptionV3/InceptionV3/Mixed_7c/Branch_2/Conv2d_0a_1x1/Conv2D 
DEBUG:root:Add InceptionV3/InceptionV3/Mixed_7c/Branch_1/Conv2d_0c_3x1/Conv2D
DEBUG:root:Add InceptionV3/InceptionV3/Mixed_7c/Branch_1/Conv2d_0b_1x3/Conv2D
DEBUG:root:Add InceptionV3/InceptionV3/Mixed_7c/Branch_2/Conv2d_0d_3x1/Conv2D
DEBUG:root:Add InceptionV3/InceptionV3/Mixed_7c/Branch_2/Conv2d_0c_1x3/Conv2D
DEBUG:root:Fetch op InceptionV3/InceptionV3/Mixed_7c/Branch_2/Conv2d_0b_3x3/Conv2D 
DEBUG:root:Fetch op InceptionV3/InceptionV3/Mixed_7c/Branch_2/Conv2d_0b_3x3/Conv2D 
DEBUG:root:Add InceptionV3/InceptionV3/Mixed_7c/Branch_3/Conv2d_0b_1x1/Conv2D
DEBUG:root:Fetch op InceptionV3/InceptionV3/Mixed_7c/Branch_2/Conv2d_0d_3x1/Conv2D 
DEBUG:root:Fetch op InceptionV3/InceptionV3/Mixed_7c/Branch_2/Conv2d_0d_3x1/Conv2D 
DEBUG:root:Add InceptionV3/InceptionV3/Mixed_7c/Branch_2/concat
DEBUG:root:Fetch op InceptionV3/InceptionV3/Mixed_7c/Branch_1/Conv2d_0c_3x1/Conv2D 
DEBUG:root:Fetch op InceptionV3/InceptionV3/Mixed_7c/Branch_1/Conv2d_0c_3x1/Conv2D 
DEBUG:root:Add InceptionV3/InceptionV3/Mixed_7c/Branch_1/concat
DEBUG:root:Fetch op InceptionV3/InceptionV3/Mixed_7c/Branch_2/concat 
DEBUG:root:op InceptionV3/InceptionV3/Mixed_7c/Branch_3/Conv2d_0b_1x1/Conv2D CPU and GPU endpoint: 579.735443 573.855215 ,op endpoint 567.762043
DEBUG:root:Fetch op InceptionV3/InceptionV3/Mixed_7c/Branch_3/Conv2d_0b_1x1/Conv2D 
DEBUG:root:op InceptionV3/InceptionV3/Mixed_7c/Branch_1/concat CPU and GPU endpoint: 579.735443 579.722459 ,op endpoint 579.735443
DEBUG:root:Add InceptionV3/InceptionV3/Mixed_7c/concat
DEBUG:root:Fetch op InceptionV3/InceptionV3/Mixed_7c/Branch_1/concat 
DEBUG:root:op InceptionV3/InceptionV3/Mixed_7c/concat CPU and GPU endpoint: 579.824543 579.722459 ,op endpoint 579.824543
DEBUG:root:Add InceptionV3/Logits/AvgPool_1a_8x8/AvgPool
DEBUG:root:Fetch op InceptionV3/InceptionV3/Mixed_7c/concat 
DEBUG:root:op InceptionV3/Logits/AvgPool_1a_8x8/AvgPool CPU and GPU endpoint: 583.399546 579.722459 ,op endpoint 583.399546
DEBUG:root:Add InceptionV3/Logits/Conv2d_1c_1x1/Conv2D
DEBUG:root:Fetch op InceptionV3/Logits/AvgPool_1a_8x8/AvgPool 
DEBUG:root:op InceptionV3/Logits/Conv2d_1c_1x1/Conv2D CPU and GPU endpoint: 583.658146 579.722459 ,op endpoint 583.658146
DEBUG:root:Add InceptionV3/Logits/Conv2d_1c_1x1/Conv2D___tr4InceptionV3/Logits/SpatialSqueeze
DEBUG:root:Fetch op InceptionV3/Logits/Conv2d_1c_1x1/Conv2D 
DEBUG:root:op InceptionV3/Logits/Conv2d_1c_1x1/Conv2D___tr4InceptionV3/Logits/SpatialSqueeze CPU and GPU endpoint: 585.429546 579.722459 ,op endpoint 585.429546
DEBUG:root:Add InceptionV3/Logits/SpatialSqueeze
DEBUG:root:Fetch op InceptionV3/Logits/Conv2d_1c_1x1/Conv2D___tr4InceptionV3/Logits/SpatialSqueeze 
DEBUG:root:op InceptionV3/Logits/SpatialSqueeze CPU and GPU endpoint: 585.435796 579.722459 ,op endpoint 585.435796
DEBUG:root:Add InceptionV3/Predictions/Shape
DEBUG:root:Add InceptionV3/Predictions/Reshape
DEBUG:root:Fetch op InceptionV3/Logits/SpatialSqueeze 
DEBUG:root:op InceptionV3/Predictions/Reshape CPU and GPU endpoint: 585.438511 579.722459 ,op endpoint 585.438511
DEBUG:root:Add InceptionV3/Predictions/Softmax
DEBUG:root:Fetch op InceptionV3/Predictions/Reshape 
DEBUG:root:op InceptionV3/Predictions/Shape CPU and GPU endpoint: 585.441261 579.722459 ,op endpoint 585.438511
DEBUG:root:Fetch op InceptionV3/Predictions/Shape 
DEBUG:root:op InceptionV3/Predictions/Softmax CPU and GPU endpoint: 585.441261 579.722459 ,op endpoint 585.441261
DEBUG:root:Add InceptionV3/Predictions/Reshape_1
DEBUG:root:Fetch op InceptionV3/Predictions/Softmax 
DEBUG:root:op InceptionV3/Predictions/Reshape_1 CPU and GPU endpoint: 585.475261 579.722459 ,op endpoint 585.475261
